<?xml version="1.0" encoding="UTF-8" ?>
<testsuite errors="0" failures="0" hostname="sepehr-UX310UQK" name="org.apache.commons.compress.archivers.zip.UTF8ZipFilesTest" skipped="0" tests="12" time="0.129" timestamp="2023-01-05T19:46:11">
  <properties>
    <property name="java.vendor" value="Private Build" />
    <property name="maven.compile.source" value="1.4" />
    <property name="sun.java.launcher" value="SUN_STANDARD" />
    <property name="sun.management.compiler" value="HotSpot 64-Bit Tiered Compilers" />
    <property name="maven.build.srcDir.0" value="src/main/java" />
    <property name="commons.binary.suffix" value="-bin" />
    <property name="os.name" value="Linux" />
    <property name="clover.historical.json" value="true" />
    <property name="commons.manifestfile" value="target/osgi/MANIFEST.MF" />
    <property name="sun.boot.class.path" value="/usr/lib/jvm/java-8-openjdk-amd64/jre/lib/resources.jar:/usr/lib/jvm/java-8-openjdk-amd64/jre/lib/rt.jar:/usr/lib/jvm/java-8-openjdk-amd64/jre/lib/sunrsasign.jar:/usr/lib/jvm/java-8-openjdk-amd64/jre/lib/jsse.jar:/usr/lib/jvm/java-8-openjdk-amd64/jre/lib/jce.jar:/usr/lib/jvm/java-8-openjdk-amd64/jre/lib/charsets.jar:/usr/lib/jvm/java-8-openjdk-amd64/jre/lib/jfr.jar:/usr/lib/jvm/java-8-openjdk-amd64/jre/classes" />
    <property name="sun.desktop" value="gnome" />
    <property name="java.vm.specification.vendor" value="Oracle Corporation" />
    <property name="ant.home" value="/usr/share/ant" />
    <property name="java.runtime.version" value="1.8.0_352-8u352-ga-1~20.04-b08" />
    <property name="maven.build.resourceDir.0" value="." />
    <property name="project.build.sourceEncoding" value="UTF-8" />
    <property name="clover.project.historydir" value="/home/sepehr/masters/test_generation/all_projects_coverage/Compress1f/.cloverhistory/commons-compress" />
    <property name="clover.flushinterval" value="100" />
    <property name="user.name" value="sepehr" />
    <property name="maven.build.outputDir" value="target/classes" />
    <property name="commons.componentid" value="compress" />
    <property name="maven.repo.local" value="/home/sepehr/.m2/repository" />
    <property name="maven.build.finalName" value="commons-compress-1.0-SNAPSHOT" />
    <property name="commons.osgi.private" value="" />
    <property name="maven.build.testDir.0" value="src/test/java" />
    <property name="user.language" value="en" />
    <property name="sun.boot.library.path" value="/usr/lib/jvm/java-8-openjdk-amd64/jre/lib/amd64" />
    <property name="commons.osgi.export" value="org.apache.commons.*;version=1.0-SNAPSHOT" />
    <property name="ant.file.type.commons-compress" value="file" />
    <property name="ant.project.default-target" value="package" />
    <property name="maven.reporting.outputDirectory" value="target/site" />
    <property name="commons.encoding" value="iso-8859-1" />
    <property name="ant.project.name" value="commons-compress" />
    <property name="java.version" value="1.8.0_352" />
    <property name="user.timezone" value="" />
    <property name="organization.logo" value="http://www.apache.org/images/asf_logo_wide.gif" />
    <property name="sun.arch.data.model" value="64" />
    <property name="java.endorsed.dirs" value="/usr/lib/jvm/java-8-openjdk-amd64/jre/lib/endorsed" />
    <property name="sun.cpu.isalist" value="" />
    <property name="sun.jnu.encoding" value="UTF-8" />
    <property name="file.encoding.pkg" value="sun.io" />
    <property name="commons.rc.version" value="RC1" />
    <property name="file.separator" value="/" />
    <property name="java.specification.name" value="Java Platform API Specification" />
    <property name="clover.initstring" value="/home/sepehr/masters/test_generation/all_projects_coverage/Compress1f/.clover/clover4_4_1.db" />
    <property name="java.class.version" value="52.0" />
    <property name="user.country" value="US" />
    <property name="java.home" value="/usr/lib/jvm/java-8-openjdk-amd64/jre" />
    <property name="clover.dir" value="/home/sepehr/masters/test_generation/all_projects_coverage/Compress1f/clover" />
    <property name="java.vm.info" value="mixed mode" />
    <property name="commons.release.name" value="commons-compress-1.0" />
    <property name="ant.file.type.commons-compress-from-maven" value="file" />
    <property name="ant.file" value="/home/sepehr/masters/test_generation/all_projects_coverage/Compress1f/build.xml" />
    <property name="os.version" value="5.15.0-56-generic" />
    <property name="maven.build.testOutputDir" value="target/test-classes" />
    <property name="project.reporting.outputEncoding" value="UTF-8" />
    <property name="path.separator" value=":" />
    <property name="java.vm.version" value="25.352-b08" />
    <property name="maven.build.dir" value="target" />
    <property name="maven.test.reports" value="target/test-reports" />
    <property name="ant.library.dir" value="/usr/share/ant/lib" />
    <property name="clover.jar" value="/home/sepehr/masters/test_generation/all_projects_coverage/Compress1f/${clover.home}/clover.jar" />
    <property name="java.awt.printerjob" value="sun.print.PSPrinterJob" />
    <property name="sun.io.unicode.encoding" value="UnicodeLittle" />
    <property name="commons.release.version" value="1.0" />
    <property name="java.specification.maintenance.version" value="4" />
    <property name="awt.toolkit" value="sun.awt.X11.XToolkit" />
    <property name="ant.file.commons-compress-from-maven" value="/home/sepehr/masters/test_generation/all_projects_coverage/Compress1f/maven-build.xml" />
    <property name="project.build.outputDirectory" value="target/classes" />
    <property name="user.home" value="/home/sepehr" />
    <property name="commons.docEncoding" value="iso-8859-1" />
    <property name="java.specification.vendor" value="Oracle Corporation" />
    <property name="clover.span" value="1day" />
    <property name="clover.dest" value="/home/sepehr/masters/test_generation/all_projects_coverage/Compress1f/clover/commons-compress" />
    <property name="java.vendor.url" value="http://java.oracle.com/" />
    <property name="java.library.path" value="/usr/java/packages/lib/amd64:/usr/lib/x86_64-linux-gnu/jni:/lib/x86_64-linux-gnu:/usr/lib/x86_64-linux-gnu:/usr/lib/jni:/lib:/usr/lib" />
    <property name="test.target" value="test" />
    <property name="maven.settings.offline" value="false" />
    <property name="commons.deployment.protocol" value="scp" />
    <property name="java.vm.vendor" value="Private Build" />
    <property name="maven.settings.interactiveMode" value="true" />
    <property name="java.runtime.name" value="OpenJDK Runtime Environment" />
    <property name="ant.version" value="Apache Ant(TM) version 1.10.7 compiled on October 24 2019" />
    <property name="java.class.path" value="/home/sepehr/.ant/lib/clover.jar:/home/sepehr/.m2/repository/junit/junit/3.8.2/junit-3.8.2.jar:/home/sepehr/masters/test_generation/all_projects_coverage/Compress1f/target/classes:/home/sepehr/masters/test_generation/all_projects_coverage/Compress1f/target/test-classes:/home/sepehr/.ant/lib/evosuite-1.0.6.jar:/usr/share/java/ant-launcher-1.10.7.jar:/usr/share/ant/lib/ant.jar:/usr/share/ant/lib/ant-junit.jar:/usr/share/ant/lib/ant-junit4.jar" />
    <property name="sun.java.command" value="org.apache.tools.ant.taskdefs.optional.junit.JUnitTestRunner org.apache.commons.compress.archivers.zip.UTF8ZipFilesTest skipNonTests=false filtertrace=true haltOnError=false haltOnFailure=false formatter=org.apache.tools.ant.taskdefs.optional.junit.SummaryJUnitResultFormatter showoutput=false outputtoformatters=true logfailedtests=true threadid=0 logtestlistenerevents=false formatter=org.apache.tools.ant.taskdefs.optional.junit.XMLJUnitResultFormatter,/home/sepehr/masters/test_generation/all_projects_coverage/Compress1f/target/test-reports/TEST-org.apache.commons.compress.archivers.zip.UTF8ZipFilesTest.xml formatter=org.apache.tools.ant.taskdefs.optional.junit.PlainJUnitResultFormatter crashfile=/home/sepehr/masters/test_generation/all_projects_coverage/Compress1f/junitvmwatcher5604317683545810120.properties propsfile=/home/sepehr/masters/test_generation/all_projects_coverage/Compress1f/junit2359451346181714116.properties" />
    <property name="maven.compile.target" value="1.4" />
    <property name="project.name" value="commons-compress" />
    <property name="project.build.directory" value="target" />
    <property name="commons.jira.pid" value="12310904" />
    <property name="java.vm.specification.name" value="Java Virtual Machine Specification" />
    <property name="clover.snapshot.file" value="/home/sepehr/masters/test_generation/all_projects_coverage/Compress1f/.cloverhistory/commons-compress/clover.snapshot" />
    <property name="ant.file.type" value="file" />
    <property name="java.vm.specification.version" value="1.8" />
    <property name="sun.os.patch.level" value="unknown" />
    <property name="sun.cpu.endian" value="little" />
    <property name="java.io.tmpdir" value="/tmp" />
    <property name="junit.present" value="true" />
    <property name="project.title" value="commons-compress" />
    <property name="java.vendor.url.bug" value="http://bugreport.sun.com/bugreport/" />
    <property name="java.awt.graphicsenv" value="sun.awt.X11GraphicsEnvironment" />
    <property name="os.arch" value="amd64" />
    <property name="clover.jarpath" value="/home/sepehr/.ant/lib/clover.jar" />
    <property name="maven.build.testResourceDir.0" value="src/test/resources" />
    <property name="commons.osgi.dynamicImport" value="" />
    <property name="java.ext.dirs" value="/usr/lib/jvm/java-8-openjdk-amd64/jre/lib/ext:/usr/java/packages/lib/ext" />
    <property name="user.dir" value="/home/sepehr/masters/test_generation/all_projects_coverage/Compress1f" />
    <property name="commons.osgi.symbolicName" value="org.apache.commons.compress" />
    <property name="line.separator" value="&#xa;" />
    <property name="java.vm.name" value="OpenJDK 64-Bit Server VM" />
    <property name="basedir" value="." />
    <property name="ant.java.version" value="1.8" />
    <property name="ant.core.lib" value="/usr/share/ant/lib/ant.jar" />
    <property name="file.encoding" value="UTF-8" />
    <property name="build.compiler" value="com.atlassian.clover.ant.taskdefs.CloverCompilerAdapter" />
    <property name="clover.historydir" value="/home/sepehr/masters/test_generation/all_projects_coverage/Compress1f/.cloverhistory" />
    <property name="commons.osgi.import" value="*" />
    <property name="java.specification.version" value="1.8" />
    <property name="ant.project.invoked-targets" value="with.clover,test,clover.report" />
    <property name="commons.jira.id" value="COMPRESS" />
    <property name="ant.file.commons-compress" value="/home/sepehr/masters/test_generation/all_projects_coverage/Compress1f/build.xml" />
    <property name="clover.flushpolicy" value="directed" />
  </properties>
  <testcase classname="org.apache.commons.compress.archivers.zip.UTF8ZipFilesTest" name="testCP437FileRoundtripExplicitUnicodeExtra" time="0.054" />
  <testcase classname="org.apache.commons.compress.archivers.zip.UTF8ZipFilesTest" name="testUtf8FileRoundtripNoEFSExplicitUnicodeExtra" time="0.005" />
  <testcase classname="org.apache.commons.compress.archivers.zip.UTF8ZipFilesTest" name="testASCIIFileRoundtripExplicitUnicodeExtra" time="0.004" />
  <testcase classname="org.apache.commons.compress.archivers.zip.UTF8ZipFilesTest" name="testUtf8FileRoundtripImplicitUnicodeExtra" time="0.004" />
  <testcase classname="org.apache.commons.compress.archivers.zip.UTF8ZipFilesTest" name="testUtf8FileRoundtripNoEFSImplicitUnicodeExtra" time="0.003" />
  <testcase classname="org.apache.commons.compress.archivers.zip.UTF8ZipFilesTest" name="testUtf8FileRoundtripExplicitUnicodeExtra" time="0.003" />
  <testcase classname="org.apache.commons.compress.archivers.zip.UTF8ZipFilesTest" name="testCP437FileRoundtripImplicitUnicodeExtra" time="0.003" />
  <testcase classname="org.apache.commons.compress.archivers.zip.UTF8ZipFilesTest" name="testASCIIFileRoundtripImplicitUnicodeExtra" time="0.003" />
  <testcase classname="org.apache.commons.compress.archivers.zip.UTF8ZipFilesTest" name="testRead7ZipArchive" time="0.002" />
  <testcase classname="org.apache.commons.compress.archivers.zip.UTF8ZipFilesTest" name="testReadWinZipArchive" time="0.003" />
  <testcase classname="org.apache.commons.compress.archivers.zip.UTF8ZipFilesTest" name="testZipFileReadsUnicodeFields" time="0.003" />
  <testcase classname="org.apache.commons.compress.archivers.zip.UTF8ZipFilesTest" name="testUtf8Interoperability" time="0.002" />
  <system-out><![CDATA[]]></system-out>
  <system-err><![CDATA[]]></system-err>
</testsuite>
