<?xml version="1.0" encoding="UTF-8" ?>
<testsuite errors="0" failures="0" hostname="sepehr-UX310UQK" name="com.google.javascript.jscomp.NameAnalyzerTest" skipped="0" tests="333" time="1.748" timestamp="2023-01-02T22:16:02">
  <properties>
    <property name="java.vendor" value="Private Build" />
    <property name="lib.dir" value="/home/sepehr/masters/test_generation/all_projects_coverage/Closure1f/lib" />
    <property name="sun.java.launcher" value="SUN_STANDARD" />
    <property name="sun.management.compiler" value="HotSpot 64-Bit Tiered Compilers" />
    <property name="os.name" value="Linux" />
    <property name="clover.historical.json" value="true" />
    <property name="sun.boot.class.path" value="/usr/lib/jvm/java-8-openjdk-amd64/jre/lib/resources.jar:/usr/lib/jvm/java-8-openjdk-amd64/jre/lib/rt.jar:/usr/lib/jvm/java-8-openjdk-amd64/jre/lib/sunrsasign.jar:/usr/lib/jvm/java-8-openjdk-amd64/jre/lib/jsse.jar:/usr/lib/jvm/java-8-openjdk-amd64/jre/lib/jce.jar:/usr/lib/jvm/java-8-openjdk-amd64/jre/lib/charsets.jar:/usr/lib/jvm/java-8-openjdk-amd64/jre/lib/jfr.jar:/usr/lib/jvm/java-8-openjdk-amd64/jre/classes" />
    <property name="build.svnVersion" value="Unversioned directory" />
    <property name="sun.desktop" value="gnome" />
    <property name="maven-repository-id" value="sonatype-nexus-staging" />
    <property name="java.vm.specification.vendor" value="Oracle Corporation" />
    <property name="ant.home" value="/usr/share/ant" />
    <property name="jsonml-jarfile" value="/home/sepehr/masters/test_generation/all_projects_coverage/Closure1f/build/secure_compiler.jar" />
    <property name="java.runtime.version" value="1.8.0_352-8u352-ga-1~20.04-b08" />
    <property name="gen.dir" value="/home/sepehr/masters/test_generation/all_projects_coverage/Closure1f/gen" />
    <property name="clover.project.historydir" value="/home/sepehr/masters/test_generation/all_projects_coverage/Closure1f/.cloverhistory/compiler" />
    <property name="clover.flushinterval" value="100" />
    <property name="user.name" value="sepehr" />
    <property name="ant.file.compiler" value="/home/sepehr/masters/test_generation/all_projects_coverage/Closure1f/build.xml" />
    <property name="build.dir" value="/home/sepehr/masters/test_generation/all_projects_coverage/Closure1f/build" />
    <property name="jsonml.dir" value="/home/sepehr/masters/test_generation/all_projects_coverage/Closure1f/src/com/google/javascript/jscomp/jsonml" />
    <property name="ant.build.javac.target" value="1.6" />
    <property name="stylesheetfile" value="/home/sepehr/masters/test_generation/all_projects_coverage/Closure1f/build/javadoc/dev_javadoc.css" />
    <property name="user.language" value="en" />
    <property name="sun.boot.library.path" value="/usr/lib/jvm/java-8-openjdk-amd64/jre/lib/amd64" />
    <property name="ant.project.default-target" value="jar" />
    <property name="ant.project.name" value="compiler" />
    <property name="java.version" value="1.8.0_352" />
    <property name="user.timezone" value="" />
    <property name="sun.arch.data.model" value="64" />
    <property name="java.endorsed.dirs" value="/usr/lib/jvm/java-8-openjdk-amd64/jre/lib/endorsed" />
    <property name="sun.cpu.isalist" value="" />
    <property name="sun.jnu.encoding" value="UTF-8" />
    <property name="file.encoding.pkg" value="sun.io" />
    <property name="file.separator" value="/" />
    <property name="java.specification.name" value="Java Platform API Specification" />
    <property name="protoc.executable" value="protoc" />
    <property name="classes.dir" value="/home/sepehr/masters/test_generation/all_projects_coverage/Closure1f/build/classes" />
    <property name="clover.initstring" value="/home/sepehr/masters/test_generation/all_projects_coverage/Closure1f/.clover/clover4_4_1.db" />
    <property name="java.class.version" value="52.0" />
    <property name="testClasses.dir" value="/home/sepehr/masters/test_generation/all_projects_coverage/Closure1f/build/test" />
    <property name="user.country" value="US" />
    <property name="jsonml-classes.dir" value="/home/sepehr/masters/test_generation/all_projects_coverage/Closure1f/build/jsonml-classes" />
    <property name="java.home" value="/usr/lib/jvm/java-8-openjdk-amd64/jre" />
    <property name="clover.dir" value="/home/sepehr/masters/test_generation/all_projects_coverage/Closure1f/clover" />
    <property name="java.vm.info" value="mixed mode" />
    <property name="externs.dir" value="/home/sepehr/masters/test_generation/all_projects_coverage/Closure1f/externs" />
    <property name="ant.file" value="/home/sepehr/masters/test_generation/all_projects_coverage/Closure1f/build.xml" />
    <property name="os.version" value="5.15.0-56-generic" />
    <property name="javac.debug" value="on" />
    <property name="path.separator" value=":" />
    <property name="java.vm.version" value="25.352-b08" />
    <property name="num-fuzz-tests" value="10000" />
    <property name="ant.library.dir" value="/usr/share/ant/lib" />
    <property name="clover.jar" value="/home/sepehr/masters/test_generation/all_projects_coverage/Closure1f/${clover.home}/clover.jar" />
    <property name="java.awt.printerjob" value="sun.print.PSPrinterJob" />
    <property name="webservice-jarfile" value="/home/sepehr/masters/test_generation/all_projects_coverage/Closure1f/build/webservice.jar" />
    <property name="sun.io.unicode.encoding" value="UnicodeLittle" />
    <property name="test.fork" value="true" />
    <property name="webservice.dir" value="/home/sepehr/masters/test_generation/all_projects_coverage/Closure1f/src/com/google/javascript/jscomp/webservice" />
    <property name="java.specification.maintenance.version" value="4" />
    <property name="awt.toolkit" value="sun.awt.X11.XToolkit" />
    <property name="buildlib.dir" value="/home/sepehr/masters/test_generation/all_projects_coverage/Closure1f/build/lib" />
    <property name="ant.build.javac.source" value="1.6" />
    <property name="user.home" value="/home/sepehr" />
    <property name="java.specification.vendor" value="Oracle Corporation" />
    <property name="test.dir" value="/home/sepehr/masters/test_generation/all_projects_coverage/Closure1f/test" />
    <property name="clover.dest" value="/home/sepehr/masters/test_generation/all_projects_coverage/Closure1f/clover/compiler" />
    <property name="clover.span" value="1day" />
    <property name="java.library.path" value="/usr/java/packages/lib/amd64:/usr/lib/x86_64-linux-gnu/jni:/lib/x86_64-linux-gnu:/usr/lib/x86_64-linux-gnu:/usr/lib/jni:/lib:/usr/lib" />
    <property name="java.vendor.url" value="http://java.oracle.com/" />
    <property name="test.target" value="test" />
    <property name="java.vm.vendor" value="Private Build" />
    <property name="java.runtime.name" value="OpenJDK Runtime Environment" />
    <property name="ant.version" value="Apache Ant(TM) version 1.10.7 compiled on October 24 2019" />
    <property name="java.class.path" value="/home/sepehr/.ant/lib/clover.jar:/home/sepehr/masters/test_generation/all_projects_coverage/Closure1f/build/classes:/home/sepehr/masters/test_generation/all_projects_coverage/Closure1f/lib/ant-launcher.jar:/home/sepehr/masters/test_generation/all_projects_coverage/Closure1f/lib/ant.jar:/home/sepehr/masters/test_generation/all_projects_coverage/Closure1f/lib/args4j.jar:/home/sepehr/masters/test_generation/all_projects_coverage/Closure1f/lib/caja-r4314.jar:/home/sepehr/masters/test_generation/all_projects_coverage/Closure1f/lib/guava.jar:/home/sepehr/masters/test_generation/all_projects_coverage/Closure1f/lib/jarjar.jar:/home/sepehr/masters/test_generation/all_projects_coverage/Closure1f/lib/json.jar:/home/sepehr/masters/test_generation/all_projects_coverage/Closure1f/lib/jsr305.jar:/home/sepehr/masters/test_generation/all_projects_coverage/Closure1f/lib/junit.jar:/home/sepehr/masters/test_generation/all_projects_coverage/Closure1f/lib/protobuf-java.jar:/home/sepehr/masters/test_generation/all_projects_coverage/Closure1f/build/lib/rhino.jar:/home/sepehr/masters/test_generation/all_projects_coverage/Closure1f/build/test:/home/sepehr/.ant/lib/evosuite-1.0.6.jar:/usr/share/java/ant-launcher-1.10.7.jar:/usr/share/ant/lib/ant.jar:/usr/share/ant/lib/ant-junit.jar:/usr/share/ant/lib/ant-junit4.jar" />
    <property name="sun.java.command" value="org.apache.tools.ant.taskdefs.optional.junit.JUnitTestRunner testsfile=/home/sepehr/masters/test_generation/all_projects_coverage/Closure1f/junittestcases9010501712861874427.properties skipNonTests=false filtertrace=true haltOnError=false haltOnFailure=false formatter=org.apache.tools.ant.taskdefs.optional.junit.SummaryJUnitResultFormatter showoutput=true outputtoformatters=true logfailedtests=true threadid=0 logtestlistenerevents=false formatter=org.apache.tools.ant.taskdefs.optional.junit.BriefJUnitResultFormatter formatter=org.apache.tools.ant.taskdefs.optional.junit.XMLJUnitResultFormatter,/home/sepehr/masters/test_generation/all_projects_coverage/Closure1f/build/testoutput/IGNORETHIS.xml crashfile=/home/sepehr/masters/test_generation/all_projects_coverage/Closure1f/junitvmwatcher5359982851335479822.properties propsfile=/home/sepehr/masters/test_generation/all_projects_coverage/Closure1f/junit6549952695583376702.properties" />
    <property name="project.name" value="compiler" />
    <property name="test.class" value="*Test" />
    <property name="java.vm.specification.name" value="Java Virtual Machine Specification" />
    <property name="clover.snapshot.file" value="/home/sepehr/masters/test_generation/all_projects_coverage/Closure1f/.cloverhistory/compiler/clover.snapshot" />
    <property name="ant.file.type" value="file" />
    <property name="java.vm.specification.version" value="1.8" />
    <property name="sun.os.patch.level" value="unknown" />
    <property name="sun.cpu.endian" value="little" />
    <property name="java.io.tmpdir" value="/tmp" />
    <property name="project.title" value="compiler" />
    <property name="java.vendor.url.bug" value="http://bugreport.sun.com/bugreport/" />
    <property name="java.awt.graphicsenv" value="sun.awt.X11GraphicsEnvironment" />
    <property name="os.arch" value="amd64" />
    <property name="clover.jarpath" value="/home/sepehr/.ant/lib/clover.jar" />
    <property name="maven-repository-url" value="https://oss.sonatype.org/service/local/staging/deploy/maven2/" />
    <property name="webservice-classes.dir" value="/home/sepehr/masters/test_generation/all_projects_coverage/Closure1f/build/webservice-classes" />
    <property name="java.ext.dirs" value="/usr/lib/jvm/java-8-openjdk-amd64/jre/lib/ext:/usr/java/packages/lib/ext" />
    <property name="user.dir" value="/home/sepehr/masters/test_generation/all_projects_coverage/Closure1f" />
    <property name="ant.file.type.compiler" value="file" />
    <property name="line.separator" value="&#xa;" />
    <property name="java.vm.name" value="OpenJDK 64-Bit Server VM" />
    <property name="basedir" value="/home/sepehr/masters/test_generation/all_projects_coverage/Closure1f" />
    <property name="ant.java.version" value="1.8" />
    <property name="ant.core.lib" value="/usr/share/ant/lib/ant.jar" />
    <property name="file.encoding" value="UTF-8" />
    <property name="closure.build.dir" value="/home/sepehr/masters/test_generation/all_projects_coverage/Closure1f/build" />
    <property name="build.compiler" value="com.atlassian.clover.ant.taskdefs.CloverCompilerAdapter" />
    <property name="compiler-jarfile" value="/home/sepehr/masters/test_generation/all_projects_coverage/Closure1f/build/compiler.jar" />
    <property name="clover.historydir" value="/home/sepehr/masters/test_generation/all_projects_coverage/Closure1f/.cloverhistory" />
    <property name="java.specification.version" value="1.8" />
    <property name="src.dir" value="/home/sepehr/masters/test_generation/all_projects_coverage/Closure1f/src" />
    <property name="ant.project.invoked-targets" value="with.clover,test,clover.report" />
    <property name="javadoc.dir" value="/home/sepehr/masters/test_generation/all_projects_coverage/Closure1f/build/javadoc" />
    <property name="tools.dir" value="/home/sepehr/masters/test_generation/all_projects_coverage/Closure1f/tools" />
    <property name="clover.flushpolicy" value="directed" />
  </properties>
  <testcase classname="com.google.javascript.jscomp.NameAnalyzerTest" name="testExtern" time="0.004" />
  <testcase classname="com.google.javascript.jscomp.NameAnalyzerTest" name="testBug2099540" time="0.005" />
  <testcase classname="com.google.javascript.jscomp.NameAnalyzerTest" name="testExternName1" time="0.004" />
  <testcase classname="com.google.javascript.jscomp.NameAnalyzerTest" name="testOtherGlobal" time="0.004" />
  <testcase classname="com.google.javascript.jscomp.NameAnalyzerTest" name="testInherits1" time="0.003" />
  <testcase classname="com.google.javascript.jscomp.NameAnalyzerTest" name="testRemoveVarDeclaration1" time="0.003" />
  <testcase classname="com.google.javascript.jscomp.NameAnalyzerTest" name="testRemoveVarDeclaration2" time="0.004" />
  <testcase classname="com.google.javascript.jscomp.NameAnalyzerTest" name="testRemoveVarDeclaration3" time="0.003" />
  <testcase classname="com.google.javascript.jscomp.NameAnalyzerTest" name="testRemoveVarDeclaration4" time="0.004" />
  <testcase classname="com.google.javascript.jscomp.NameAnalyzerTest" name="testRemoveVarDeclaration5" time="0.004" />
  <testcase classname="com.google.javascript.jscomp.NameAnalyzerTest" name="testRemoveVarDeclaration6" time="0.003" />
  <testcase classname="com.google.javascript.jscomp.NameAnalyzerTest" name="testRemoveVarDeclaration7" time="0.003" />
  <testcase classname="com.google.javascript.jscomp.NameAnalyzerTest" name="testRemoveVarDeclaration8" time="0.091" />
  <testcase classname="com.google.javascript.jscomp.NameAnalyzerTest" name="testRemoveDeclaration3" time="0.006" />
  <testcase classname="com.google.javascript.jscomp.NameAnalyzerTest" name="testRemoveDeclaration4" time="0.012" />
  <testcase classname="com.google.javascript.jscomp.NameAnalyzerTest" name="testRemoveDeclaration5" time="0.006" />
  <testcase classname="com.google.javascript.jscomp.NameAnalyzerTest" name="testRemoveDeclaration6" time="0.005" />
  <testcase classname="com.google.javascript.jscomp.NameAnalyzerTest" name="testRemoveDeclaration7" time="0.006" />
  <testcase classname="com.google.javascript.jscomp.NameAnalyzerTest" name="testRemoveFunction1" time="0.004" />
  <testcase classname="com.google.javascript.jscomp.NameAnalyzerTest" name="testRemoveFunction2" time="0.005" />
  <testcase classname="com.google.javascript.jscomp.NameAnalyzerTest" name="testRemoveFunction3" time="0.004" />
  <testcase classname="com.google.javascript.jscomp.NameAnalyzerTest" name="testRemoveFunction4" time="0.005" />
  <testcase classname="com.google.javascript.jscomp.NameAnalyzerTest" name="testReferredToByWindow" time="0.006" />
  <testcase classname="com.google.javascript.jscomp.NameAnalyzerTest" name="testRemoveNamedFunction" time="0.005" />
  <testcase classname="com.google.javascript.jscomp.NameAnalyzerTest" name="testRemoveRecursiveFunction1" time="0.004" />
  <testcase classname="com.google.javascript.jscomp.NameAnalyzerTest" name="testRemoveRecursiveFunction2" time="0.005" />
  <testcase classname="com.google.javascript.jscomp.NameAnalyzerTest" name="testRemoveRecursiveFunction2a" time="0.005" />
  <testcase classname="com.google.javascript.jscomp.NameAnalyzerTest" name="testRemoveRecursiveFunction3" time="0.005" />
  <testcase classname="com.google.javascript.jscomp.NameAnalyzerTest" name="testRemoveRecursiveFunction4" time="0.006" />
  <testcase classname="com.google.javascript.jscomp.NameAnalyzerTest" name="testRemoveRecursiveFunction5" time="0.005" />
  <testcase classname="com.google.javascript.jscomp.NameAnalyzerTest" name="testRemoveRecursiveFunction6" time="0.005" />
  <testcase classname="com.google.javascript.jscomp.NameAnalyzerTest" name="testRemoveRecursiveFunction7" time="0.009" />
  <testcase classname="com.google.javascript.jscomp.NameAnalyzerTest" name="testRemoveRecursiveFunction8" time="0.005" />
  <testcase classname="com.google.javascript.jscomp.NameAnalyzerTest" name="testRemoveRecursiveFunction9" time="0.006" />
  <testcase classname="com.google.javascript.jscomp.NameAnalyzerTest" name="testSideEffectClassification1" time="0.004" />
  <testcase classname="com.google.javascript.jscomp.NameAnalyzerTest" name="testSideEffectClassification2" time="0.004" />
  <testcase classname="com.google.javascript.jscomp.NameAnalyzerTest" name="testSideEffectClassification3" time="0.005" />
  <testcase classname="com.google.javascript.jscomp.NameAnalyzerTest" name="testSideEffectClassification4" time="0.005" />
  <testcase classname="com.google.javascript.jscomp.NameAnalyzerTest" name="testSideEffectClassification5" time="0.006" />
  <testcase classname="com.google.javascript.jscomp.NameAnalyzerTest" name="testSideEffectClassification6" time="0.004" />
  <testcase classname="com.google.javascript.jscomp.NameAnalyzerTest" name="testSideEffectClassification7" time="0.005" />
  <testcase classname="com.google.javascript.jscomp.NameAnalyzerTest" name="testNoSideEffectAnnotation1" time="0.005" />
  <testcase classname="com.google.javascript.jscomp.NameAnalyzerTest" name="testNoSideEffectAnnotation2" time="0.004" />
  <testcase classname="com.google.javascript.jscomp.NameAnalyzerTest" name="testNoSideEffectAnnotation3" time="0.005" />
  <testcase classname="com.google.javascript.jscomp.NameAnalyzerTest" name="testNoSideEffectAnnotation4" time="0.004" />
  <testcase classname="com.google.javascript.jscomp.NameAnalyzerTest" name="testNoSideEffectAnnotation5" time="0.006" />
  <testcase classname="com.google.javascript.jscomp.NameAnalyzerTest" name="testNoSideEffectAnnotation6" time="0.004" />
  <testcase classname="com.google.javascript.jscomp.NameAnalyzerTest" name="testNoSideEffectAnnotation7" time="0.005" />
  <testcase classname="com.google.javascript.jscomp.NameAnalyzerTest" name="testNoSideEffectAnnotation8" time="0.004" />
  <testcase classname="com.google.javascript.jscomp.NameAnalyzerTest" name="testNoSideEffectAnnotation9" time="0.007" />
  <testcase classname="com.google.javascript.jscomp.NameAnalyzerTest" name="testNoSideEffectAnnotation10" time="0.006" />
  <testcase classname="com.google.javascript.jscomp.NameAnalyzerTest" name="testNoSideEffectAnnotation11" time="0.004" />
  <testcase classname="com.google.javascript.jscomp.NameAnalyzerTest" name="testNoSideEffectAnnotation12" time="0.005" />
  <testcase classname="com.google.javascript.jscomp.NameAnalyzerTest" name="testNoSideEffectAnnotation13" time="0.004" />
  <testcase classname="com.google.javascript.jscomp.NameAnalyzerTest" name="testNoSideEffectAnnotation14" time="0.005" />
  <testcase classname="com.google.javascript.jscomp.NameAnalyzerTest" name="testNoSideEffectAnnotation15" time="0.007" />
  <testcase classname="com.google.javascript.jscomp.NameAnalyzerTest" name="testNoSideEffectAnnotation16" time="0.005" />
  <testcase classname="com.google.javascript.jscomp.NameAnalyzerTest" name="testFunctionPrototype" time="0.005" />
  <testcase classname="com.google.javascript.jscomp.NameAnalyzerTest" name="testTopLevelClass1" time="0.005" />
  <testcase classname="com.google.javascript.jscomp.NameAnalyzerTest" name="testTopLevelClass2" time="0.006" />
  <testcase classname="com.google.javascript.jscomp.NameAnalyzerTest" name="testTopLevelClass3" time="0.004" />
  <testcase classname="com.google.javascript.jscomp.NameAnalyzerTest" name="testTopLevelClass4" time="0.006" />
  <testcase classname="com.google.javascript.jscomp.NameAnalyzerTest" name="testTopLevelClass5" time="0.006" />
  <testcase classname="com.google.javascript.jscomp.NameAnalyzerTest" name="testTopLevelClass6" time="0.007" />
  <testcase classname="com.google.javascript.jscomp.NameAnalyzerTest" name="testTopLevelClass7" time="0.004" />
  <testcase classname="com.google.javascript.jscomp.NameAnalyzerTest" name="testNamespacedClass1" time="0.005" />
  <testcase classname="com.google.javascript.jscomp.NameAnalyzerTest" name="testNamespacedClass2" time="0.006" />
  <testcase classname="com.google.javascript.jscomp.NameAnalyzerTest" name="testNamespacedClass3" time="0.005" />
  <testcase classname="com.google.javascript.jscomp.NameAnalyzerTest" name="testNamespacedClass4" time="0.007" />
  <testcase classname="com.google.javascript.jscomp.NameAnalyzerTest" name="testNamespacedClass5" time="0.008" />
  <testcase classname="com.google.javascript.jscomp.NameAnalyzerTest" name="testAssignmentToThisPrototype" time="0.007" />
  <testcase classname="com.google.javascript.jscomp.NameAnalyzerTest" name="testAssignmentToCallResultPrototype" time="0.006" />
  <testcase classname="com.google.javascript.jscomp.NameAnalyzerTest" name="testAssignmentToExternPrototype" time="0.004" />
  <testcase classname="com.google.javascript.jscomp.NameAnalyzerTest" name="testAssignmentToUnknownPrototype" time="0.007" />
  <testcase classname="com.google.javascript.jscomp.NameAnalyzerTest" name="testInherits2" time="0.005" />
  <testcase classname="com.google.javascript.jscomp.NameAnalyzerTest" name="testInherits3" time="0.005" />
  <testcase classname="com.google.javascript.jscomp.NameAnalyzerTest" name="testInherits4" time="0.006" />
  <testcase classname="com.google.javascript.jscomp.NameAnalyzerTest" name="testInherits5" time="0.004" />
  <testcase classname="com.google.javascript.jscomp.NameAnalyzerTest" name="testInherits6" time="0.005" />
  <testcase classname="com.google.javascript.jscomp.NameAnalyzerTest" name="testInherits7" time="0.007" />
  <testcase classname="com.google.javascript.jscomp.NameAnalyzerTest" name="testInherits8" time="0.005" />
  <testcase classname="com.google.javascript.jscomp.NameAnalyzerTest" name="testMixin1" time="0.007" />
  <testcase classname="com.google.javascript.jscomp.NameAnalyzerTest" name="testMixin2" time="0.007" />
  <testcase classname="com.google.javascript.jscomp.NameAnalyzerTest" name="testMixin3" time="0.007" />
  <testcase classname="com.google.javascript.jscomp.NameAnalyzerTest" name="testMixin4" time="0.008" />
  <testcase classname="com.google.javascript.jscomp.NameAnalyzerTest" name="testMixin5" time="0.011" />
  <testcase classname="com.google.javascript.jscomp.NameAnalyzerTest" name="testMixin6" time="0.005" />
  <testcase classname="com.google.javascript.jscomp.NameAnalyzerTest" name="testMixin7" time="0.009" />
  <testcase classname="com.google.javascript.jscomp.NameAnalyzerTest" name="testConstants1" time="0.003" />
  <testcase classname="com.google.javascript.jscomp.NameAnalyzerTest" name="testConstants2" time="0.004" />
  <testcase classname="com.google.javascript.jscomp.NameAnalyzerTest" name="testExpressions1" time="0.005" />
  <testcase classname="com.google.javascript.jscomp.NameAnalyzerTest" name="testExpressions2" time="0.006" />
  <testcase classname="com.google.javascript.jscomp.NameAnalyzerTest" name="testExpressions3" time="0.006" />
  <testcase classname="com.google.javascript.jscomp.NameAnalyzerTest" name="testSetCreatingReference" time="0.005" />
  <testcase classname="com.google.javascript.jscomp.NameAnalyzerTest" name="testAnonymous4" time="0.005" />
  <testcase classname="com.google.javascript.jscomp.NameAnalyzerTest" name="testAnonymous5" time="0.006" />
  <testcase classname="com.google.javascript.jscomp.NameAnalyzerTest" name="testAnonymous6" time="0.006" />
  <testcase classname="com.google.javascript.jscomp.NameAnalyzerTest" name="testAnonymous7" time="0.007" />
  <testcase classname="com.google.javascript.jscomp.NameAnalyzerTest" name="testAnonymous8" time="0.006" />
  <testcase classname="com.google.javascript.jscomp.NameAnalyzerTest" name="testAnonymous9" time="0.007" />
  <testcase classname="com.google.javascript.jscomp.NameAnalyzerTest" name="testFunctions1" time="0.006" />
  <testcase classname="com.google.javascript.jscomp.NameAnalyzerTest" name="testFunctions2" time="0.007" />
  <testcase classname="com.google.javascript.jscomp.NameAnalyzerTest" name="testGetElem1" time="0.008" />
  <testcase classname="com.google.javascript.jscomp.NameAnalyzerTest" name="testGetElem2" time="0.008" />
  <testcase classname="com.google.javascript.jscomp.NameAnalyzerTest" name="testGetElem3" time="0.006" />
  <testcase classname="com.google.javascript.jscomp.NameAnalyzerTest" name="testIf1" time="0.005" />
  <testcase classname="com.google.javascript.jscomp.NameAnalyzerTest" name="testIf2" time="0.005" />
  <testcase classname="com.google.javascript.jscomp.NameAnalyzerTest" name="testIf3" time="0.006" />
  <testcase classname="com.google.javascript.jscomp.NameAnalyzerTest" name="testIf4" time="0.005" />
  <testcase classname="com.google.javascript.jscomp.NameAnalyzerTest" name="testIf4a" time="0.006" />
  <testcase classname="com.google.javascript.jscomp.NameAnalyzerTest" name="testIf4b" time="0.005" />
  <testcase classname="com.google.javascript.jscomp.NameAnalyzerTest" name="testIf4c" time="0.005" />
  <testcase classname="com.google.javascript.jscomp.NameAnalyzerTest" name="testIf5" time="0.006" />
  <testcase classname="com.google.javascript.jscomp.NameAnalyzerTest" name="testIfElse" time="0.005" />
  <testcase classname="com.google.javascript.jscomp.NameAnalyzerTest" name="testDo" time="0.005" />
  <testcase classname="com.google.javascript.jscomp.NameAnalyzerTest" name="testSetterInForStruct1" time="0.006" />
  <testcase classname="com.google.javascript.jscomp.NameAnalyzerTest" name="testSetterInForStruct2" time="0.005" />
  <testcase classname="com.google.javascript.jscomp.NameAnalyzerTest" name="testSetterInForStruct3" time="0.006" />
  <testcase classname="com.google.javascript.jscomp.NameAnalyzerTest" name="testSetterInForStruct4" time="0.007" />
  <testcase classname="com.google.javascript.jscomp.NameAnalyzerTest" name="testSetterInForStruct5" time="0.005" />
  <testcase classname="com.google.javascript.jscomp.NameAnalyzerTest" name="testSetterInForStruct6" time="0.006" />
  <testcase classname="com.google.javascript.jscomp.NameAnalyzerTest" name="testSetterInForStruct7" time="0.006" />
  <testcase classname="com.google.javascript.jscomp.NameAnalyzerTest" name="testSetterInForStruct8" time="0.006" />
  <testcase classname="com.google.javascript.jscomp.NameAnalyzerTest" name="testSetterInForStruct9" time="0.006" />
  <testcase classname="com.google.javascript.jscomp.NameAnalyzerTest" name="testSetterInForStruct10" time="0.005" />
  <testcase classname="com.google.javascript.jscomp.NameAnalyzerTest" name="testSetterInForStruct11" time="0.005" />
  <testcase classname="com.google.javascript.jscomp.NameAnalyzerTest" name="testSetterInForStruct12" time="0.005" />
  <testcase classname="com.google.javascript.jscomp.NameAnalyzerTest" name="testSetterInForStruct13" time="0.006" />
  <testcase classname="com.google.javascript.jscomp.NameAnalyzerTest" name="testSetterInForStruct14" time="0.005" />
  <testcase classname="com.google.javascript.jscomp.NameAnalyzerTest" name="testSetterInForStruct15" time="0.005" />
  <testcase classname="com.google.javascript.jscomp.NameAnalyzerTest" name="testSetterInForStruct16" time="0.005" />
  <testcase classname="com.google.javascript.jscomp.NameAnalyzerTest" name="testSetterInForIn1" time="0.005" />
  <testcase classname="com.google.javascript.jscomp.NameAnalyzerTest" name="testSetterInForIn2" time="0.006" />
  <testcase classname="com.google.javascript.jscomp.NameAnalyzerTest" name="testSetterInForIn3" time="0.005" />
  <testcase classname="com.google.javascript.jscomp.NameAnalyzerTest" name="testSetterInForIn4" time="0.006" />
  <testcase classname="com.google.javascript.jscomp.NameAnalyzerTest" name="testSetterInForIn5" time="0.006" />
  <testcase classname="com.google.javascript.jscomp.NameAnalyzerTest" name="testSetterInForIn6" time="0.005" />
  <testcase classname="com.google.javascript.jscomp.NameAnalyzerTest" name="testSetterInIfPredicate" time="0.005" />
  <testcase classname="com.google.javascript.jscomp.NameAnalyzerTest" name="testSetterInWhilePredicate" time="0.006" />
  <testcase classname="com.google.javascript.jscomp.NameAnalyzerTest" name="testSetterInDoWhilePredicate" time="0.005" />
  <testcase classname="com.google.javascript.jscomp.NameAnalyzerTest" name="testSetterInSwitchInput" time="0.006" />
  <testcase classname="com.google.javascript.jscomp.NameAnalyzerTest" name="testComplexAssigns" time="0.005" />
  <testcase classname="com.google.javascript.jscomp.NameAnalyzerTest" name="testNestedAssigns1" time="0.005" />
  <testcase classname="com.google.javascript.jscomp.NameAnalyzerTest" name="testNestedAssigns2" time="0.006" />
  <testcase classname="com.google.javascript.jscomp.NameAnalyzerTest" name="testComplexNestedAssigns1" time="0.005" />
  <testcase classname="com.google.javascript.jscomp.NameAnalyzerTest" name="testComplexNestedAssigns2" time="0.005" />
  <testcase classname="com.google.javascript.jscomp.NameAnalyzerTest" name="testComplexNestedAssigns3" time="0.005" />
  <testcase classname="com.google.javascript.jscomp.NameAnalyzerTest" name="testComplexNestedAssigns4" time="0.005" />
  <testcase classname="com.google.javascript.jscomp.NameAnalyzerTest" name="testUnintendedUseOfInheritsInLocalScope1" time="0.006" />
  <testcase classname="com.google.javascript.jscomp.NameAnalyzerTest" name="testUnintendedUseOfInheritsInLocalScope2" time="0.007" />
  <testcase classname="com.google.javascript.jscomp.NameAnalyzerTest" name="testUnintendedUseOfInheritsInLocalScope3" time="0.007" />
  <testcase classname="com.google.javascript.jscomp.NameAnalyzerTest" name="testUnintendedUseOfInheritsInLocalScope4" time="0.006" />
  <testcase classname="com.google.javascript.jscomp.NameAnalyzerTest" name="testPrototypePropertySetInLocalScope1" time="0.006" />
  <testcase classname="com.google.javascript.jscomp.NameAnalyzerTest" name="testPrototypePropertySetInLocalScope2" time="0.006" />
  <testcase classname="com.google.javascript.jscomp.NameAnalyzerTest" name="testPrototypePropertySetInLocalScope3" time="0.005" />
  <testcase classname="com.google.javascript.jscomp.NameAnalyzerTest" name="testPrototypePropertySetInLocalScope4" time="0.005" />
  <testcase classname="com.google.javascript.jscomp.NameAnalyzerTest" name="testPrototypePropertySetInLocalScope5" time="0.005" />
  <testcase classname="com.google.javascript.jscomp.NameAnalyzerTest" name="testPrototypePropertySetInLocalScope6" time="0.006" />
  <testcase classname="com.google.javascript.jscomp.NameAnalyzerTest" name="testPrototypePropertySetInLocalScope7" time="0.005" />
  <testcase classname="com.google.javascript.jscomp.NameAnalyzerTest" name="testRValueReference1" time="0.005" />
  <testcase classname="com.google.javascript.jscomp.NameAnalyzerTest" name="testRValueReference2" time="0.005" />
  <testcase classname="com.google.javascript.jscomp.NameAnalyzerTest" name="testRValueReference3" time="0.006" />
  <testcase classname="com.google.javascript.jscomp.NameAnalyzerTest" name="testRValueReference4" time="0.005" />
  <testcase classname="com.google.javascript.jscomp.NameAnalyzerTest" name="testRValueReference5" time="0.006" />
  <testcase classname="com.google.javascript.jscomp.NameAnalyzerTest" name="testRValueReference6" time="0.005" />
  <testcase classname="com.google.javascript.jscomp.NameAnalyzerTest" name="testUnhandledTopNode" time="0.01" />
  <testcase classname="com.google.javascript.jscomp.NameAnalyzerTest" name="testPropertyDefinedInGlobalScope" time="0.006" />
  <testcase classname="com.google.javascript.jscomp.NameAnalyzerTest" name="testConditionallyDefinedFunction1" time="0.006" />
  <testcase classname="com.google.javascript.jscomp.NameAnalyzerTest" name="testConditionallyDefinedFunction2" time="0.005" />
  <testcase classname="com.google.javascript.jscomp.NameAnalyzerTest" name="testConditionallyDefinedFunction3" time="0.007" />
  <testcase classname="com.google.javascript.jscomp.NameAnalyzerTest" name="testGetElemOnThis" time="0.008" />
  <testcase classname="com.google.javascript.jscomp.NameAnalyzerTest" name="testRemoveInstanceOfOnly" time="0.007" />
  <testcase classname="com.google.javascript.jscomp.NameAnalyzerTest" name="testRemoveLocalScopedInstanceOfOnly" time="0.006" />
  <testcase classname="com.google.javascript.jscomp.NameAnalyzerTest" name="testRemoveInstanceOfWithReferencedMethod" time="0.006" />
  <testcase classname="com.google.javascript.jscomp.NameAnalyzerTest" name="testDoNotChangeReferencedInstanceOf" time="0.007" />
  <testcase classname="com.google.javascript.jscomp.NameAnalyzerTest" name="testDoNotChangeReferencedLocalScopedInstanceOf" time="0.008" />
  <testcase classname="com.google.javascript.jscomp.NameAnalyzerTest" name="testDoNotChangeLocalScopeReferencedInstanceOf" time="0.008" />
  <testcase classname="com.google.javascript.jscomp.NameAnalyzerTest" name="testDoNotChangeLocalScopeReferencedLocalScopedInstanceOf" time="0.009" />
  <testcase classname="com.google.javascript.jscomp.NameAnalyzerTest" name="testDoNotChangeLocalScopeReferencedLocalScopedInstanceOf2" time="0.008" />
  <testcase classname="com.google.javascript.jscomp.NameAnalyzerTest" name="testDoNotChangeInstanceOfGetElem" time="0.006" />
  <testcase classname="com.google.javascript.jscomp.NameAnalyzerTest" name="testWeirdnessOnLeftSideOfPrototype" time="0.006" />
  <testcase classname="com.google.javascript.jscomp.NameAnalyzerTest" name="testShortCircuit1" time="0.005" />
  <testcase classname="com.google.javascript.jscomp.NameAnalyzerTest" name="testShortCircuit2" time="0.004" />
  <testcase classname="com.google.javascript.jscomp.NameAnalyzerTest" name="testShortCircuit3" time="0.005" />
  <testcase classname="com.google.javascript.jscomp.NameAnalyzerTest" name="testShortCircuit4" time="0.005" />
  <testcase classname="com.google.javascript.jscomp.NameAnalyzerTest" name="testShortCircuit5" time="0.004" />
  <testcase classname="com.google.javascript.jscomp.NameAnalyzerTest" name="testShortCircuit6" time="0.004" />
  <testcase classname="com.google.javascript.jscomp.NameAnalyzerTest" name="testShortCircuit7" time="0.005" />
  <testcase classname="com.google.javascript.jscomp.NameAnalyzerTest" name="testShortCircuit8" time="0.003" />
  <testcase classname="com.google.javascript.jscomp.NameAnalyzerTest" name="testRhsReference1" time="0.003" />
  <testcase classname="com.google.javascript.jscomp.NameAnalyzerTest" name="testRhsReference2" time="0.003" />
  <testcase classname="com.google.javascript.jscomp.NameAnalyzerTest" name="testRhsReference3" time="0.007" />
  <testcase classname="com.google.javascript.jscomp.NameAnalyzerTest" name="testRhsReference4" time="0.004" />
  <testcase classname="com.google.javascript.jscomp.NameAnalyzerTest" name="testRhsReference5" time="0.003" />
  <testcase classname="com.google.javascript.jscomp.NameAnalyzerTest" name="testRhsAssign1" time="0.004" />
  <testcase classname="com.google.javascript.jscomp.NameAnalyzerTest" name="testRhsAssign2" time="0.003" />
  <testcase classname="com.google.javascript.jscomp.NameAnalyzerTest" name="testRhsAssign3" time="0.003" />
  <testcase classname="com.google.javascript.jscomp.NameAnalyzerTest" name="testRhsAssign4" time="0.002" />
  <testcase classname="com.google.javascript.jscomp.NameAnalyzerTest" name="testRhsAssign5" time="0.004" />
  <testcase classname="com.google.javascript.jscomp.NameAnalyzerTest" name="testRhsAssign6" time="0.003" />
  <testcase classname="com.google.javascript.jscomp.NameAnalyzerTest" name="testRhsAssign7" time="0.005" />
  <testcase classname="com.google.javascript.jscomp.NameAnalyzerTest" name="testRhsAssign8" time="0.004" />
  <testcase classname="com.google.javascript.jscomp.NameAnalyzerTest" name="testRhsAssign9" time="0.003" />
  <testcase classname="com.google.javascript.jscomp.NameAnalyzerTest" name="testAssignWithOr1" time="0.004" />
  <testcase classname="com.google.javascript.jscomp.NameAnalyzerTest" name="testAssignWithOr2" time="0.004" />
  <testcase classname="com.google.javascript.jscomp.NameAnalyzerTest" name="testAssignWithAnd1" time="0.003" />
  <testcase classname="com.google.javascript.jscomp.NameAnalyzerTest" name="testAssignWithAnd2" time="0.003" />
  <testcase classname="com.google.javascript.jscomp.NameAnalyzerTest" name="testAssignWithHook1" time="0.005" />
  <testcase classname="com.google.javascript.jscomp.NameAnalyzerTest" name="testAssignWithHook2" time="0.006" />
  <testcase classname="com.google.javascript.jscomp.NameAnalyzerTest" name="testAssignWithHook2a" time="0.004" />
  <testcase classname="com.google.javascript.jscomp.NameAnalyzerTest" name="testAssignWithHook3" time="0.004" />
  <testcase classname="com.google.javascript.jscomp.NameAnalyzerTest" name="testAssignWithHook4" time="0.008" />
  <testcase classname="com.google.javascript.jscomp.NameAnalyzerTest" name="testAssignWithHook5" time="0.008" />
  <testcase classname="com.google.javascript.jscomp.NameAnalyzerTest" name="testAssignWithHook6" time="0.004" />
  <testcase classname="com.google.javascript.jscomp.NameAnalyzerTest" name="testAssignWithHook7" time="0.004" />
  <testcase classname="com.google.javascript.jscomp.NameAnalyzerTest" name="testAssignWithHook8" time="0.003" />
  <testcase classname="com.google.javascript.jscomp.NameAnalyzerTest" name="testAssignWithHook9" time="0.004" />
  <testcase classname="com.google.javascript.jscomp.NameAnalyzerTest" name="testAssign5" time="0.003" />
  <testcase classname="com.google.javascript.jscomp.NameAnalyzerTest" name="testNestedAssign1" time="0.003" />
  <testcase classname="com.google.javascript.jscomp.NameAnalyzerTest" name="testNestedAssign2" time="0.004" />
  <testcase classname="com.google.javascript.jscomp.NameAnalyzerTest" name="testNestedAssign3" time="0.003" />
  <testcase classname="com.google.javascript.jscomp.NameAnalyzerTest" name="testNestedAssign4" time="0.004" />
  <testcase classname="com.google.javascript.jscomp.NameAnalyzerTest" name="testNestedAssign5" time="0.003" />
  <testcase classname="com.google.javascript.jscomp.NameAnalyzerTest" name="testNestedAssign15" time="0.003" />
  <testcase classname="com.google.javascript.jscomp.NameAnalyzerTest" name="testNestedAssign6" time="0.004" />
  <testcase classname="com.google.javascript.jscomp.NameAnalyzerTest" name="testNestedAssign7" time="0.004" />
  <testcase classname="com.google.javascript.jscomp.NameAnalyzerTest" name="testNestedAssign8" time="0.004" />
  <testcase classname="com.google.javascript.jscomp.NameAnalyzerTest" name="testRefChain1" time="0.003" />
  <testcase classname="com.google.javascript.jscomp.NameAnalyzerTest" name="testRefChain2" time="0.003" />
  <testcase classname="com.google.javascript.jscomp.NameAnalyzerTest" name="testRefChain3" time="0.003" />
  <testcase classname="com.google.javascript.jscomp.NameAnalyzerTest" name="testRefChain4" time="0.003" />
  <testcase classname="com.google.javascript.jscomp.NameAnalyzerTest" name="testRefChain5" time="0.004" />
  <testcase classname="com.google.javascript.jscomp.NameAnalyzerTest" name="testRefChain6" time="0.004" />
  <testcase classname="com.google.javascript.jscomp.NameAnalyzerTest" name="testRefChain7" time="0.004" />
  <testcase classname="com.google.javascript.jscomp.NameAnalyzerTest" name="testRefChain8" time="0.004" />
  <testcase classname="com.google.javascript.jscomp.NameAnalyzerTest" name="testRefChain9" time="0.003" />
  <testcase classname="com.google.javascript.jscomp.NameAnalyzerTest" name="testRefChain10" time="0.003" />
  <testcase classname="com.google.javascript.jscomp.NameAnalyzerTest" name="testRefChain11" time="0.004" />
  <testcase classname="com.google.javascript.jscomp.NameAnalyzerTest" name="testRefChain12" time="0.003" />
  <testcase classname="com.google.javascript.jscomp.NameAnalyzerTest" name="testRefChain13" time="0.004" />
  <testcase classname="com.google.javascript.jscomp.NameAnalyzerTest" name="testRefChain14" time="0.004" />
  <testcase classname="com.google.javascript.jscomp.NameAnalyzerTest" name="testRefChain15" time="0.004" />
  <testcase classname="com.google.javascript.jscomp.NameAnalyzerTest" name="testRefChain16" time="0.004" />
  <testcase classname="com.google.javascript.jscomp.NameAnalyzerTest" name="testRefChain17" time="0.004" />
  <testcase classname="com.google.javascript.jscomp.NameAnalyzerTest" name="testRefChain18" time="0.003" />
  <testcase classname="com.google.javascript.jscomp.NameAnalyzerTest" name="testRefChain19" time="0.004" />
  <testcase classname="com.google.javascript.jscomp.NameAnalyzerTest" name="testRefChain20" time="0.004" />
  <testcase classname="com.google.javascript.jscomp.NameAnalyzerTest" name="testRefChain21" time="0.003" />
  <testcase classname="com.google.javascript.jscomp.NameAnalyzerTest" name="testRefChain22" time="0.004" />
  <testcase classname="com.google.javascript.jscomp.NameAnalyzerTest" name="testRefChain23" time="0.003" />
  <testcase classname="com.google.javascript.jscomp.NameAnalyzerTest" name="testAssignmentWithComplexLhs" time="0.005" />
  <testcase classname="com.google.javascript.jscomp.NameAnalyzerTest" name="testAssignmentWithComplexLhs2" time="0.004" />
  <testcase classname="com.google.javascript.jscomp.NameAnalyzerTest" name="testAssignmentWithComplexLhs3" time="0.006" />
  <testcase classname="com.google.javascript.jscomp.NameAnalyzerTest" name="testAssignmentWithComplexLhs4" time="0.004" />
  <testcase classname="com.google.javascript.jscomp.NameAnalyzerTest" name="testNoRemovePrototypeDefinitionsOutsideGlobalScope1" time="0.005" />
  <testcase classname="com.google.javascript.jscomp.NameAnalyzerTest" name="testNoRemovePrototypeDefinitionsOutsideGlobalScope2" time="0.004" />
  <testcase classname="com.google.javascript.jscomp.NameAnalyzerTest" name="testNoRemovePrototypeDefinitionsOutsideGlobalScope4" time="0.007" />
  <testcase classname="com.google.javascript.jscomp.NameAnalyzerTest" name="testNoRemovePrototypeDefinitionsOutsideGlobalScope5" time="0.007" />
  <testcase classname="com.google.javascript.jscomp.NameAnalyzerTest" name="testRemovePrototypeDefinitionsInGlobalScope1" time="0.006" />
  <testcase classname="com.google.javascript.jscomp.NameAnalyzerTest" name="testRemovePrototypeDefinitionsInGlobalScope2" time="0.006" />
  <testcase classname="com.google.javascript.jscomp.NameAnalyzerTest" name="testRemoveLabeledStatment" time="0.007" />
  <testcase classname="com.google.javascript.jscomp.NameAnalyzerTest" name="testRemoveLabeledStatment2" time="0.004" />
  <testcase classname="com.google.javascript.jscomp.NameAnalyzerTest" name="testRemoveLabeledStatment3" time="0.004" />
  <testcase classname="com.google.javascript.jscomp.NameAnalyzerTest" name="testRemoveLabeledStatment4" time="0.006" />
  <testcase classname="com.google.javascript.jscomp.NameAnalyzerTest" name="testPreservePropertyMutationsToAlias1" time="0.004" />
  <testcase classname="com.google.javascript.jscomp.NameAnalyzerTest" name="testPreservePropertyMutationsToAlias2" time="0.003" />
  <testcase classname="com.google.javascript.jscomp.NameAnalyzerTest" name="testPreservePropertyMutationsToAlias3" time="0.004" />
  <testcase classname="com.google.javascript.jscomp.NameAnalyzerTest" name="testPreservePropertyMutationsToAlias4" time="0.004" />
  <testcase classname="com.google.javascript.jscomp.NameAnalyzerTest" name="testPreservePropertyMutationsToAlias5" time="0.005" />
  <testcase classname="com.google.javascript.jscomp.NameAnalyzerTest" name="testPreservePropertyMutationsToAlias6" time="0.005" />
  <testcase classname="com.google.javascript.jscomp.NameAnalyzerTest" name="testPreservePropertyMutationsToAlias7" time="0.004" />
  <testcase classname="com.google.javascript.jscomp.NameAnalyzerTest" name="testPreservePropertyMutationsToAlias8" time="0.005" />
  <testcase classname="com.google.javascript.jscomp.NameAnalyzerTest" name="testPreservePropertyMutationsToAlias9" time="0.006" />
  <testcase classname="com.google.javascript.jscomp.NameAnalyzerTest" name="testRemoveAlias" time="0.004" />
  <testcase classname="com.google.javascript.jscomp.NameAnalyzerTest" name="testSingletonGetter2" time="0.003" />
  <testcase classname="com.google.javascript.jscomp.NameAnalyzerTest" name="testSingletonGetter3" time="0.003" />
  <testcase classname="com.google.javascript.jscomp.NameAnalyzerTest" name="testNoRemoveWindowPropertyAlias1" time="0.004" />
  <testcase classname="com.google.javascript.jscomp.NameAnalyzerTest" name="testNoRemoveWindowPropertyAlias2" time="0.003" />
  <testcase classname="com.google.javascript.jscomp.NameAnalyzerTest" name="testNoRemoveWindowPropertyAlias3" time="0.003" />
  <testcase classname="com.google.javascript.jscomp.NameAnalyzerTest" name="testNoRemoveWindowPropertyAlias4" time="0.003" />
  <testcase classname="com.google.javascript.jscomp.NameAnalyzerTest" name="testNoRemoveWindowPropertyAlias4a" time="0.003" />
  <testcase classname="com.google.javascript.jscomp.NameAnalyzerTest" name="testNoRemoveWindowPropertyAlias5" time="0.003" />
  <testcase classname="com.google.javascript.jscomp.NameAnalyzerTest" name="testNoRemoveWindowPropertyAlias5a" time="0.004" />
  <testcase classname="com.google.javascript.jscomp.NameAnalyzerTest" name="testNoRemoveWindowPropertyAlias6" time="0.003" />
  <testcase classname="com.google.javascript.jscomp.NameAnalyzerTest" name="testNoRemoveWindowPropertyAlias6a" time="0.004" />
  <testcase classname="com.google.javascript.jscomp.NameAnalyzerTest" name="testNoRemoveWindowPropertyAlias7" time="0.004" />
  <testcase classname="com.google.javascript.jscomp.NameAnalyzerTest" name="testNoRemoveWindowPropertyAlias7a" time="0.005" />
  <testcase classname="com.google.javascript.jscomp.NameAnalyzerTest" name="testNoRemoveAlias0" time="0.004" />
  <testcase classname="com.google.javascript.jscomp.NameAnalyzerTest" name="testNoRemoveAlias1" time="0.006" />
  <testcase classname="com.google.javascript.jscomp.NameAnalyzerTest" name="testNoRemoveAlias2" time="0.004" />
  <testcase classname="com.google.javascript.jscomp.NameAnalyzerTest" name="testNoRemoveAlias3" time="0.004" />
  <testcase classname="com.google.javascript.jscomp.NameAnalyzerTest" name="testNoRemoveAliasOfExternal0" time="0.005" />
  <testcase classname="com.google.javascript.jscomp.NameAnalyzerTest" name="testNoRemoveAliasOfExternal1" time="0.004" />
  <testcase classname="com.google.javascript.jscomp.NameAnalyzerTest" name="testNoRemoveAliasOfExternal2" time="0.004" />
  <testcase classname="com.google.javascript.jscomp.NameAnalyzerTest" name="testNoRemoveThrowReference1" time="0.003" />
  <testcase classname="com.google.javascript.jscomp.NameAnalyzerTest" name="testNoRemoveThrowReference2" time="0.002" />
  <testcase classname="com.google.javascript.jscomp.NameAnalyzerTest" name="testClassDefinedInObjectLit1" time="0.003" />
  <testcase classname="com.google.javascript.jscomp.NameAnalyzerTest" name="testClassDefinedInObjectLit2" time="0.003" />
  <testcase classname="com.google.javascript.jscomp.NameAnalyzerTest" name="testClassDefinedInObjectLit3" time="0.003" />
  <testcase classname="com.google.javascript.jscomp.NameAnalyzerTest" name="testClassDefinedInObjectLit4" time="0.004" />
  <testcase classname="com.google.javascript.jscomp.NameAnalyzerTest" name="testVarReferencedInClassDefinedInObjectLit1" time="0.003" />
  <testcase classname="com.google.javascript.jscomp.NameAnalyzerTest" name="testVarReferencedInClassDefinedInObjectLit2" time="0.004" />
  <testcase classname="com.google.javascript.jscomp.NameAnalyzerTest" name="testArrayExt" time="0.003" />
  <testcase classname="com.google.javascript.jscomp.NameAnalyzerTest" name="testArrayAliasExt" time="0.004" />
  <testcase classname="com.google.javascript.jscomp.NameAnalyzerTest" name="testExternalAliasInstanceof1" time="0.004" />
  <testcase classname="com.google.javascript.jscomp.NameAnalyzerTest" name="testExternalAliasInstanceof2" time="0.004" />
  <testcase classname="com.google.javascript.jscomp.NameAnalyzerTest" name="testExternalAliasInstanceof3" time="0.003" />
  <testcase classname="com.google.javascript.jscomp.NameAnalyzerTest" name="testAliasInstanceof4" time="0.003" />
  <testcase classname="com.google.javascript.jscomp.NameAnalyzerTest" name="testAliasInstanceof5" time="0.004" />
  <testcase classname="com.google.javascript.jscomp.NameAnalyzerTest" name="testBrokenNamespaceWithPrototypeAssignment" time="0.002" />
  <testcase classname="com.google.javascript.jscomp.NameAnalyzerTest" name="testRemovePrototypeAliases" time="0.004" />
  <testcase classname="com.google.javascript.jscomp.NameAnalyzerTest" name="testIssue838a" time="0.004" />
  <testcase classname="com.google.javascript.jscomp.NameAnalyzerTest" name="testIssue838b" time="0.004" />
  <testcase classname="com.google.javascript.jscomp.NameAnalyzerTest" name="testIssue874a" time="0.005" />
  <testcase classname="com.google.javascript.jscomp.NameAnalyzerTest" name="testIssue874b" time="0.004" />
  <testcase classname="com.google.javascript.jscomp.NameAnalyzerTest" name="testIssue874c" time="0.004" />
  <testcase classname="com.google.javascript.jscomp.NameAnalyzerTest" name="testIssue874d" time="0.004" />
  <testcase classname="com.google.javascript.jscomp.NameAnalyzerTest" name="testIssue874e" time="0.007" />
  <testcase classname="com.google.javascript.jscomp.NameAnalyzerTest" name="testBug6575051" time="0.004" />
  <testcase classname="com.google.javascript.jscomp.NameAnalyzerTest" name="testRemoveDeclaration1" time="0.003" />
  <testcase classname="com.google.javascript.jscomp.NameAnalyzerTest" name="testRemoveDeclaration2" time="0.005" />
  <testcase classname="com.google.javascript.jscomp.NameAnalyzerTest" name="testIssue284" time="0.006" />
  <testcase classname="com.google.javascript.jscomp.NameAnalyzerTest" name="testSingletonGetter1" time="0.003" />
  <testcase classname="com.google.javascript.jscomp.NameAnalyzerTest" name="testAssign1" time="0.003" />
  <testcase classname="com.google.javascript.jscomp.NameAnalyzerTest" name="testAssign2" time="0.003" />
  <testcase classname="com.google.javascript.jscomp.NameAnalyzerTest" name="testAssign3" time="0.003" />
  <testcase classname="com.google.javascript.jscomp.NameAnalyzerTest" name="testAssign4" time="0.004" />
  <testcase classname="com.google.javascript.jscomp.NameAnalyzerTest" name="testExternName2" time="0.006" />
  <testcase classname="com.google.javascript.jscomp.NameAnalyzerTest" name="testWhile" time="0.005" />
  <testcase classname="com.google.javascript.jscomp.NameAnalyzerTest" name="testAnonymous1" time="0.006" />
  <testcase classname="com.google.javascript.jscomp.NameAnalyzerTest" name="testAnonymous2" time="0.005" />
  <testcase classname="com.google.javascript.jscomp.NameAnalyzerTest" name="testAnonymous3" time="0.006" />
  <testcase classname="com.google.javascript.jscomp.NameAnalyzerTest" name="testFor" time="0.005" />
  <system-out><![CDATA[]]></system-out>
  <system-err><![CDATA[]]></system-err>
</testsuite>
