<?xml version="1.0" encoding="UTF-8" ?>
<testsuite errors="0" failures="0" hostname="sepehr-UX310UQK" name="com.google.javascript.rhino.jstype.JSTypeTest" skipped="0" tests="144" time="1.217" timestamp="2023-01-02T22:16:36">
  <properties>
    <property name="java.vendor" value="Private Build" />
    <property name="lib.dir" value="/home/sepehr/masters/test_generation/all_projects_coverage/Closure1f/lib" />
    <property name="sun.java.launcher" value="SUN_STANDARD" />
    <property name="sun.management.compiler" value="HotSpot 64-Bit Tiered Compilers" />
    <property name="os.name" value="Linux" />
    <property name="clover.historical.json" value="true" />
    <property name="sun.boot.class.path" value="/usr/lib/jvm/java-8-openjdk-amd64/jre/lib/resources.jar:/usr/lib/jvm/java-8-openjdk-amd64/jre/lib/rt.jar:/usr/lib/jvm/java-8-openjdk-amd64/jre/lib/sunrsasign.jar:/usr/lib/jvm/java-8-openjdk-amd64/jre/lib/jsse.jar:/usr/lib/jvm/java-8-openjdk-amd64/jre/lib/jce.jar:/usr/lib/jvm/java-8-openjdk-amd64/jre/lib/charsets.jar:/usr/lib/jvm/java-8-openjdk-amd64/jre/lib/jfr.jar:/usr/lib/jvm/java-8-openjdk-amd64/jre/classes" />
    <property name="build.svnVersion" value="Unversioned directory" />
    <property name="sun.desktop" value="gnome" />
    <property name="maven-repository-id" value="sonatype-nexus-staging" />
    <property name="java.vm.specification.vendor" value="Oracle Corporation" />
    <property name="ant.home" value="/usr/share/ant" />
    <property name="jsonml-jarfile" value="/home/sepehr/masters/test_generation/all_projects_coverage/Closure1f/build/secure_compiler.jar" />
    <property name="java.runtime.version" value="1.8.0_352-8u352-ga-1~20.04-b08" />
    <property name="gen.dir" value="/home/sepehr/masters/test_generation/all_projects_coverage/Closure1f/gen" />
    <property name="clover.project.historydir" value="/home/sepehr/masters/test_generation/all_projects_coverage/Closure1f/.cloverhistory/compiler" />
    <property name="clover.flushinterval" value="100" />
    <property name="user.name" value="sepehr" />
    <property name="ant.file.compiler" value="/home/sepehr/masters/test_generation/all_projects_coverage/Closure1f/build.xml" />
    <property name="build.dir" value="/home/sepehr/masters/test_generation/all_projects_coverage/Closure1f/build" />
    <property name="jsonml.dir" value="/home/sepehr/masters/test_generation/all_projects_coverage/Closure1f/src/com/google/javascript/jscomp/jsonml" />
    <property name="ant.build.javac.target" value="1.6" />
    <property name="stylesheetfile" value="/home/sepehr/masters/test_generation/all_projects_coverage/Closure1f/build/javadoc/dev_javadoc.css" />
    <property name="user.language" value="en" />
    <property name="sun.boot.library.path" value="/usr/lib/jvm/java-8-openjdk-amd64/jre/lib/amd64" />
    <property name="ant.project.default-target" value="jar" />
    <property name="ant.project.name" value="compiler" />
    <property name="java.version" value="1.8.0_352" />
    <property name="user.timezone" value="" />
    <property name="sun.arch.data.model" value="64" />
    <property name="java.endorsed.dirs" value="/usr/lib/jvm/java-8-openjdk-amd64/jre/lib/endorsed" />
    <property name="sun.cpu.isalist" value="" />
    <property name="sun.jnu.encoding" value="UTF-8" />
    <property name="file.encoding.pkg" value="sun.io" />
    <property name="file.separator" value="/" />
    <property name="java.specification.name" value="Java Platform API Specification" />
    <property name="protoc.executable" value="protoc" />
    <property name="classes.dir" value="/home/sepehr/masters/test_generation/all_projects_coverage/Closure1f/build/classes" />
    <property name="clover.initstring" value="/home/sepehr/masters/test_generation/all_projects_coverage/Closure1f/.clover/clover4_4_1.db" />
    <property name="java.class.version" value="52.0" />
    <property name="testClasses.dir" value="/home/sepehr/masters/test_generation/all_projects_coverage/Closure1f/build/test" />
    <property name="user.country" value="US" />
    <property name="jsonml-classes.dir" value="/home/sepehr/masters/test_generation/all_projects_coverage/Closure1f/build/jsonml-classes" />
    <property name="java.home" value="/usr/lib/jvm/java-8-openjdk-amd64/jre" />
    <property name="clover.dir" value="/home/sepehr/masters/test_generation/all_projects_coverage/Closure1f/clover" />
    <property name="java.vm.info" value="mixed mode" />
    <property name="externs.dir" value="/home/sepehr/masters/test_generation/all_projects_coverage/Closure1f/externs" />
    <property name="ant.file" value="/home/sepehr/masters/test_generation/all_projects_coverage/Closure1f/build.xml" />
    <property name="os.version" value="5.15.0-56-generic" />
    <property name="javac.debug" value="on" />
    <property name="path.separator" value=":" />
    <property name="java.vm.version" value="25.352-b08" />
    <property name="num-fuzz-tests" value="10000" />
    <property name="ant.library.dir" value="/usr/share/ant/lib" />
    <property name="clover.jar" value="/home/sepehr/masters/test_generation/all_projects_coverage/Closure1f/${clover.home}/clover.jar" />
    <property name="java.awt.printerjob" value="sun.print.PSPrinterJob" />
    <property name="webservice-jarfile" value="/home/sepehr/masters/test_generation/all_projects_coverage/Closure1f/build/webservice.jar" />
    <property name="sun.io.unicode.encoding" value="UnicodeLittle" />
    <property name="test.fork" value="true" />
    <property name="webservice.dir" value="/home/sepehr/masters/test_generation/all_projects_coverage/Closure1f/src/com/google/javascript/jscomp/webservice" />
    <property name="java.specification.maintenance.version" value="4" />
    <property name="awt.toolkit" value="sun.awt.X11.XToolkit" />
    <property name="buildlib.dir" value="/home/sepehr/masters/test_generation/all_projects_coverage/Closure1f/build/lib" />
    <property name="ant.build.javac.source" value="1.6" />
    <property name="user.home" value="/home/sepehr" />
    <property name="java.specification.vendor" value="Oracle Corporation" />
    <property name="test.dir" value="/home/sepehr/masters/test_generation/all_projects_coverage/Closure1f/test" />
    <property name="clover.dest" value="/home/sepehr/masters/test_generation/all_projects_coverage/Closure1f/clover/compiler" />
    <property name="clover.span" value="1day" />
    <property name="java.library.path" value="/usr/java/packages/lib/amd64:/usr/lib/x86_64-linux-gnu/jni:/lib/x86_64-linux-gnu:/usr/lib/x86_64-linux-gnu:/usr/lib/jni:/lib:/usr/lib" />
    <property name="java.vendor.url" value="http://java.oracle.com/" />
    <property name="test.target" value="test" />
    <property name="java.vm.vendor" value="Private Build" />
    <property name="java.runtime.name" value="OpenJDK Runtime Environment" />
    <property name="ant.version" value="Apache Ant(TM) version 1.10.7 compiled on October 24 2019" />
    <property name="java.class.path" value="/home/sepehr/.ant/lib/clover.jar:/home/sepehr/masters/test_generation/all_projects_coverage/Closure1f/build/classes:/home/sepehr/masters/test_generation/all_projects_coverage/Closure1f/lib/ant-launcher.jar:/home/sepehr/masters/test_generation/all_projects_coverage/Closure1f/lib/ant.jar:/home/sepehr/masters/test_generation/all_projects_coverage/Closure1f/lib/args4j.jar:/home/sepehr/masters/test_generation/all_projects_coverage/Closure1f/lib/caja-r4314.jar:/home/sepehr/masters/test_generation/all_projects_coverage/Closure1f/lib/guava.jar:/home/sepehr/masters/test_generation/all_projects_coverage/Closure1f/lib/jarjar.jar:/home/sepehr/masters/test_generation/all_projects_coverage/Closure1f/lib/json.jar:/home/sepehr/masters/test_generation/all_projects_coverage/Closure1f/lib/jsr305.jar:/home/sepehr/masters/test_generation/all_projects_coverage/Closure1f/lib/junit.jar:/home/sepehr/masters/test_generation/all_projects_coverage/Closure1f/lib/protobuf-java.jar:/home/sepehr/masters/test_generation/all_projects_coverage/Closure1f/build/lib/rhino.jar:/home/sepehr/masters/test_generation/all_projects_coverage/Closure1f/build/test:/home/sepehr/.ant/lib/evosuite-1.0.6.jar:/usr/share/java/ant-launcher-1.10.7.jar:/usr/share/ant/lib/ant.jar:/usr/share/ant/lib/ant-junit.jar:/usr/share/ant/lib/ant-junit4.jar" />
    <property name="sun.java.command" value="org.apache.tools.ant.taskdefs.optional.junit.JUnitTestRunner testsfile=/home/sepehr/masters/test_generation/all_projects_coverage/Closure1f/junittestcases9010501712861874427.properties skipNonTests=false filtertrace=true haltOnError=false haltOnFailure=false formatter=org.apache.tools.ant.taskdefs.optional.junit.SummaryJUnitResultFormatter showoutput=true outputtoformatters=true logfailedtests=true threadid=0 logtestlistenerevents=false formatter=org.apache.tools.ant.taskdefs.optional.junit.BriefJUnitResultFormatter formatter=org.apache.tools.ant.taskdefs.optional.junit.XMLJUnitResultFormatter,/home/sepehr/masters/test_generation/all_projects_coverage/Closure1f/build/testoutput/IGNORETHIS.xml crashfile=/home/sepehr/masters/test_generation/all_projects_coverage/Closure1f/junitvmwatcher5359982851335479822.properties propsfile=/home/sepehr/masters/test_generation/all_projects_coverage/Closure1f/junit6549952695583376702.properties" />
    <property name="project.name" value="compiler" />
    <property name="test.class" value="*Test" />
    <property name="java.vm.specification.name" value="Java Virtual Machine Specification" />
    <property name="clover.snapshot.file" value="/home/sepehr/masters/test_generation/all_projects_coverage/Closure1f/.cloverhistory/compiler/clover.snapshot" />
    <property name="ant.file.type" value="file" />
    <property name="java.vm.specification.version" value="1.8" />
    <property name="sun.os.patch.level" value="unknown" />
    <property name="sun.cpu.endian" value="little" />
    <property name="java.io.tmpdir" value="/tmp" />
    <property name="project.title" value="compiler" />
    <property name="java.vendor.url.bug" value="http://bugreport.sun.com/bugreport/" />
    <property name="java.awt.graphicsenv" value="sun.awt.X11GraphicsEnvironment" />
    <property name="os.arch" value="amd64" />
    <property name="clover.jarpath" value="/home/sepehr/.ant/lib/clover.jar" />
    <property name="maven-repository-url" value="https://oss.sonatype.org/service/local/staging/deploy/maven2/" />
    <property name="webservice-classes.dir" value="/home/sepehr/masters/test_generation/all_projects_coverage/Closure1f/build/webservice-classes" />
    <property name="java.ext.dirs" value="/usr/lib/jvm/java-8-openjdk-amd64/jre/lib/ext:/usr/java/packages/lib/ext" />
    <property name="user.dir" value="/home/sepehr/masters/test_generation/all_projects_coverage/Closure1f" />
    <property name="ant.file.type.compiler" value="file" />
    <property name="line.separator" value="&#xa;" />
    <property name="java.vm.name" value="OpenJDK 64-Bit Server VM" />
    <property name="basedir" value="/home/sepehr/masters/test_generation/all_projects_coverage/Closure1f" />
    <property name="ant.java.version" value="1.8" />
    <property name="ant.core.lib" value="/usr/share/ant/lib/ant.jar" />
    <property name="file.encoding" value="UTF-8" />
    <property name="closure.build.dir" value="/home/sepehr/masters/test_generation/all_projects_coverage/Closure1f/build" />
    <property name="build.compiler" value="com.atlassian.clover.ant.taskdefs.CloverCompilerAdapter" />
    <property name="compiler-jarfile" value="/home/sepehr/masters/test_generation/all_projects_coverage/Closure1f/build/compiler.jar" />
    <property name="clover.historydir" value="/home/sepehr/masters/test_generation/all_projects_coverage/Closure1f/.cloverhistory" />
    <property name="java.specification.version" value="1.8" />
    <property name="src.dir" value="/home/sepehr/masters/test_generation/all_projects_coverage/Closure1f/src" />
    <property name="ant.project.invoked-targets" value="with.clover,test,clover.report" />
    <property name="javadoc.dir" value="/home/sepehr/masters/test_generation/all_projects_coverage/Closure1f/build/javadoc" />
    <property name="tools.dir" value="/home/sepehr/masters/test_generation/all_projects_coverage/Closure1f/tools" />
    <property name="clover.flushpolicy" value="directed" />
  </properties>
  <testcase classname="com.google.javascript.rhino.jstype.JSTypeTest" name="testObjectGetSubTypes" time="0.003" />
  <testcase classname="com.google.javascript.rhino.jstype.JSTypeTest" name="testImplementingType" time="0.003" />
  <testcase classname="com.google.javascript.rhino.jstype.JSTypeTest" name="testIsTemplatedType" time="0.003" />
  <testcase classname="com.google.javascript.rhino.jstype.JSTypeTest" name="testTemplatizedType" time="0.003" />
  <testcase classname="com.google.javascript.rhino.jstype.JSTypeTest" name="testCreateAnonymousObjectType" time="0.006" />
  <testcase classname="com.google.javascript.rhino.jstype.JSTypeTest" name="testCreateAnonymousObjectType2" time="0.003" />
  <testcase classname="com.google.javascript.rhino.jstype.JSTypeTest" name="testCreateObjectType" time="0.002" />
  <testcase classname="com.google.javascript.rhino.jstype.JSTypeTest" name="testParameterizedObjectChain" time="0.01" />
  <testcase classname="com.google.javascript.rhino.jstype.JSTypeTest" name="testMixedParameterizedTypeChain" time="0.013" />
  <testcase classname="com.google.javascript.rhino.jstype.JSTypeTest" name="testParameterizedTypeSubtypes" time="0.003" />
  <testcase classname="com.google.javascript.rhino.jstype.JSTypeTest" name="testSubtypingFunctionVariableArgsBoth" time="0.003" />
  <testcase classname="com.google.javascript.rhino.jstype.JSTypeTest" name="testSubtypingMostGeneralFunction" time="0.004" />
  <testcase classname="com.google.javascript.rhino.jstype.JSTypeTest" name="testSubtypingObjectTopOfObjects" time="0.003" />
  <testcase classname="com.google.javascript.rhino.jstype.JSTypeTest" name="testSubtypingFunctionPrototypeType" time="0.003" />
  <testcase classname="com.google.javascript.rhino.jstype.JSTypeTest" name="testSubtypingFunctionFixedArgs" time="0.003" />
  <testcase classname="com.google.javascript.rhino.jstype.JSTypeTest" name="testSubtypingFunctionMultipleFixedArgs" time="0.006" />
  <testcase classname="com.google.javascript.rhino.jstype.JSTypeTest" name="testSubtypingFunctionFixedArgsNotMatching" time="0.003" />
  <testcase classname="com.google.javascript.rhino.jstype.JSTypeTest" name="testSubtypingFunctionVariableArgsOneOnly" time="0.002" />
  <testcase classname="com.google.javascript.rhino.jstype.JSTypeTest" name="testConstructorWithArgSubtypeChain" time="0.006" />
  <testcase classname="com.google.javascript.rhino.jstype.JSTypeTest" name="testInterfaceInstanceSubtypeChain" time="0.028" />
  <testcase classname="com.google.javascript.rhino.jstype.JSTypeTest" name="testInterfaceInheritanceSubtypeChain" time="0.018" />
  <testcase classname="com.google.javascript.rhino.jstype.JSTypeTest" name="testRegisterProperty" time="0.008" />
  <testcase classname="com.google.javascript.rhino.jstype.JSTypeTest" name="testRegisterPropertyMemoization" time="0.004" />
  <testcase classname="com.google.javascript.rhino.jstype.JSTypeTest" name="testGreatestSubtypeWithProperty" time="0.003" />
  <testcase classname="com.google.javascript.rhino.jstype.JSTypeTest" name="testGoodSetPrototypeBasedOn" time="0.003" />
  <testcase classname="com.google.javascript.rhino.jstype.JSTypeTest" name="testNoResolvedType" time="0.004" />
  <testcase classname="com.google.javascript.rhino.jstype.JSTypeTest" name="testArrayType" time="0.009" />
  <testcase classname="com.google.javascript.rhino.jstype.JSTypeTest" name="testCheckedUnknownType" time="0.003" />
  <testcase classname="com.google.javascript.rhino.jstype.JSTypeTest" name="testAllType" time="0.004" />
  <testcase classname="com.google.javascript.rhino.jstype.JSTypeTest" name="testProxiedFunctionTypeRelationships" time="0.003" />
  <testcase classname="com.google.javascript.rhino.jstype.JSTypeTest" name="testFunctionSubTypeRelationships" time="0.009" />
  <testcase classname="com.google.javascript.rhino.jstype.JSTypeTest" name="testFunctionPrototypeAndImplicitPrototype1" time="0.003" />
  <testcase classname="com.google.javascript.rhino.jstype.JSTypeTest" name="testFunctionPrototypeAndImplicitPrototype2" time="0.003" />
  <testcase classname="com.google.javascript.rhino.jstype.JSTypeTest" name="testJSDocOnPrototypeProperty" time="0.003" />
  <testcase classname="com.google.javascript.rhino.jstype.JSTypeTest" name="testVoidType" time="0.003" />
  <testcase classname="com.google.javascript.rhino.jstype.JSTypeTest" name="testEnumType" time="0.004" />
  <testcase classname="com.google.javascript.rhino.jstype.JSTypeTest" name="testEnumTypeChain" time="0.008" />
  <testcase classname="com.google.javascript.rhino.jstype.JSTypeTest" name="testFunctionSubtypeChain" time="0.025" />
  <testcase classname="com.google.javascript.rhino.jstype.JSTypeTest" name="testFunctionUnionSubtypeChain" time="0.039" />
  <testcase classname="com.google.javascript.rhino.jstype.JSTypeTest" name="testConstructorSubtypeChain" time="0.012" />
  <testcase classname="com.google.javascript.rhino.jstype.JSTypeTest" name="testGoogBarSubtypeChain" time="0.005" />
  <testcase classname="com.google.javascript.rhino.jstype.JSTypeTest" name="testBooleanValueType" time="0.004" />
  <testcase classname="com.google.javascript.rhino.jstype.JSTypeTest" name="testBooleanObjectType" time="0.004" />
  <testcase classname="com.google.javascript.rhino.jstype.JSTypeTest" name="testEnumElementType" time="0.004" />
  <testcase classname="com.google.javascript.rhino.jstype.JSTypeTest" name="testStringEnumType" time="0.003" />
  <testcase classname="com.google.javascript.rhino.jstype.JSTypeTest" name="testStringObjectEnumType" time="0.003" />
  <testcase classname="com.google.javascript.rhino.jstype.JSTypeTest" name="testObjectType" time="0.003" />
  <testcase classname="com.google.javascript.rhino.jstype.JSTypeTest" name="testGoogBar" time="0.003" />
  <testcase classname="com.google.javascript.rhino.jstype.JSTypeTest" name="testObjectTypePropertiesCount" time="0.004" />
  <testcase classname="com.google.javascript.rhino.jstype.JSTypeTest" name="testDefineProperties" time="0.003" />
  <testcase classname="com.google.javascript.rhino.jstype.JSTypeTest" name="testObjectTypePropertiesCountWithShadowing" time="0.003" />
  <testcase classname="com.google.javascript.rhino.jstype.JSTypeTest" name="testNamedGoogBar" time="0.004" />
  <testcase classname="com.google.javascript.rhino.jstype.JSTypeTest" name="testLateSetPrototypeBasedOn" time="0.002" />
  <testcase classname="com.google.javascript.rhino.jstype.JSTypeTest" name="testGetTypeUnderEquality1" time="0.005" />
  <testcase classname="com.google.javascript.rhino.jstype.JSTypeTest" name="testGetTypesUnderEquality2" time="0.003" />
  <testcase classname="com.google.javascript.rhino.jstype.JSTypeTest" name="testGetTypesUnderEquality3" time="0.003" />
  <testcase classname="com.google.javascript.rhino.jstype.JSTypeTest" name="testGetTypesUnderEquality4" time="0.004" />
  <testcase classname="com.google.javascript.rhino.jstype.JSTypeTest" name="testGetTypesUnderEquality5" time="0.004" />
  <testcase classname="com.google.javascript.rhino.jstype.JSTypeTest" name="testGetTypesUnderEquality6" time="0.004" />
  <testcase classname="com.google.javascript.rhino.jstype.JSTypeTest" name="testGetTypesUnderInequality1" time="0.003" />
  <testcase classname="com.google.javascript.rhino.jstype.JSTypeTest" name="testBug903110" time="0.004" />
  <testcase classname="com.google.javascript.rhino.jstype.JSTypeTest" name="testBug904123" time="0.003" />
  <testcase classname="com.google.javascript.rhino.jstype.JSTypeTest" name="testHasOwnProperty" time="0.003" />
  <testcase classname="com.google.javascript.rhino.jstype.JSTypeTest" name="testNamedTypeHasOwnProperty" time="0.004" />
  <testcase classname="com.google.javascript.rhino.jstype.JSTypeTest" name="testRecordTypeLeastSuperType1" time="0.003" />
  <testcase classname="com.google.javascript.rhino.jstype.JSTypeTest" name="testRecordTypeLeastSuperType2" time="0.003" />
  <testcase classname="com.google.javascript.rhino.jstype.JSTypeTest" name="testSymmetryOfGreatestSubtype" time="0.166" />
  <testcase classname="com.google.javascript.rhino.jstype.JSTypeTest" name="testReflexivityOfLeastSupertype" time="0.007" />
  <testcase classname="com.google.javascript.rhino.jstype.JSTypeTest" name="testReflexivityOfGreatestSubtype" time="0.004" />
  <testcase classname="com.google.javascript.rhino.jstype.JSTypeTest" name="testSymmetryOfTestForEquality" time="0.07" />
  <testcase classname="com.google.javascript.rhino.jstype.JSTypeTest" name="testSymmetryOfLeastSupertype" time="0.154" />
  <testcase classname="com.google.javascript.rhino.jstype.JSTypeTest" name="testWeirdBug" time="0.003" />
  <testcase classname="com.google.javascript.rhino.jstype.JSTypeTest" name="testNamedTypeEquals" time="0.003" />
  <testcase classname="com.google.javascript.rhino.jstype.JSTypeTest" name="testNamedTypeEquals2" time="0.004" />
  <testcase classname="com.google.javascript.rhino.jstype.JSTypeTest" name="testPrototypeChaining" time="0.003" />
  <testcase classname="com.google.javascript.rhino.jstype.JSTypeTest" name="testInstanceFunctionChaining" time="0.003" />
  <testcase classname="com.google.javascript.rhino.jstype.JSTypeTest" name="testCanTestForEqualityWithCornerCases" time="0.003" />
  <testcase classname="com.google.javascript.rhino.jstype.JSTypeTest" name="testTestForEquality" time="0.004" />
  <testcase classname="com.google.javascript.rhino.jstype.JSTypeTest" name="testSubtypingSimpleTypes" time="0.004" />
  <testcase classname="com.google.javascript.rhino.jstype.JSTypeTest" name="testRecordTypeGreatestSubType7" time="0.003" />
  <testcase classname="com.google.javascript.rhino.jstype.JSTypeTest" name="testRecordTypeGreatestSubType8" time="0.004" />
  <testcase classname="com.google.javascript.rhino.jstype.JSTypeTest" name="testApplyOfDateMethod" time="0.003" />
  <testcase classname="com.google.javascript.rhino.jstype.JSTypeTest" name="testCallOfDateMethod" time="0.004" />
  <testcase classname="com.google.javascript.rhino.jstype.JSTypeTest" name="testFunctionTypeRepresentation" time="0.003" />
  <testcase classname="com.google.javascript.rhino.jstype.JSTypeTest" name="testFunctionTypeRelationships" time="0.008" />
  <testcase classname="com.google.javascript.rhino.jstype.JSTypeTest" name="testLeastSupertypeUnresolvedNamedType" time="0.004" />
  <testcase classname="com.google.javascript.rhino.jstype.JSTypeTest" name="testLeastSupertypeUnresolvedNamedType2" time="0.002" />
  <testcase classname="com.google.javascript.rhino.jstype.JSTypeTest" name="testLeastSupertypeUnresolvedNamedType3" time="0.002" />
  <testcase classname="com.google.javascript.rhino.jstype.JSTypeTest" name="testAnonymousObjectChain" time="0.009" />
  <testcase classname="com.google.javascript.rhino.jstype.JSTypeTest" name="testAnonymousEnumElementChain" time="0.008" />
  <testcase classname="com.google.javascript.rhino.jstype.JSTypeTest" name="testParameterizedArrayChain" time="0.008" />
  <testcase classname="com.google.javascript.rhino.jstype.JSTypeTest" name="testParameterizedArrayChain2" time="0.011" />
  <testcase classname="com.google.javascript.rhino.jstype.JSTypeTest" name="testRecordTypeGreatestSubType3" time="0.004" />
  <testcase classname="com.google.javascript.rhino.jstype.JSTypeTest" name="testRecordTypeGreatestSubType4" time="0.003" />
  <testcase classname="com.google.javascript.rhino.jstype.JSTypeTest" name="testRecordTypeGreatestSubType5" time="0.004" />
  <testcase classname="com.google.javascript.rhino.jstype.JSTypeTest" name="testRecordTypeGreatestSubType6" time="0.003" />
  <testcase classname="com.google.javascript.rhino.jstype.JSTypeTest" name="testNamedSubtypeChain" time="0.036" />
  <testcase classname="com.google.javascript.rhino.jstype.JSTypeTest" name="testRecordSubtypeChain" time="0.032" />
  <testcase classname="com.google.javascript.rhino.jstype.JSTypeTest" name="testRecordAndObjectChain2" time="0.008" />
  <testcase classname="com.google.javascript.rhino.jstype.JSTypeTest" name="testRecordAndObjectChain3" time="0.008" />
  <testcase classname="com.google.javascript.rhino.jstype.JSTypeTest" name="testNullableNamedTypeChain" time="0.069" />
  <testcase classname="com.google.javascript.rhino.jstype.JSTypeTest" name="testForwardDeclaredNamedTypeEquals" time="0.004" />
  <testcase classname="com.google.javascript.rhino.jstype.JSTypeTest" name="testForwardDeclaredNamedType" time="0.003" />
  <testcase classname="com.google.javascript.rhino.jstype.JSTypeTest" name="testGreatestSubtypeSimpleTypes" time="0.004" />
  <testcase classname="com.google.javascript.rhino.jstype.JSTypeTest" name="testSubtypingDerivedExtendsNamedBaseType" time="0.003" />
  <testcase classname="com.google.javascript.rhino.jstype.JSTypeTest" name="testRecordTypeSubtyping" time="0.003" />
  <testcase classname="com.google.javascript.rhino.jstype.JSTypeTest" name="testRecordTypeSubtypingWithInferredProperties" time="0.003" />
  <testcase classname="com.google.javascript.rhino.jstype.JSTypeTest" name="testUniversalConstructorType" time="0.006" />
  <testcase classname="com.google.javascript.rhino.jstype.JSTypeTest" name="testNoObjectType" time="0.003" />
  <testcase classname="com.google.javascript.rhino.jstype.JSTypeTest" name="testNoType" time="0.004" />
  <testcase classname="com.google.javascript.rhino.jstype.JSTypeTest" name="testFunctionInstanceType" time="0.004" />
  <testcase classname="com.google.javascript.rhino.jstype.JSTypeTest" name="testRestrictedTypeGivenToBoolean" time="0.004" />
  <testcase classname="com.google.javascript.rhino.jstype.JSTypeTest" name="testInterfaceHasOwnProperty" time="0.003" />
  <testcase classname="com.google.javascript.rhino.jstype.JSTypeTest" name="testGetPropertyNames" time="0.003" />
  <testcase classname="com.google.javascript.rhino.jstype.JSTypeTest" name="testGetAndSetJSDocInfoWithNamedType" time="0.003" />
  <testcase classname="com.google.javascript.rhino.jstype.JSTypeTest" name="testGetAndSetJSDocInfoWithObjectTypes" time="0.002" />
  <testcase classname="com.google.javascript.rhino.jstype.JSTypeTest" name="testGetAndSetJSDocInfoWithNoType" time="0.001" />
  <testcase classname="com.google.javascript.rhino.jstype.JSTypeTest" name="testUnknownType" time="0.003" />
  <testcase classname="com.google.javascript.rhino.jstype.JSTypeTest" name="testTheObjectType" time="0.004" />
  <testcase classname="com.google.javascript.rhino.jstype.JSTypeTest" name="testNumberObjectType" time="0.006" />
  <testcase classname="com.google.javascript.rhino.jstype.JSTypeTest" name="testNumberValueType" time="0.005" />
  <testcase classname="com.google.javascript.rhino.jstype.JSTypeTest" name="testFunctionType" time="0.004" />
  <testcase classname="com.google.javascript.rhino.jstype.JSTypeTest" name="testGetTypesUnderInequality2" time="0.003" />
  <testcase classname="com.google.javascript.rhino.jstype.JSTypeTest" name="testGetTypesUnderInequality3" time="0.003" />
  <testcase classname="com.google.javascript.rhino.jstype.JSTypeTest" name="testGetTypesUnderInequality4" time="0.002" />
  <testcase classname="com.google.javascript.rhino.jstype.JSTypeTest" name="testCreateRecordType" time="0.002" />
  <testcase classname="com.google.javascript.rhino.jstype.JSTypeTest" name="testCreateOptionalType" time="0.003" />
  <testcase classname="com.google.javascript.rhino.jstype.JSTypeTest" name="testNullType" time="0.005" />
  <testcase classname="com.google.javascript.rhino.jstype.JSTypeTest" name="testRecordTypeLeastSuperType3" time="0.003" />
  <testcase classname="com.google.javascript.rhino.jstype.JSTypeTest" name="testRecordTypeLeastSuperType4" time="0.003" />
  <testcase classname="com.google.javascript.rhino.jstype.JSTypeTest" name="testRecordTypeGreatestSubType1" time="0.004" />
  <testcase classname="com.google.javascript.rhino.jstype.JSTypeTest" name="testRecordTypeGreatestSubType2" time="0.003" />
  <testcase classname="com.google.javascript.rhino.jstype.JSTypeTest" name="testSubclassOfUnresolvedNamedType" time="0.003" />
  <testcase classname="com.google.javascript.rhino.jstype.JSTypeTest" name="testSupertypeOfProxiedFunctionTypes" time="0.003" />
  <testcase classname="com.google.javascript.rhino.jstype.JSTypeTest" name="testTypeOfThisIsProxied" time="0.003" />
  <testcase classname="com.google.javascript.rhino.jstype.JSTypeTest" name="testPartiallyTemplatizedType" time="0.003" />
  <testcase classname="com.google.javascript.rhino.jstype.JSTypeTest" name="testInvalidTemplatizedType" time="0.003" />
  <testcase classname="com.google.javascript.rhino.jstype.JSTypeTest" name="testCanCastTo" time="0.011" />
  <testcase classname="com.google.javascript.rhino.jstype.JSTypeTest" name="testParameterizedTypeRelations" time="0.005" />
  <testcase classname="com.google.javascript.rhino.jstype.JSTypeTest" name="testDateType" time="0.006" />
  <testcase classname="com.google.javascript.rhino.jstype.JSTypeTest" name="testRegExpType" time="0.006" />
  <testcase classname="com.google.javascript.rhino.jstype.JSTypeTest" name="testStringObjectType" time="0.005" />
  <testcase classname="com.google.javascript.rhino.jstype.JSTypeTest" name="testStringValueType" time="0.004" />
  <testcase classname="com.google.javascript.rhino.jstype.JSTypeTest" name="testRecordType" time="0.005" />
  <system-out><![CDATA[]]></system-out>
  <system-err><![CDATA[]]></system-err>
</testsuite>
