<?xml version="1.0" encoding="UTF-8" ?>
<testsuite errors="0" failures="0" hostname="sepehr-UX310UQK" name="com.google.javascript.jscomp.IntegrationTest" skipped="0" tests="169" time="1.523" timestamp="2023-01-02T22:15:55">
  <properties>
    <property name="java.vendor" value="Private Build" />
    <property name="lib.dir" value="/home/sepehr/masters/test_generation/all_projects_coverage/Closure1f/lib" />
    <property name="sun.java.launcher" value="SUN_STANDARD" />
    <property name="sun.management.compiler" value="HotSpot 64-Bit Tiered Compilers" />
    <property name="os.name" value="Linux" />
    <property name="clover.historical.json" value="true" />
    <property name="sun.boot.class.path" value="/usr/lib/jvm/java-8-openjdk-amd64/jre/lib/resources.jar:/usr/lib/jvm/java-8-openjdk-amd64/jre/lib/rt.jar:/usr/lib/jvm/java-8-openjdk-amd64/jre/lib/sunrsasign.jar:/usr/lib/jvm/java-8-openjdk-amd64/jre/lib/jsse.jar:/usr/lib/jvm/java-8-openjdk-amd64/jre/lib/jce.jar:/usr/lib/jvm/java-8-openjdk-amd64/jre/lib/charsets.jar:/usr/lib/jvm/java-8-openjdk-amd64/jre/lib/jfr.jar:/usr/lib/jvm/java-8-openjdk-amd64/jre/classes" />
    <property name="build.svnVersion" value="Unversioned directory" />
    <property name="sun.desktop" value="gnome" />
    <property name="maven-repository-id" value="sonatype-nexus-staging" />
    <property name="java.vm.specification.vendor" value="Oracle Corporation" />
    <property name="ant.home" value="/usr/share/ant" />
    <property name="jsonml-jarfile" value="/home/sepehr/masters/test_generation/all_projects_coverage/Closure1f/build/secure_compiler.jar" />
    <property name="java.runtime.version" value="1.8.0_352-8u352-ga-1~20.04-b08" />
    <property name="gen.dir" value="/home/sepehr/masters/test_generation/all_projects_coverage/Closure1f/gen" />
    <property name="clover.project.historydir" value="/home/sepehr/masters/test_generation/all_projects_coverage/Closure1f/.cloverhistory/compiler" />
    <property name="clover.flushinterval" value="100" />
    <property name="user.name" value="sepehr" />
    <property name="ant.file.compiler" value="/home/sepehr/masters/test_generation/all_projects_coverage/Closure1f/build.xml" />
    <property name="build.dir" value="/home/sepehr/masters/test_generation/all_projects_coverage/Closure1f/build" />
    <property name="jsonml.dir" value="/home/sepehr/masters/test_generation/all_projects_coverage/Closure1f/src/com/google/javascript/jscomp/jsonml" />
    <property name="ant.build.javac.target" value="1.6" />
    <property name="stylesheetfile" value="/home/sepehr/masters/test_generation/all_projects_coverage/Closure1f/build/javadoc/dev_javadoc.css" />
    <property name="user.language" value="en" />
    <property name="sun.boot.library.path" value="/usr/lib/jvm/java-8-openjdk-amd64/jre/lib/amd64" />
    <property name="ant.project.default-target" value="jar" />
    <property name="ant.project.name" value="compiler" />
    <property name="java.version" value="1.8.0_352" />
    <property name="user.timezone" value="" />
    <property name="sun.arch.data.model" value="64" />
    <property name="java.endorsed.dirs" value="/usr/lib/jvm/java-8-openjdk-amd64/jre/lib/endorsed" />
    <property name="sun.cpu.isalist" value="" />
    <property name="sun.jnu.encoding" value="UTF-8" />
    <property name="file.encoding.pkg" value="sun.io" />
    <property name="file.separator" value="/" />
    <property name="java.specification.name" value="Java Platform API Specification" />
    <property name="protoc.executable" value="protoc" />
    <property name="classes.dir" value="/home/sepehr/masters/test_generation/all_projects_coverage/Closure1f/build/classes" />
    <property name="clover.initstring" value="/home/sepehr/masters/test_generation/all_projects_coverage/Closure1f/.clover/clover4_4_1.db" />
    <property name="java.class.version" value="52.0" />
    <property name="testClasses.dir" value="/home/sepehr/masters/test_generation/all_projects_coverage/Closure1f/build/test" />
    <property name="user.country" value="US" />
    <property name="jsonml-classes.dir" value="/home/sepehr/masters/test_generation/all_projects_coverage/Closure1f/build/jsonml-classes" />
    <property name="java.home" value="/usr/lib/jvm/java-8-openjdk-amd64/jre" />
    <property name="clover.dir" value="/home/sepehr/masters/test_generation/all_projects_coverage/Closure1f/clover" />
    <property name="java.vm.info" value="mixed mode" />
    <property name="externs.dir" value="/home/sepehr/masters/test_generation/all_projects_coverage/Closure1f/externs" />
    <property name="ant.file" value="/home/sepehr/masters/test_generation/all_projects_coverage/Closure1f/build.xml" />
    <property name="os.version" value="5.15.0-56-generic" />
    <property name="javac.debug" value="on" />
    <property name="path.separator" value=":" />
    <property name="java.vm.version" value="25.352-b08" />
    <property name="num-fuzz-tests" value="10000" />
    <property name="ant.library.dir" value="/usr/share/ant/lib" />
    <property name="clover.jar" value="/home/sepehr/masters/test_generation/all_projects_coverage/Closure1f/${clover.home}/clover.jar" />
    <property name="java.awt.printerjob" value="sun.print.PSPrinterJob" />
    <property name="webservice-jarfile" value="/home/sepehr/masters/test_generation/all_projects_coverage/Closure1f/build/webservice.jar" />
    <property name="sun.io.unicode.encoding" value="UnicodeLittle" />
    <property name="test.fork" value="true" />
    <property name="webservice.dir" value="/home/sepehr/masters/test_generation/all_projects_coverage/Closure1f/src/com/google/javascript/jscomp/webservice" />
    <property name="java.specification.maintenance.version" value="4" />
    <property name="awt.toolkit" value="sun.awt.X11.XToolkit" />
    <property name="buildlib.dir" value="/home/sepehr/masters/test_generation/all_projects_coverage/Closure1f/build/lib" />
    <property name="ant.build.javac.source" value="1.6" />
    <property name="user.home" value="/home/sepehr" />
    <property name="java.specification.vendor" value="Oracle Corporation" />
    <property name="test.dir" value="/home/sepehr/masters/test_generation/all_projects_coverage/Closure1f/test" />
    <property name="clover.dest" value="/home/sepehr/masters/test_generation/all_projects_coverage/Closure1f/clover/compiler" />
    <property name="clover.span" value="1day" />
    <property name="java.library.path" value="/usr/java/packages/lib/amd64:/usr/lib/x86_64-linux-gnu/jni:/lib/x86_64-linux-gnu:/usr/lib/x86_64-linux-gnu:/usr/lib/jni:/lib:/usr/lib" />
    <property name="java.vendor.url" value="http://java.oracle.com/" />
    <property name="test.target" value="test" />
    <property name="java.vm.vendor" value="Private Build" />
    <property name="java.runtime.name" value="OpenJDK Runtime Environment" />
    <property name="ant.version" value="Apache Ant(TM) version 1.10.7 compiled on October 24 2019" />
    <property name="java.class.path" value="/home/sepehr/.ant/lib/clover.jar:/home/sepehr/masters/test_generation/all_projects_coverage/Closure1f/build/classes:/home/sepehr/masters/test_generation/all_projects_coverage/Closure1f/lib/ant-launcher.jar:/home/sepehr/masters/test_generation/all_projects_coverage/Closure1f/lib/ant.jar:/home/sepehr/masters/test_generation/all_projects_coverage/Closure1f/lib/args4j.jar:/home/sepehr/masters/test_generation/all_projects_coverage/Closure1f/lib/caja-r4314.jar:/home/sepehr/masters/test_generation/all_projects_coverage/Closure1f/lib/guava.jar:/home/sepehr/masters/test_generation/all_projects_coverage/Closure1f/lib/jarjar.jar:/home/sepehr/masters/test_generation/all_projects_coverage/Closure1f/lib/json.jar:/home/sepehr/masters/test_generation/all_projects_coverage/Closure1f/lib/jsr305.jar:/home/sepehr/masters/test_generation/all_projects_coverage/Closure1f/lib/junit.jar:/home/sepehr/masters/test_generation/all_projects_coverage/Closure1f/lib/protobuf-java.jar:/home/sepehr/masters/test_generation/all_projects_coverage/Closure1f/build/lib/rhino.jar:/home/sepehr/masters/test_generation/all_projects_coverage/Closure1f/build/test:/home/sepehr/.ant/lib/evosuite-1.0.6.jar:/usr/share/java/ant-launcher-1.10.7.jar:/usr/share/ant/lib/ant.jar:/usr/share/ant/lib/ant-junit.jar:/usr/share/ant/lib/ant-junit4.jar" />
    <property name="sun.java.command" value="org.apache.tools.ant.taskdefs.optional.junit.JUnitTestRunner testsfile=/home/sepehr/masters/test_generation/all_projects_coverage/Closure1f/junittestcases9010501712861874427.properties skipNonTests=false filtertrace=true haltOnError=false haltOnFailure=false formatter=org.apache.tools.ant.taskdefs.optional.junit.SummaryJUnitResultFormatter showoutput=true outputtoformatters=true logfailedtests=true threadid=0 logtestlistenerevents=false formatter=org.apache.tools.ant.taskdefs.optional.junit.BriefJUnitResultFormatter formatter=org.apache.tools.ant.taskdefs.optional.junit.XMLJUnitResultFormatter,/home/sepehr/masters/test_generation/all_projects_coverage/Closure1f/build/testoutput/IGNORETHIS.xml crashfile=/home/sepehr/masters/test_generation/all_projects_coverage/Closure1f/junitvmwatcher5359982851335479822.properties propsfile=/home/sepehr/masters/test_generation/all_projects_coverage/Closure1f/junit6549952695583376702.properties" />
    <property name="project.name" value="compiler" />
    <property name="test.class" value="*Test" />
    <property name="java.vm.specification.name" value="Java Virtual Machine Specification" />
    <property name="clover.snapshot.file" value="/home/sepehr/masters/test_generation/all_projects_coverage/Closure1f/.cloverhistory/compiler/clover.snapshot" />
    <property name="ant.file.type" value="file" />
    <property name="java.vm.specification.version" value="1.8" />
    <property name="sun.os.patch.level" value="unknown" />
    <property name="sun.cpu.endian" value="little" />
    <property name="java.io.tmpdir" value="/tmp" />
    <property name="project.title" value="compiler" />
    <property name="java.vendor.url.bug" value="http://bugreport.sun.com/bugreport/" />
    <property name="java.awt.graphicsenv" value="sun.awt.X11GraphicsEnvironment" />
    <property name="os.arch" value="amd64" />
    <property name="clover.jarpath" value="/home/sepehr/.ant/lib/clover.jar" />
    <property name="maven-repository-url" value="https://oss.sonatype.org/service/local/staging/deploy/maven2/" />
    <property name="webservice-classes.dir" value="/home/sepehr/masters/test_generation/all_projects_coverage/Closure1f/build/webservice-classes" />
    <property name="java.ext.dirs" value="/usr/lib/jvm/java-8-openjdk-amd64/jre/lib/ext:/usr/java/packages/lib/ext" />
    <property name="user.dir" value="/home/sepehr/masters/test_generation/all_projects_coverage/Closure1f" />
    <property name="ant.file.type.compiler" value="file" />
    <property name="line.separator" value="&#xa;" />
    <property name="java.vm.name" value="OpenJDK 64-Bit Server VM" />
    <property name="basedir" value="/home/sepehr/masters/test_generation/all_projects_coverage/Closure1f" />
    <property name="ant.java.version" value="1.8" />
    <property name="ant.core.lib" value="/usr/share/ant/lib/ant.jar" />
    <property name="file.encoding" value="UTF-8" />
    <property name="closure.build.dir" value="/home/sepehr/masters/test_generation/all_projects_coverage/Closure1f/build" />
    <property name="build.compiler" value="com.atlassian.clover.ant.taskdefs.CloverCompilerAdapter" />
    <property name="compiler-jarfile" value="/home/sepehr/masters/test_generation/all_projects_coverage/Closure1f/build/compiler.jar" />
    <property name="clover.historydir" value="/home/sepehr/masters/test_generation/all_projects_coverage/Closure1f/.cloverhistory" />
    <property name="java.specification.version" value="1.8" />
    <property name="src.dir" value="/home/sepehr/masters/test_generation/all_projects_coverage/Closure1f/src" />
    <property name="ant.project.invoked-targets" value="with.clover,test,clover.report" />
    <property name="javadoc.dir" value="/home/sepehr/masters/test_generation/all_projects_coverage/Closure1f/build/javadoc" />
    <property name="tools.dir" value="/home/sepehr/masters/test_generation/all_projects_coverage/Closure1f/tools" />
    <property name="clover.flushpolicy" value="directed" />
  </properties>
  <testcase classname="com.google.javascript.jscomp.IntegrationTest" name="testCheckSymbolsOff" time="0.008" />
  <testcase classname="com.google.javascript.jscomp.IntegrationTest" name="testCheckSymbolsOn" time="0.002" />
  <testcase classname="com.google.javascript.jscomp.IntegrationTest" name="testCheckReferencesOff" time="0.004" />
  <testcase classname="com.google.javascript.jscomp.IntegrationTest" name="testCheckReferencesOn" time="0.002" />
  <testcase classname="com.google.javascript.jscomp.IntegrationTest" name="testTypeCheckAndInference" time="0.01" />
  <testcase classname="com.google.javascript.jscomp.IntegrationTest" name="testTypeNameParser" time="0.007" />
  <testcase classname="com.google.javascript.jscomp.IntegrationTest" name="testMemoizedTypedScopeCreator" time="0.019" />
  <testcase classname="com.google.javascript.jscomp.IntegrationTest" name="testReplaceCssNames" time="0.006" />
  <testcase classname="com.google.javascript.jscomp.IntegrationTest" name="testRemoveClosureAsserts" time="0.009" />
  <testcase classname="com.google.javascript.jscomp.IntegrationTest" name="testUnreachableCode" time="0.006" />
  <testcase classname="com.google.javascript.jscomp.IntegrationTest" name="testIdGenerators" time="0.01" />
  <testcase classname="com.google.javascript.jscomp.IntegrationTest" name="testOptimizeArgumentsArray" time="0.008" />
  <testcase classname="com.google.javascript.jscomp.IntegrationTest" name="testOptimizeParameters" time="0.009" />
  <testcase classname="com.google.javascript.jscomp.IntegrationTest" name="testOptimizeReturns" time="0.008" />
  <testcase classname="com.google.javascript.jscomp.IntegrationTest" name="testRemoveAbstractMethods" time="0.014" />
  <testcase classname="com.google.javascript.jscomp.IntegrationTest" name="testCollapseProperties1" time="0.009" />
  <testcase classname="com.google.javascript.jscomp.IntegrationTest" name="testCollapseProperties2" time="0.015" />
  <testcase classname="com.google.javascript.jscomp.IntegrationTest" name="testCollapseObjectLiteral1" time="0.005" />
  <testcase classname="com.google.javascript.jscomp.IntegrationTest" name="testCollapseObjectLiteral2" time="0.007" />
  <testcase classname="com.google.javascript.jscomp.IntegrationTest" name="testTightenTypesWithoutTypeCheck" time="0.003" />
  <testcase classname="com.google.javascript.jscomp.IntegrationTest" name="testDisambiguateProperties" time="0.011" />
  <testcase classname="com.google.javascript.jscomp.IntegrationTest" name="testMarkPureCalls" time="0.006" />
  <testcase classname="com.google.javascript.jscomp.IntegrationTest" name="testMarkNoSideEffects" time="0.005" />
  <testcase classname="com.google.javascript.jscomp.IntegrationTest" name="testChainedCalls" time="0.003" />
  <testcase classname="com.google.javascript.jscomp.IntegrationTest" name="testExtraAnnotationNames" time="0.003" />
  <testcase classname="com.google.javascript.jscomp.IntegrationTest" name="testDevirtualizePrototypeMethods" time="0.003" />
  <testcase classname="com.google.javascript.jscomp.IntegrationTest" name="testCheckConsts" time="0.003" />
  <testcase classname="com.google.javascript.jscomp.IntegrationTest" name="testAllChecksOn" time="0.006" />
  <testcase classname="com.google.javascript.jscomp.IntegrationTest" name="testCompilerDoesNotBlowUpIfUndefinedSymbols" time="0.003" />
  <testcase classname="com.google.javascript.jscomp.IntegrationTest" name="testConstantTagsMustAlwaysBeRemoved" time="0.003" />
  <testcase classname="com.google.javascript.jscomp.IntegrationTest" name="testClosurePassPreservesJsDoc" time="0.011" />
  <testcase classname="com.google.javascript.jscomp.IntegrationTest" name="testProvidedNamespaceIsConst" time="0.007" />
  <testcase classname="com.google.javascript.jscomp.IntegrationTest" name="testProvidedNamespaceIsConst2" time="0.004" />
  <testcase classname="com.google.javascript.jscomp.IntegrationTest" name="testProvidedNamespaceIsConst3" time="0.008" />
  <testcase classname="com.google.javascript.jscomp.IntegrationTest" name="testProvidedNamespaceIsConst4" time="0.006" />
  <testcase classname="com.google.javascript.jscomp.IntegrationTest" name="testProvidedNamespaceIsConst5" time="0.003" />
  <testcase classname="com.google.javascript.jscomp.IntegrationTest" name="testProcessDefinesAlwaysOn" time="0.003" />
  <testcase classname="com.google.javascript.jscomp.IntegrationTest" name="testInlineConstants" time="0.006" />
  <testcase classname="com.google.javascript.jscomp.IntegrationTest" name="testIssue90" time="0.004" />
  <testcase classname="com.google.javascript.jscomp.IntegrationTest" name="testExpose" time="0.022" />
  <testcase classname="com.google.javascript.jscomp.IntegrationTest" name="testCheckGlobalThisOff" time="0.003" />
  <testcase classname="com.google.javascript.jscomp.IntegrationTest" name="testInlineVariables" time="0.007" />
  <testcase classname="com.google.javascript.jscomp.IntegrationTest" name="testHiddenSideEffect" time="0.012" />
  <testcase classname="com.google.javascript.jscomp.IntegrationTest" name="testBug1949424_v2" time="0.005" />
  <testcase classname="com.google.javascript.jscomp.IntegrationTest" name="testProcessDefinesAdditionalReplacements" time="0.005" />
  <testcase classname="com.google.javascript.jscomp.IntegrationTest" name="testReplaceMessages" time="0.006" />
  <testcase classname="com.google.javascript.jscomp.IntegrationTest" name="testCheckGlobalNames" time="0.002" />
  <testcase classname="com.google.javascript.jscomp.IntegrationTest" name="testInlineGetters" time="0.025" />
  <testcase classname="com.google.javascript.jscomp.IntegrationTest" name="testInlineGettersWithAmbiguate" time="0.022" />
  <testcase classname="com.google.javascript.jscomp.IntegrationTest" name="testMinimizeExits" time="0.01" />
  <testcase classname="com.google.javascript.jscomp.IntegrationTest" name="testFoldConstants" time="0.008" />
  <testcase classname="com.google.javascript.jscomp.IntegrationTest" name="testRemoveUnreachableCode" time="0.008" />
  <testcase classname="com.google.javascript.jscomp.IntegrationTest" name="testRemoveUnusedPrototypeProperties1" time="0.008" />
  <testcase classname="com.google.javascript.jscomp.IntegrationTest" name="testRemoveUnusedPrototypeProperties2" time="0.013" />
  <testcase classname="com.google.javascript.jscomp.IntegrationTest" name="testSmartNamePass" time="0.009" />
  <testcase classname="com.google.javascript.jscomp.IntegrationTest" name="testDeadAssignmentsElimination" time="0.015" />
  <testcase classname="com.google.javascript.jscomp.IntegrationTest" name="testInlineFunctions" time="0.01" />
  <testcase classname="com.google.javascript.jscomp.IntegrationTest" name="testRemoveUnusedVars1" time="0.008" />
  <testcase classname="com.google.javascript.jscomp.IntegrationTest" name="testRemoveUnusedVars2" time="0.014" />
  <testcase classname="com.google.javascript.jscomp.IntegrationTest" name="testCrossModuleCodeMotion" time="0.008" />
  <testcase classname="com.google.javascript.jscomp.IntegrationTest" name="testCrossModuleMethodMotion" time="0.011" />
  <testcase classname="com.google.javascript.jscomp.IntegrationTest" name="testFlowSensitiveInlineVariables1" time="0.017" />
  <testcase classname="com.google.javascript.jscomp.IntegrationTest" name="testFlowSensitiveInlineVariables2" time="0.01" />
  <testcase classname="com.google.javascript.jscomp.IntegrationTest" name="testCollapseAnonymousFunctions" time="0.007" />
  <testcase classname="com.google.javascript.jscomp.IntegrationTest" name="testMoveFunctionDeclarations" time="0.009" />
  <testcase classname="com.google.javascript.jscomp.IntegrationTest" name="testNameAnonymousFunctions" time="0.011" />
  <testcase classname="com.google.javascript.jscomp.IntegrationTest" name="testNameAnonymousFunctionsWithVarRemoval" time="0.015" />
  <testcase classname="com.google.javascript.jscomp.IntegrationTest" name="testExtractPrototypeMemberDeclarations" time="0.021" />
  <testcase classname="com.google.javascript.jscomp.IntegrationTest" name="testDevirtualizationAndExtractPrototypeMemberDeclarations" time="0.018" />
  <testcase classname="com.google.javascript.jscomp.IntegrationTest" name="testCoalesceVariableNames" time="0.009" />
  <testcase classname="com.google.javascript.jscomp.IntegrationTest" name="testPropertyRenaming" time="0.018" />
  <testcase classname="com.google.javascript.jscomp.IntegrationTest" name="testConvertToDottedProperties" time="0.008" />
  <testcase classname="com.google.javascript.jscomp.IntegrationTest" name="testRewriteFunctionExpressions" time="0.015" />
  <testcase classname="com.google.javascript.jscomp.IntegrationTest" name="testAliasAllStrings" time="0.008" />
  <testcase classname="com.google.javascript.jscomp.IntegrationTest" name="testAliasExterns" time="0.01" />
  <testcase classname="com.google.javascript.jscomp.IntegrationTest" name="testAliasKeywords" time="0.008" />
  <testcase classname="com.google.javascript.jscomp.IntegrationTest" name="testRenameVars1" time="0.012" />
  <testcase classname="com.google.javascript.jscomp.IntegrationTest" name="testRenameVars2" time="0.008" />
  <testcase classname="com.google.javascript.jscomp.IntegrationTest" name="testShadowVaribles" time="0.005" />
  <testcase classname="com.google.javascript.jscomp.IntegrationTest" name="testRenameLabels" time="0.008" />
  <testcase classname="com.google.javascript.jscomp.IntegrationTest" name="testBadBreakStatementInIdeMode" time="0.007" />
  <testcase classname="com.google.javascript.jscomp.IntegrationTest" name="testIssue63SourceMap" time="0.002" />
  <testcase classname="com.google.javascript.jscomp.IntegrationTest" name="testRegExp1" time="0.016" />
  <testcase classname="com.google.javascript.jscomp.IntegrationTest" name="testRegExp2" time="0.015" />
  <testcase classname="com.google.javascript.jscomp.IntegrationTest" name="testFoldLocals1" time="0.008" />
  <testcase classname="com.google.javascript.jscomp.IntegrationTest" name="testFoldLocals2" time="0.014" />
  <testcase classname="com.google.javascript.jscomp.IntegrationTest" name="testFoldLocals3" time="0.009" />
  <testcase classname="com.google.javascript.jscomp.IntegrationTest" name="testFoldLocals4" time="0.011" />
  <testcase classname="com.google.javascript.jscomp.IntegrationTest" name="testCheckRequiresAndCheckProvidesOff" time="0.004" />
  <testcase classname="com.google.javascript.jscomp.IntegrationTest" name="testBug1962380" time="0.007" />
  <testcase classname="com.google.javascript.jscomp.IntegrationTest" name="testInferTypes" time="0.014" />
  <testcase classname="com.google.javascript.jscomp.IntegrationTest" name="testBug1949424" time="0.006" />
  <testcase classname="com.google.javascript.jscomp.IntegrationTest" name="testFoldLocals5" time="0.012" />
  <testcase classname="com.google.javascript.jscomp.IntegrationTest" name="testFoldLocals6" time="0.01" />
  <testcase classname="com.google.javascript.jscomp.IntegrationTest" name="testFoldLocals7" time="0.007" />
  <testcase classname="com.google.javascript.jscomp.IntegrationTest" name="testVarDeclarationsIntoFor" time="0.005" />
  <testcase classname="com.google.javascript.jscomp.IntegrationTest" name="testExploitAssigns" time="0.007" />
  <testcase classname="com.google.javascript.jscomp.IntegrationTest" name="testRecoverOnBadExterns" time="0.003" />
  <testcase classname="com.google.javascript.jscomp.IntegrationTest" name="testDuplicateVariablesInExterns" time="0.002" />
  <testcase classname="com.google.javascript.jscomp.IntegrationTest" name="testLanguageMode" time="0.007" />
  <testcase classname="com.google.javascript.jscomp.IntegrationTest" name="testLanguageMode2" time="0.007" />
  <testcase classname="com.google.javascript.jscomp.IntegrationTest" name="testIssue598" time="0.013" />
  <testcase classname="com.google.javascript.jscomp.IntegrationTest" name="testIssue701" time="0.003" />
  <testcase classname="com.google.javascript.jscomp.IntegrationTest" name="testIssue730" time="0.045" />
  <testcase classname="com.google.javascript.jscomp.IntegrationTest" name="testCoaleseVariables" time="0.018" />
  <testcase classname="com.google.javascript.jscomp.IntegrationTest" name="testLateStatementFusion" time="0.006" />
  <testcase classname="com.google.javascript.jscomp.IntegrationTest" name="testLateConstantReordering" time="0.011" />
  <testcase classname="com.google.javascript.jscomp.IntegrationTest" name="testsyntheticBlockOnDeadAssignments" time="0.005" />
  <testcase classname="com.google.javascript.jscomp.IntegrationTest" name="testBug4152835" time="0.004" />
  <testcase classname="com.google.javascript.jscomp.IntegrationTest" name="testBug5786871" time="0.002" />
  <testcase classname="com.google.javascript.jscomp.IntegrationTest" name="testIssue378" time="0.007" />
  <testcase classname="com.google.javascript.jscomp.IntegrationTest" name="testIssue550" time="0.007" />
  <testcase classname="com.google.javascript.jscomp.IntegrationTest" name="testIssue284" time="0.008" />
  <testcase classname="com.google.javascript.jscomp.IntegrationTest" name="testIssue772" time="0.014" />
  <testcase classname="com.google.javascript.jscomp.IntegrationTest" name="testCodingConvention" time="0.001" />
  <testcase classname="com.google.javascript.jscomp.IntegrationTest" name="testJQueryStringSplitLoops" time="0.008" />
  <testcase classname="com.google.javascript.jscomp.IntegrationTest" name="testAlwaysRunSafetyCheck" time="0.006" />
  <testcase classname="com.google.javascript.jscomp.IntegrationTest" name="testSuppressEs5StrictWarning" time="0.008" />
  <testcase classname="com.google.javascript.jscomp.IntegrationTest" name="testCheckProvidesWarning" time="0.003" />
  <testcase classname="com.google.javascript.jscomp.IntegrationTest" name="testSuppressCheckProvidesWarning" time="0.004" />
  <testcase classname="com.google.javascript.jscomp.IntegrationTest" name="testSuppressCastWarning" time="0.021" />
  <testcase classname="com.google.javascript.jscomp.IntegrationTest" name="testRenamePrefix" time="0.004" />
  <testcase classname="com.google.javascript.jscomp.IntegrationTest" name="testRenamePrefixNamespace" time="0.01" />
  <testcase classname="com.google.javascript.jscomp.IntegrationTest" name="testRenamePrefixNamespaceProtectSideEffects" time="0.011" />
  <testcase classname="com.google.javascript.jscomp.IntegrationTest" name="testRenamePrefixNamespaceActivatesMoveFunctionDeclarations" time="0.01" />
  <testcase classname="com.google.javascript.jscomp.IntegrationTest" name="testBrokenNameSpace" time="0.008" />
  <testcase classname="com.google.javascript.jscomp.IntegrationTest" name="testNamelessParameter" time="0.028" />
  <testcase classname="com.google.javascript.jscomp.IntegrationTest" name="testNegativeZero" time="0.021" />
  <testcase classname="com.google.javascript.jscomp.IntegrationTest" name="testSingletonGetter1" time="0.015" />
  <testcase classname="com.google.javascript.jscomp.IntegrationTest" name="testIncompleteFunction1" time="0.004" />
  <testcase classname="com.google.javascript.jscomp.IntegrationTest" name="testIncompleteFunction2" time="0.006" />
  <testcase classname="com.google.javascript.jscomp.IntegrationTest" name="testSortingOff" time="0.004" />
  <testcase classname="com.google.javascript.jscomp.IntegrationTest" name="testUnboundedArrayLiteralInfiniteLoop" time="0.003" />
  <testcase classname="com.google.javascript.jscomp.IntegrationTest" name="testProvideRequireSameFile" time="0.005" />
  <testcase classname="com.google.javascript.jscomp.IntegrationTest" name="testDependencySorting" time="0.006" />
  <testcase classname="com.google.javascript.jscomp.IntegrationTest" name="testStrictWarningsGuard" time="0.006" />
  <testcase classname="com.google.javascript.jscomp.IntegrationTest" name="testStrictWarningsGuardEmergencyMode" time="0.006" />
  <testcase classname="com.google.javascript.jscomp.IntegrationTest" name="testInlineProperties" time="0.021" />
  <testcase classname="com.google.javascript.jscomp.IntegrationTest" name="testGoogDefineClass1" time="0.025" />
  <testcase classname="com.google.javascript.jscomp.IntegrationTest" name="testGoogDefineClass2" time="0.02" />
  <testcase classname="com.google.javascript.jscomp.IntegrationTest" name="testGoogDefineClass3" time="0.022" />
  <testcase classname="com.google.javascript.jscomp.IntegrationTest" name="testCheckConstants1" time="0.008" />
  <testcase classname="com.google.javascript.jscomp.IntegrationTest" name="testCheckConstants2" time="0.004" />
  <testcase classname="com.google.javascript.jscomp.IntegrationTest" name="testIssue787" time="0.025" />
  <testcase classname="com.google.javascript.jscomp.IntegrationTest" name="testMissingReturn" time="0.013" />
  <testcase classname="com.google.javascript.jscomp.IntegrationTest" name="testBug2410122" time="0.005" />
  <testcase classname="com.google.javascript.jscomp.IntegrationTest" name="testIssue724" time="0.013" />
  <testcase classname="com.google.javascript.jscomp.IntegrationTest" name="testBug1956277" time="0.005" />
  <testcase classname="com.google.javascript.jscomp.IntegrationTest" name="testManyAdds" time="0.0" />
  <testcase classname="com.google.javascript.jscomp.IntegrationTest" name="testConstructorCycle" time="0.008" />
  <testcase classname="com.google.javascript.jscomp.IntegrationTest" name="testClosurePassOff" time="0.007" />
  <testcase classname="com.google.javascript.jscomp.IntegrationTest" name="testClosurePassOn" time="0.006" />
  <testcase classname="com.google.javascript.jscomp.IntegrationTest" name="testTypedefBeforeOwner1" time="0.006" />
  <testcase classname="com.google.javascript.jscomp.IntegrationTest" name="testTypedefBeforeOwner2" time="0.009" />
  <testcase classname="com.google.javascript.jscomp.IntegrationTest" name="testExportedNames" time="0.008" />
  <testcase classname="com.google.javascript.jscomp.IntegrationTest" name="testCheckGlobalThisOn" time="0.002" />
  <testcase classname="com.google.javascript.jscomp.IntegrationTest" name="testSusiciousCodeOff" time="0.002" />
  <testcase classname="com.google.javascript.jscomp.IntegrationTest" name="testCheckRequiresOn" time="0.002" />
  <testcase classname="com.google.javascript.jscomp.IntegrationTest" name="testCheckProvidesOn" time="0.002" />
  <testcase classname="com.google.javascript.jscomp.IntegrationTest" name="testGenerateExportsOff" time="0.003" />
  <testcase classname="com.google.javascript.jscomp.IntegrationTest" name="testGenerateExportsOn" time="0.004" />
  <testcase classname="com.google.javascript.jscomp.IntegrationTest" name="testExportTestFunctionsOff" time="0.003" />
  <testcase classname="com.google.javascript.jscomp.IntegrationTest" name="testExportTestFunctionsOn" time="0.004" />
  <testcase classname="com.google.javascript.jscomp.IntegrationTest" name="testVisibility" time="0.013" />
  <testcase classname="com.google.javascript.jscomp.IntegrationTest" name="testCssNameCheck" time="0.003" />
  <testcase classname="com.google.javascript.jscomp.IntegrationTest" name="testBug2592659" time="0.007" />
  <testcase classname="com.google.javascript.jscomp.IntegrationTest" name="testDeprecation" time="0.016" />
  <testcase classname="com.google.javascript.jscomp.IntegrationTest" name="testCheckTypes" time="0.007" />
  <testcase classname="com.google.javascript.jscomp.IntegrationTest" name="testTypeCheckingWithSyntheticBlocks" time="0.009" />
  <system-out><![CDATA[]]></system-out>
  <system-err><![CDATA[]]></system-err>
</testsuite>
