<?xml version="1.0" encoding="UTF-8" ?>
<testsuite errors="0" failures="0" hostname="sepehr-UX310UQK" name="com.google.javascript.jscomp.CommandLineRunnerTest" skipped="0" tests="111" time="1.438" timestamp="2023-01-02T22:15:46">
  <properties>
    <property name="java.vendor" value="Private Build" />
    <property name="lib.dir" value="/home/sepehr/masters/test_generation/all_projects_coverage/Closure1f/lib" />
    <property name="sun.java.launcher" value="SUN_STANDARD" />
    <property name="sun.management.compiler" value="HotSpot 64-Bit Tiered Compilers" />
    <property name="os.name" value="Linux" />
    <property name="clover.historical.json" value="true" />
    <property name="sun.boot.class.path" value="/usr/lib/jvm/java-8-openjdk-amd64/jre/lib/resources.jar:/usr/lib/jvm/java-8-openjdk-amd64/jre/lib/rt.jar:/usr/lib/jvm/java-8-openjdk-amd64/jre/lib/sunrsasign.jar:/usr/lib/jvm/java-8-openjdk-amd64/jre/lib/jsse.jar:/usr/lib/jvm/java-8-openjdk-amd64/jre/lib/jce.jar:/usr/lib/jvm/java-8-openjdk-amd64/jre/lib/charsets.jar:/usr/lib/jvm/java-8-openjdk-amd64/jre/lib/jfr.jar:/usr/lib/jvm/java-8-openjdk-amd64/jre/classes" />
    <property name="build.svnVersion" value="Unversioned directory" />
    <property name="sun.desktop" value="gnome" />
    <property name="maven-repository-id" value="sonatype-nexus-staging" />
    <property name="java.vm.specification.vendor" value="Oracle Corporation" />
    <property name="ant.home" value="/usr/share/ant" />
    <property name="jsonml-jarfile" value="/home/sepehr/masters/test_generation/all_projects_coverage/Closure1f/build/secure_compiler.jar" />
    <property name="java.runtime.version" value="1.8.0_352-8u352-ga-1~20.04-b08" />
    <property name="gen.dir" value="/home/sepehr/masters/test_generation/all_projects_coverage/Closure1f/gen" />
    <property name="clover.project.historydir" value="/home/sepehr/masters/test_generation/all_projects_coverage/Closure1f/.cloverhistory/compiler" />
    <property name="clover.flushinterval" value="100" />
    <property name="user.name" value="sepehr" />
    <property name="ant.file.compiler" value="/home/sepehr/masters/test_generation/all_projects_coverage/Closure1f/build.xml" />
    <property name="build.dir" value="/home/sepehr/masters/test_generation/all_projects_coverage/Closure1f/build" />
    <property name="jsonml.dir" value="/home/sepehr/masters/test_generation/all_projects_coverage/Closure1f/src/com/google/javascript/jscomp/jsonml" />
    <property name="ant.build.javac.target" value="1.6" />
    <property name="stylesheetfile" value="/home/sepehr/masters/test_generation/all_projects_coverage/Closure1f/build/javadoc/dev_javadoc.css" />
    <property name="user.language" value="en" />
    <property name="sun.boot.library.path" value="/usr/lib/jvm/java-8-openjdk-amd64/jre/lib/amd64" />
    <property name="ant.project.default-target" value="jar" />
    <property name="ant.project.name" value="compiler" />
    <property name="java.version" value="1.8.0_352" />
    <property name="user.timezone" value="" />
    <property name="sun.arch.data.model" value="64" />
    <property name="java.endorsed.dirs" value="/usr/lib/jvm/java-8-openjdk-amd64/jre/lib/endorsed" />
    <property name="sun.cpu.isalist" value="" />
    <property name="sun.jnu.encoding" value="UTF-8" />
    <property name="file.encoding.pkg" value="sun.io" />
    <property name="file.separator" value="/" />
    <property name="java.specification.name" value="Java Platform API Specification" />
    <property name="protoc.executable" value="protoc" />
    <property name="classes.dir" value="/home/sepehr/masters/test_generation/all_projects_coverage/Closure1f/build/classes" />
    <property name="clover.initstring" value="/home/sepehr/masters/test_generation/all_projects_coverage/Closure1f/.clover/clover4_4_1.db" />
    <property name="java.class.version" value="52.0" />
    <property name="testClasses.dir" value="/home/sepehr/masters/test_generation/all_projects_coverage/Closure1f/build/test" />
    <property name="user.country" value="US" />
    <property name="jsonml-classes.dir" value="/home/sepehr/masters/test_generation/all_projects_coverage/Closure1f/build/jsonml-classes" />
    <property name="java.home" value="/usr/lib/jvm/java-8-openjdk-amd64/jre" />
    <property name="clover.dir" value="/home/sepehr/masters/test_generation/all_projects_coverage/Closure1f/clover" />
    <property name="java.vm.info" value="mixed mode" />
    <property name="externs.dir" value="/home/sepehr/masters/test_generation/all_projects_coverage/Closure1f/externs" />
    <property name="ant.file" value="/home/sepehr/masters/test_generation/all_projects_coverage/Closure1f/build.xml" />
    <property name="os.version" value="5.15.0-56-generic" />
    <property name="javac.debug" value="on" />
    <property name="path.separator" value=":" />
    <property name="java.vm.version" value="25.352-b08" />
    <property name="num-fuzz-tests" value="10000" />
    <property name="ant.library.dir" value="/usr/share/ant/lib" />
    <property name="clover.jar" value="/home/sepehr/masters/test_generation/all_projects_coverage/Closure1f/${clover.home}/clover.jar" />
    <property name="java.awt.printerjob" value="sun.print.PSPrinterJob" />
    <property name="webservice-jarfile" value="/home/sepehr/masters/test_generation/all_projects_coverage/Closure1f/build/webservice.jar" />
    <property name="sun.io.unicode.encoding" value="UnicodeLittle" />
    <property name="test.fork" value="true" />
    <property name="webservice.dir" value="/home/sepehr/masters/test_generation/all_projects_coverage/Closure1f/src/com/google/javascript/jscomp/webservice" />
    <property name="java.specification.maintenance.version" value="4" />
    <property name="awt.toolkit" value="sun.awt.X11.XToolkit" />
    <property name="buildlib.dir" value="/home/sepehr/masters/test_generation/all_projects_coverage/Closure1f/build/lib" />
    <property name="ant.build.javac.source" value="1.6" />
    <property name="user.home" value="/home/sepehr" />
    <property name="java.specification.vendor" value="Oracle Corporation" />
    <property name="test.dir" value="/home/sepehr/masters/test_generation/all_projects_coverage/Closure1f/test" />
    <property name="clover.dest" value="/home/sepehr/masters/test_generation/all_projects_coverage/Closure1f/clover/compiler" />
    <property name="clover.span" value="1day" />
    <property name="java.library.path" value="/usr/java/packages/lib/amd64:/usr/lib/x86_64-linux-gnu/jni:/lib/x86_64-linux-gnu:/usr/lib/x86_64-linux-gnu:/usr/lib/jni:/lib:/usr/lib" />
    <property name="java.vendor.url" value="http://java.oracle.com/" />
    <property name="test.target" value="test" />
    <property name="java.vm.vendor" value="Private Build" />
    <property name="java.runtime.name" value="OpenJDK Runtime Environment" />
    <property name="ant.version" value="Apache Ant(TM) version 1.10.7 compiled on October 24 2019" />
    <property name="java.class.path" value="/home/sepehr/.ant/lib/clover.jar:/home/sepehr/masters/test_generation/all_projects_coverage/Closure1f/build/classes:/home/sepehr/masters/test_generation/all_projects_coverage/Closure1f/lib/ant-launcher.jar:/home/sepehr/masters/test_generation/all_projects_coverage/Closure1f/lib/ant.jar:/home/sepehr/masters/test_generation/all_projects_coverage/Closure1f/lib/args4j.jar:/home/sepehr/masters/test_generation/all_projects_coverage/Closure1f/lib/caja-r4314.jar:/home/sepehr/masters/test_generation/all_projects_coverage/Closure1f/lib/guava.jar:/home/sepehr/masters/test_generation/all_projects_coverage/Closure1f/lib/jarjar.jar:/home/sepehr/masters/test_generation/all_projects_coverage/Closure1f/lib/json.jar:/home/sepehr/masters/test_generation/all_projects_coverage/Closure1f/lib/jsr305.jar:/home/sepehr/masters/test_generation/all_projects_coverage/Closure1f/lib/junit.jar:/home/sepehr/masters/test_generation/all_projects_coverage/Closure1f/lib/protobuf-java.jar:/home/sepehr/masters/test_generation/all_projects_coverage/Closure1f/build/lib/rhino.jar:/home/sepehr/masters/test_generation/all_projects_coverage/Closure1f/build/test:/home/sepehr/.ant/lib/evosuite-1.0.6.jar:/usr/share/java/ant-launcher-1.10.7.jar:/usr/share/ant/lib/ant.jar:/usr/share/ant/lib/ant-junit.jar:/usr/share/ant/lib/ant-junit4.jar" />
    <property name="sun.java.command" value="org.apache.tools.ant.taskdefs.optional.junit.JUnitTestRunner testsfile=/home/sepehr/masters/test_generation/all_projects_coverage/Closure1f/junittestcases9010501712861874427.properties skipNonTests=false filtertrace=true haltOnError=false haltOnFailure=false formatter=org.apache.tools.ant.taskdefs.optional.junit.SummaryJUnitResultFormatter showoutput=true outputtoformatters=true logfailedtests=true threadid=0 logtestlistenerevents=false formatter=org.apache.tools.ant.taskdefs.optional.junit.BriefJUnitResultFormatter formatter=org.apache.tools.ant.taskdefs.optional.junit.XMLJUnitResultFormatter,/home/sepehr/masters/test_generation/all_projects_coverage/Closure1f/build/testoutput/IGNORETHIS.xml crashfile=/home/sepehr/masters/test_generation/all_projects_coverage/Closure1f/junitvmwatcher5359982851335479822.properties propsfile=/home/sepehr/masters/test_generation/all_projects_coverage/Closure1f/junit6549952695583376702.properties" />
    <property name="project.name" value="compiler" />
    <property name="test.class" value="*Test" />
    <property name="java.vm.specification.name" value="Java Virtual Machine Specification" />
    <property name="clover.snapshot.file" value="/home/sepehr/masters/test_generation/all_projects_coverage/Closure1f/.cloverhistory/compiler/clover.snapshot" />
    <property name="ant.file.type" value="file" />
    <property name="java.vm.specification.version" value="1.8" />
    <property name="sun.os.patch.level" value="unknown" />
    <property name="sun.cpu.endian" value="little" />
    <property name="java.io.tmpdir" value="/tmp" />
    <property name="project.title" value="compiler" />
    <property name="java.vendor.url.bug" value="http://bugreport.sun.com/bugreport/" />
    <property name="java.awt.graphicsenv" value="sun.awt.X11GraphicsEnvironment" />
    <property name="os.arch" value="amd64" />
    <property name="clover.jarpath" value="/home/sepehr/.ant/lib/clover.jar" />
    <property name="maven-repository-url" value="https://oss.sonatype.org/service/local/staging/deploy/maven2/" />
    <property name="webservice-classes.dir" value="/home/sepehr/masters/test_generation/all_projects_coverage/Closure1f/build/webservice-classes" />
    <property name="java.ext.dirs" value="/usr/lib/jvm/java-8-openjdk-amd64/jre/lib/ext:/usr/java/packages/lib/ext" />
    <property name="user.dir" value="/home/sepehr/masters/test_generation/all_projects_coverage/Closure1f" />
    <property name="ant.file.type.compiler" value="file" />
    <property name="line.separator" value="&#xa;" />
    <property name="java.vm.name" value="OpenJDK 64-Bit Server VM" />
    <property name="basedir" value="/home/sepehr/masters/test_generation/all_projects_coverage/Closure1f" />
    <property name="ant.java.version" value="1.8" />
    <property name="ant.core.lib" value="/usr/share/ant/lib/ant.jar" />
    <property name="file.encoding" value="UTF-8" />
    <property name="closure.build.dir" value="/home/sepehr/masters/test_generation/all_projects_coverage/Closure1f/build" />
    <property name="build.compiler" value="com.atlassian.clover.ant.taskdefs.CloverCompilerAdapter" />
    <property name="compiler-jarfile" value="/home/sepehr/masters/test_generation/all_projects_coverage/Closure1f/build/compiler.jar" />
    <property name="clover.historydir" value="/home/sepehr/masters/test_generation/all_projects_coverage/Closure1f/.cloverhistory" />
    <property name="java.specification.version" value="1.8" />
    <property name="src.dir" value="/home/sepehr/masters/test_generation/all_projects_coverage/Closure1f/src" />
    <property name="ant.project.invoked-targets" value="with.clover,test,clover.report" />
    <property name="javadoc.dir" value="/home/sepehr/masters/test_generation/all_projects_coverage/Closure1f/build/javadoc" />
    <property name="tools.dir" value="/home/sepehr/masters/test_generation/all_projects_coverage/Closure1f/tools" />
    <property name="clover.flushpolicy" value="directed" />
  </properties>
  <testcase classname="com.google.javascript.jscomp.CommandLineRunnerTest" name="testWarningGuardOrdering1" time="0.114" />
  <testcase classname="com.google.javascript.jscomp.CommandLineRunnerTest" name="testWarningGuardOrdering2" time="0.005" />
  <testcase classname="com.google.javascript.jscomp.CommandLineRunnerTest" name="testWarningGuardOrdering3" time="0.012" />
  <testcase classname="com.google.javascript.jscomp.CommandLineRunnerTest" name="testWarningGuardOrdering4" time="0.009" />
  <testcase classname="com.google.javascript.jscomp.CommandLineRunnerTest" name="testSimpleModeLeavesUnusedParams" time="0.012" />
  <testcase classname="com.google.javascript.jscomp.CommandLineRunnerTest" name="testAdvancedModeRemovesUnusedParams" time="0.064" />
  <testcase classname="com.google.javascript.jscomp.CommandLineRunnerTest" name="testCheckGlobalThisOffByDefault" time="0.011" />
  <testcase classname="com.google.javascript.jscomp.CommandLineRunnerTest" name="testCheckGlobalThisOnWithAdvancedMode" time="0.011" />
  <testcase classname="com.google.javascript.jscomp.CommandLineRunnerTest" name="testCheckGlobalThisOnWithErrorFlag" time="0.004" />
  <testcase classname="com.google.javascript.jscomp.CommandLineRunnerTest" name="testCheckGlobalThisOff" time="0.019" />
  <testcase classname="com.google.javascript.jscomp.CommandLineRunnerTest" name="testTypeCheckingOffByDefault" time="0.013" />
  <testcase classname="com.google.javascript.jscomp.CommandLineRunnerTest" name="testReflectedMethods" time="0.031" />
  <testcase classname="com.google.javascript.jscomp.CommandLineRunnerTest" name="testInlineVariables" time="0.029" />
  <testcase classname="com.google.javascript.jscomp.CommandLineRunnerTest" name="testTypedAdvanced" time="0.048" />
  <testcase classname="com.google.javascript.jscomp.CommandLineRunnerTest" name="testTypeCheckingOnWithVerbose" time="0.012" />
  <testcase classname="com.google.javascript.jscomp.CommandLineRunnerTest" name="testTypeParsingOffByDefault" time="0.01" />
  <testcase classname="com.google.javascript.jscomp.CommandLineRunnerTest" name="testTypeParsingOnWithVerbose" time="0.024" />
  <testcase classname="com.google.javascript.jscomp.CommandLineRunnerTest" name="testTypeCheckOverride1" time="0.012" />
  <testcase classname="com.google.javascript.jscomp.CommandLineRunnerTest" name="testTypeCheckOverride2" time="0.023" />
  <testcase classname="com.google.javascript.jscomp.CommandLineRunnerTest" name="testCheckSymbolsOffForDefault" time="0.01" />
  <testcase classname="com.google.javascript.jscomp.CommandLineRunnerTest" name="testCheckSymbolsOnForVerbose" time="0.008" />
  <testcase classname="com.google.javascript.jscomp.CommandLineRunnerTest" name="testCheckSymbolsOverrideForVerbose" time="0.016" />
  <testcase classname="com.google.javascript.jscomp.CommandLineRunnerTest" name="testCheckSymbolsOverrideForQuiet" time="0.006" />
  <testcase classname="com.google.javascript.jscomp.CommandLineRunnerTest" name="testCheckUndefinedProperties1" time="0.01" />
  <testcase classname="com.google.javascript.jscomp.CommandLineRunnerTest" name="testCheckUndefinedProperties2" time="0.015" />
  <testcase classname="com.google.javascript.jscomp.CommandLineRunnerTest" name="testCheckUndefinedProperties3" time="0.011" />
  <testcase classname="com.google.javascript.jscomp.CommandLineRunnerTest" name="testDuplicateParams" time="0.004" />
  <testcase classname="com.google.javascript.jscomp.CommandLineRunnerTest" name="testDefineFlag" time="0.017" />
  <testcase classname="com.google.javascript.jscomp.CommandLineRunnerTest" name="testDefineFlag2" time="0.011" />
  <testcase classname="com.google.javascript.jscomp.CommandLineRunnerTest" name="testDefineFlag3" time="0.008" />
  <testcase classname="com.google.javascript.jscomp.CommandLineRunnerTest" name="testScriptStrictModeNoWarning" time="0.027" />
  <testcase classname="com.google.javascript.jscomp.CommandLineRunnerTest" name="testFunctionStrictModeNoWarning" time="0.027" />
  <testcase classname="com.google.javascript.jscomp.CommandLineRunnerTest" name="testQuietMode" time="0.016" />
  <testcase classname="com.google.javascript.jscomp.CommandLineRunnerTest" name="testProcessClosurePrimitives" time="0.02" />
  <testcase classname="com.google.javascript.jscomp.CommandLineRunnerTest" name="testGetMsgWiring" time="0.03" />
  <testcase classname="com.google.javascript.jscomp.CommandLineRunnerTest" name="testCssNameWiring" time="0.016" />
  <testcase classname="com.google.javascript.jscomp.CommandLineRunnerTest" name="testIssue70a" time="0.006" />
  <testcase classname="com.google.javascript.jscomp.CommandLineRunnerTest" name="testIssue70b" time="0.007" />
  <testcase classname="com.google.javascript.jscomp.CommandLineRunnerTest" name="testIssue81" time="0.022" />
  <testcase classname="com.google.javascript.jscomp.CommandLineRunnerTest" name="testIssue115" time="0.022" />
  <testcase classname="com.google.javascript.jscomp.CommandLineRunnerTest" name="testIssue297" time="0.022" />
  <testcase classname="com.google.javascript.jscomp.CommandLineRunnerTest" name="testHiddenSideEffect" time="0.012" />
  <testcase classname="com.google.javascript.jscomp.CommandLineRunnerTest" name="testIssue504" time="0.041" />
  <testcase classname="com.google.javascript.jscomp.CommandLineRunnerTest" name="testIssue601b" time="0.02" />
  <testcase classname="com.google.javascript.jscomp.CommandLineRunnerTest" name="testIssue601c" time="0.018" />
  <testcase classname="com.google.javascript.jscomp.CommandLineRunnerTest" name="testIssue846" time="0.015" />
  <testcase classname="com.google.javascript.jscomp.CommandLineRunnerTest" name="testDebugFlag1" time="0.009" />
  <testcase classname="com.google.javascript.jscomp.CommandLineRunnerTest" name="testDebugFlag2" time="0.011" />
  <testcase classname="com.google.javascript.jscomp.CommandLineRunnerTest" name="testDebugFlag3" time="0.019" />
  <testcase classname="com.google.javascript.jscomp.CommandLineRunnerTest" name="testDebugFlag4" time="0.015" />
  <testcase classname="com.google.javascript.jscomp.CommandLineRunnerTest" name="testBooleanFlag1" time="0.008" />
  <testcase classname="com.google.javascript.jscomp.CommandLineRunnerTest" name="testBooleanFlag2" time="0.009" />
  <testcase classname="com.google.javascript.jscomp.CommandLineRunnerTest" name="testHelpFlag" time="0.007" />
  <testcase classname="com.google.javascript.jscomp.CommandLineRunnerTest" name="testExternsLifting1" time="0.008" />
  <testcase classname="com.google.javascript.jscomp.CommandLineRunnerTest" name="testExternsLifting2" time="0.013" />
  <testcase classname="com.google.javascript.jscomp.CommandLineRunnerTest" name="testSourceSortingOff" time="0.032" />
  <testcase classname="com.google.javascript.jscomp.CommandLineRunnerTest" name="testSourceSortingOn" time="0.005" />
  <testcase classname="com.google.javascript.jscomp.CommandLineRunnerTest" name="testSourceSortingOn2" time="0.006" />
  <testcase classname="com.google.javascript.jscomp.CommandLineRunnerTest" name="testSourceSortingOn3" time="0.008" />
  <testcase classname="com.google.javascript.jscomp.CommandLineRunnerTest" name="testSourceSortingCircularDeps1" time="0.003" />
  <testcase classname="com.google.javascript.jscomp.CommandLineRunnerTest" name="testSourceSortingCircularDeps2" time="0.002" />
  <testcase classname="com.google.javascript.jscomp.CommandLineRunnerTest" name="testSourcePruningOn1" time="0.007" />
  <testcase classname="com.google.javascript.jscomp.CommandLineRunnerTest" name="testSourcePruningOn2" time="0.006" />
  <testcase classname="com.google.javascript.jscomp.CommandLineRunnerTest" name="testSourcePruningOn3" time="0.005" />
  <testcase classname="com.google.javascript.jscomp.CommandLineRunnerTest" name="testSourcePruningOn4" time="0.007" />
  <testcase classname="com.google.javascript.jscomp.CommandLineRunnerTest" name="testSourcePruningOn5" time="0.003" />
  <testcase classname="com.google.javascript.jscomp.CommandLineRunnerTest" name="testSourcePruningOn6" time="0.005" />
  <testcase classname="com.google.javascript.jscomp.CommandLineRunnerTest" name="testSourcePruningOn7" time="0.005" />
  <testcase classname="com.google.javascript.jscomp.CommandLineRunnerTest" name="testSourcePruningOn8" time="0.008" />
  <testcase classname="com.google.javascript.jscomp.CommandLineRunnerTest" name="testNoCompile" time="0.006" />
  <testcase classname="com.google.javascript.jscomp.CommandLineRunnerTest" name="testDependencySortingWhitespaceMode" time="0.004" />
  <testcase classname="com.google.javascript.jscomp.CommandLineRunnerTest" name="testForwardDeclareDroppedTypes" time="0.017" />
  <testcase classname="com.google.javascript.jscomp.CommandLineRunnerTest" name="testOnlyClosureDependenciesEmptyEntryPoints" time="0.001" />
  <testcase classname="com.google.javascript.jscomp.CommandLineRunnerTest" name="testOnlyClosureDependenciesOneEntryPoint" time="0.006" />
  <testcase classname="com.google.javascript.jscomp.CommandLineRunnerTest" name="testSourceMapExpansion1" time="0.005" />
  <testcase classname="com.google.javascript.jscomp.CommandLineRunnerTest" name="testSourceMapExpansion2" time="0.006" />
  <testcase classname="com.google.javascript.jscomp.CommandLineRunnerTest" name="testSourceMapExpansion3" time="0.007" />
  <testcase classname="com.google.javascript.jscomp.CommandLineRunnerTest" name="testSourceMapFormat1" time="0.006" />
  <testcase classname="com.google.javascript.jscomp.CommandLineRunnerTest" name="testSourceMapFormat2" time="0.007" />
  <testcase classname="com.google.javascript.jscomp.CommandLineRunnerTest" name="testModuleWrapperBaseNameExpansion" time="0.006" />
  <testcase classname="com.google.javascript.jscomp.CommandLineRunnerTest" name="testCharSetExpansion" time="0.009" />
  <testcase classname="com.google.javascript.jscomp.CommandLineRunnerTest" name="testChainModuleManifest" time="0.006" />
  <testcase classname="com.google.javascript.jscomp.CommandLineRunnerTest" name="testStarModuleManifest" time="0.007" />
  <testcase classname="com.google.javascript.jscomp.CommandLineRunnerTest" name="testOutputModuleGraphJson" time="0.006" />
  <testcase classname="com.google.javascript.jscomp.CommandLineRunnerTest" name="testVersionFlag" time="0.005" />
  <testcase classname="com.google.javascript.jscomp.CommandLineRunnerTest" name="testVersionFlag2" time="0.006" />
  <testcase classname="com.google.javascript.jscomp.CommandLineRunnerTest" name="testPrintAstFlag" time="0.005" />
  <testcase classname="com.google.javascript.jscomp.CommandLineRunnerTest" name="testSyntheticExterns" time="0.01" />
  <testcase classname="com.google.javascript.jscomp.CommandLineRunnerTest" name="testGoogAssertStripping" time="0.021" />
  <testcase classname="com.google.javascript.jscomp.CommandLineRunnerTest" name="testMissingReturnCheckOnWithVerbose" time="0.009" />
  <testcase classname="com.google.javascript.jscomp.CommandLineRunnerTest" name="testGenerateExports" time="0.007" />
  <testcase classname="com.google.javascript.jscomp.CommandLineRunnerTest" name="testDepreciationWithVerbose" time="0.011" />
  <testcase classname="com.google.javascript.jscomp.CommandLineRunnerTest" name="testTwoParseErrors" time="0.004" />
  <testcase classname="com.google.javascript.jscomp.CommandLineRunnerTest" name="testES3ByDefault" time="0.005" />
  <testcase classname="com.google.javascript.jscomp.CommandLineRunnerTest" name="testES5ChecksByDefault" time="0.016" />
  <testcase classname="com.google.javascript.jscomp.CommandLineRunnerTest" name="testES5ChecksInVerbose" time="0.011" />
  <testcase classname="com.google.javascript.jscomp.CommandLineRunnerTest" name="testES5" time="0.018" />
  <testcase classname="com.google.javascript.jscomp.CommandLineRunnerTest" name="testES5Strict" time="0.011" />
  <testcase classname="com.google.javascript.jscomp.CommandLineRunnerTest" name="testES5StrictUseStrict" time="0.005" />
  <testcase classname="com.google.javascript.jscomp.CommandLineRunnerTest" name="testES5StrictUseStrictMultipleInputs" time="0.007" />
  <testcase classname="com.google.javascript.jscomp.CommandLineRunnerTest" name="testWithKeywordDefault" time="0.005" />
  <testcase classname="com.google.javascript.jscomp.CommandLineRunnerTest" name="testWithKeywordWithEs5ChecksOff" time="0.007" />
  <testcase classname="com.google.javascript.jscomp.CommandLineRunnerTest" name="testNoSrCFilesWithManifest" time="0.002" />
  <testcase classname="com.google.javascript.jscomp.CommandLineRunnerTest" name="testTransformAMD" time="0.009" />
  <testcase classname="com.google.javascript.jscomp.CommandLineRunnerTest" name="testProcessCJS" time="0.009" />
  <testcase classname="com.google.javascript.jscomp.CommandLineRunnerTest" name="testProcessCJSWithModuleOutput" time="0.006" />
  <testcase classname="com.google.javascript.jscomp.CommandLineRunnerTest" name="testFormattingSingleQuote" time="0.013" />
  <testcase classname="com.google.javascript.jscomp.CommandLineRunnerTest" name="testTransformAMDAndProcessCJS" time="0.009" />
  <testcase classname="com.google.javascript.jscomp.CommandLineRunnerTest" name="testModuleJSON" time="0.006" />
  <testcase classname="com.google.javascript.jscomp.CommandLineRunnerTest" name="testOutputSameAsInput" time="0.005" />
  <testcase classname="com.google.javascript.jscomp.CommandLineRunnerTest" name="testIssue601" time="0.004" />
  <system-out><![CDATA[]]></system-out>
  <system-err><![CDATA[Closure Compiler (http://code.google.com/closure/compiler)
Version: Unversioned directory
Built on: 2023/01/02 15:15
Closure Compiler (http://code.google.com/closure/compiler)
Version: Unversioned directory
Built on: 2023/01/02 15:15
]]></system-err>
</testsuite>
