<?xml version="1.0" encoding="UTF-8" ?>
<testsuite errors="0" failures="0" hostname="sepehr-UX310UQK" name="org.apache.commons.cli.ValueTest" skipped="0" tests="16" time="0.018" timestamp="2022-11-20T09:39:25">
  <properties>
    <property name="java.vendor" value="Private Build" />
    <property name="sun.java.launcher" value="SUN_STANDARD" />
    <property name="sun.management.compiler" value="HotSpot 64-Bit Tiered Compilers" />
    <property name="ant.file.type.commons-cli" value="file" />
    <property name="os.name" value="Linux" />
    <property name="clover.historical.json" value="true" />
    <property name="sun.boot.class.path" value="/usr/lib/jvm/java-8-openjdk-amd64/jre/lib/resources.jar:/usr/lib/jvm/java-8-openjdk-amd64/jre/lib/rt.jar:/usr/lib/jvm/java-8-openjdk-amd64/jre/lib/sunrsasign.jar:/usr/lib/jvm/java-8-openjdk-amd64/jre/lib/jsse.jar:/usr/lib/jvm/java-8-openjdk-amd64/jre/lib/jce.jar:/usr/lib/jvm/java-8-openjdk-amd64/jre/lib/charsets.jar:/usr/lib/jvm/java-8-openjdk-amd64/jre/lib/jfr.jar:/usr/lib/jvm/java-8-openjdk-amd64/jre/classes" />
    <property name="sun.desktop" value="gnome" />
    <property name="java.vm.specification.vendor" value="Oracle Corporation" />
    <property name="ant.home" value="/usr/share/ant" />
    <property name="java.runtime.version" value="1.8.0_342-8u342-b07-0ubuntu1~20.04-b07" />
    <property name="distdir" value="/home/sepehr/test_generation/all_projects_coverage/Cli1f/dist" />
    <property name="clover.project.historydir" value="/home/sepehr/test_generation/all_projects_coverage/Cli1f/.cloverhistory/commons-cli" />
    <property name="clover.flushinterval" value="100" />
    <property name="user.name" value="sepehr" />
    <property name="proxy.host" value="" />
    <property name="test.classes.dir" value="/home/sepehr/test_generation/all_projects_coverage/Cli1f/target/test-classes" />
    <property name="user.language" value="en" />
    <property name="sun.boot.library.path" value="/usr/lib/jvm/java-8-openjdk-amd64/jre/lib/amd64" />
    <property name="ant.project.default-target" value="jar" />
    <property name="ant.project.name" value="commons-cli" />
    <property name="java.version" value="1.8.0_342" />
    <property name="user.timezone" value="" />
    <property name="sun.arch.data.model" value="64" />
    <property name="java.endorsed.dirs" value="/usr/lib/jvm/java-8-openjdk-amd64/jre/lib/endorsed" />
    <property name="sun.cpu.isalist" value="" />
    <property name="sun.jnu.encoding" value="UTF-8" />
    <property name="file.encoding.pkg" value="sun.io" />
    <property name="file.separator" value="/" />
    <property name="java.specification.name" value="Java Platform API Specification" />
    <property name="classes.dir" value="/home/sepehr/test_generation/all_projects_coverage/Cli1f/target/classes" />
    <property name="clover.initstring" value="/home/sepehr/test_generation/all_projects_coverage/Cli1f/.clover/clover4_4_1.db" />
    <property name="java.class.version" value="52.0" />
    <property name="user.country" value="US" />
    <property name="java.home" value="/usr/lib/jvm/java-8-openjdk-amd64/jre" />
    <property name="clover.dir" value="/home/sepehr/test_generation/all_projects_coverage/Cli1f/clover" />
    <property name="java.vm.info" value="mixed mode" />
    <property name="ant.file" value="/home/sepehr/test_generation/all_projects_coverage/Cli1f/build.xml" />
    <property name="os.version" value="5.15.0-50-generic" />
    <property name="path.separator" value=":" />
    <property name="java.vm.version" value="25.342-b07" />
    <property name="ant.library.dir" value="/usr/share/ant/lib" />
    <property name="clover.jar" value="/home/sepehr/test_generation/all_projects_coverage/Cli1f/${clover.home}/clover.jar" />
    <property name="java.awt.printerjob" value="sun.print.PSPrinterJob" />
    <property name="sun.io.unicode.encoding" value="UnicodeLittle" />
    <property name="testreportdir" value="/home/sepehr/test_generation/all_projects_coverage/Cli1f/target/test-reports" />
    <property name="awt.toolkit" value="sun.awt.X11.XToolkit" />
    <property name="proxy.port" value="" />
    <property name="Junit.present" value="true" />
    <property name="defaulttargetdir" value="/home/sepehr/test_generation/all_projects_coverage/Cli1f/target" />
    <property name="user.home" value="/home/sepehr" />
    <property name="proxy.password" value="" />
    <property name="java.specification.vendor" value="Oracle Corporation" />
    <property name="clover.dest" value="/home/sepehr/test_generation/all_projects_coverage/Cli1f/clover/commons-cli" />
    <property name="clover.span" value="1day" />
    <property name="java.library.path" value="/usr/java/packages/lib/amd64:/usr/lib/x86_64-linux-gnu/jni:/lib/x86_64-linux-gnu:/usr/lib/x86_64-linux-gnu:/usr/lib/jni:/lib:/usr/lib" />
    <property name="java.vendor.url" value="http://java.oracle.com/" />
    <property name="test.target" value="test" />
    <property name="java.vm.vendor" value="Private Build" />
    <property name="java.runtime.name" value="OpenJDK Runtime Environment" />
    <property name="sun.java.command" value="org.apache.tools.ant.taskdefs.optional.junit.JUnitTestRunner testsfile=/home/sepehr/test_generation/all_projects_coverage/Cli1f/junittestcases2612511528803514994.properties skipNonTests=false filtertrace=true haltOnError=true haltOnFailure=false formatter=org.apache.tools.ant.taskdefs.optional.junit.SummaryJUnitResultFormatter showoutput=false outputtoformatters=true logfailedtests=true threadid=0 logtestlistenerevents=false formatter=org.apache.tools.ant.taskdefs.optional.junit.XMLJUnitResultFormatter,/home/sepehr/test_generation/all_projects_coverage/Cli1f/target/test-reports/IGNORETHIS.xml formatter=org.apache.tools.ant.taskdefs.optional.junit.PlainJUnitResultFormatter crashfile=/home/sepehr/test_generation/all_projects_coverage/Cli1f/junitvmwatcher6034563831494254117.properties propsfile=/home/sepehr/test_generation/all_projects_coverage/Cli1f/junit878701936779371494.properties" />
    <property name="java.class.path" value="/home/sepehr/.ant/lib/clover.jar:/home/sepehr/.maven/repository/commons-lang/jars/commons-lang-2.1.jar:/home/sepehr/.maven/repository/junit/jars/junit-3.8.1.jar:/home/sepehr/test_generation/all_projects_coverage/Cli1f/target/test-classes:/home/sepehr/test_generation/all_projects_coverage/Cli1f/target/classes:/home/sepehr/.ant/lib/evosuite-1.0.6.jar:/usr/share/java/ant-launcher-1.10.7.jar:/usr/share/ant/lib/ant.jar:/usr/share/ant/lib/ant-junit.jar:/usr/share/ant/lib/ant-junit4.jar" />
    <property name="ant.version" value="Apache Ant(TM) version 1.10.7 compiled on October 24 2019" />
    <property name="project.name" value="commons-cli" />
    <property name="java.vm.specification.name" value="Java Virtual Machine Specification" />
    <property name="ant.file.type" value="file" />
    <property name="clover.snapshot.file" value="/home/sepehr/test_generation/all_projects_coverage/Cli1f/.cloverhistory/commons-cli/clover.snapshot" />
    <property name="java.vm.specification.version" value="1.8" />
    <property name="sun.cpu.endian" value="little" />
    <property name="sun.os.patch.level" value="unknown" />
    <property name="java.io.tmpdir" value="/tmp" />
    <property name="project.title" value="commons-cli" />
    <property name="proxy.username" value="" />
    <property name="java.vendor.url.bug" value="http://bugreport.sun.com/bugreport/" />
    <property name="java.awt.graphicsenv" value="sun.awt.X11GraphicsEnvironment" />
    <property name="os.arch" value="amd64" />
    <property name="clover.jarpath" value="/home/sepehr/.ant/lib/clover.jar" />
    <property name="java.ext.dirs" value="/usr/lib/jvm/java-8-openjdk-amd64/jre/lib/ext:/usr/java/packages/lib/ext" />
    <property name="user.dir" value="/home/sepehr/test_generation/all_projects_coverage/Cli1f" />
    <property name="javadocdir" value="/home/sepehr/test_generation/all_projects_coverage/Cli1f/dist/docs/api" />
    <property name="libdir" value="/home/sepehr/.maven/repository" />
    <property name="line.separator" value="&#xa;" />
    <property name="java.vm.name" value="OpenJDK 64-Bit Server VM" />
    <property name="basedir" value="." />
    <property name="ant.java.version" value="1.8" />
    <property name="ant.core.lib" value="/usr/share/ant/lib/ant.jar" />
    <property name="file.encoding" value="UTF-8" />
    <property name="build.compiler" value="com.atlassian.clover.ant.taskdefs.CloverCompilerAdapter" />
    <property name="final.name" value="commons-cli-1.1-SNAPSHOT" />
    <property name="clover.historydir" value="/home/sepehr/test_generation/all_projects_coverage/Cli1f/.cloverhistory" />
    <property name="ant.file.commons-cli" value="/home/sepehr/test_generation/all_projects_coverage/Cli1f/build.xml" />
    <property name="java.specification.version" value="1.8" />
    <property name="ant.project.invoked-targets" value="with.clover,test,clover.report" />
    <property name="clover.flushpolicy" value="directed" />
  </properties>
  <testcase classname="org.apache.commons.cli.ValueTest" name="testPropertyOptionMultipleValues" time="0.001" />
  <testcase classname="org.apache.commons.cli.ValueTest" name="testPropertyOverrideValues" time="0.001" />
  <testcase classname="org.apache.commons.cli.ValueTest" name="testShortWithArg" time="0.001" />
  <testcase classname="org.apache.commons.cli.ValueTest" name="testShortNoArg" time="0.001" />
  <testcase classname="org.apache.commons.cli.ValueTest" name="testLongNoArg" time="0.001" />
  <testcase classname="org.apache.commons.cli.ValueTest" name="testLongWithArg" time="0.0" />
  <testcase classname="org.apache.commons.cli.ValueTest" name="testShortOptionalArgNoValue" time="0.0" />
  <testcase classname="org.apache.commons.cli.ValueTest" name="testShortOptionalArgValue" time="0.0" />
  <testcase classname="org.apache.commons.cli.ValueTest" name="testLongOptionalNoValue" time="0.001" />
  <testcase classname="org.apache.commons.cli.ValueTest" name="testLongOptionalArgValue" time="0.001" />
  <testcase classname="org.apache.commons.cli.ValueTest" name="testShortOptionalArgValues" time="0.001" />
  <testcase classname="org.apache.commons.cli.ValueTest" name="testLongOptionalArgValues" time="0.001" />
  <testcase classname="org.apache.commons.cli.ValueTest" name="testShortOptionalNArgValues" time="0.001" />
  <testcase classname="org.apache.commons.cli.ValueTest" name="testLongOptionalNArgValues" time="0.001" />
  <testcase classname="org.apache.commons.cli.ValueTest" name="testPropertyOptionSingularValue" time="0.001" />
  <testcase classname="org.apache.commons.cli.ValueTest" name="testPropertyOptionFlags" time="0.001" />
  <system-out><![CDATA[]]></system-out>
  <system-err><![CDATA[]]></system-err>
</testsuite>
