<?xml version="1.0" encoding="UTF-8" ?>
<testsuite errors="0" failures="0" hostname="sepehr-UX310UQK" name="com.fasterxml.jackson.databind.ser.TestNullSerialization" skipped="0" tests="3" time="0.065" timestamp="2023-01-06T06:41:33">
  <properties>
    <property name="java.vendor" value="Private Build" />
    <property name="sun.java.launcher" value="SUN_STANDARD" />
    <property name="sun.management.compiler" value="HotSpot 64-Bit Tiered Compilers" />
    <property name="maven.build.srcDir.0" value="src/main/java" />
    <property name="os.name" value="Linux" />
    <property name="clover.historical.json" value="true" />
    <property name="sun.boot.class.path" value="/usr/lib/jvm/java-8-openjdk-amd64/jre/lib/resources.jar:/usr/lib/jvm/java-8-openjdk-amd64/jre/lib/rt.jar:/usr/lib/jvm/java-8-openjdk-amd64/jre/lib/sunrsasign.jar:/usr/lib/jvm/java-8-openjdk-amd64/jre/lib/jsse.jar:/usr/lib/jvm/java-8-openjdk-amd64/jre/lib/jce.jar:/usr/lib/jvm/java-8-openjdk-amd64/jre/lib/charsets.jar:/usr/lib/jvm/java-8-openjdk-amd64/jre/lib/jfr.jar:/usr/lib/jvm/java-8-openjdk-amd64/jre/classes" />
    <property name="maven.build.timestamp.format" value="yyyy-MM-dd HH:mm:ssZ" />
    <property name="sun.desktop" value="gnome" />
    <property name="java.vm.specification.vendor" value="Oracle Corporation" />
    <property name="ant.home" value="/usr/share/ant" />
    <property name="java.runtime.version" value="1.8.0_352-8u352-ga-1~20.04-b08" />
    <property name="maven.build.resourceDir.0" value="src/main/resources" />
    <property name="project.build.sourceEncoding" value="UTF-8" />
    <property name="clover.project.historydir" value="/home/sepehr/masters/test_generation/all_projects_coverage/jacksonDatabind1f/.cloverhistory/jackson-databind" />
    <property name="clover.flushinterval" value="100" />
    <property name="user.name" value="sepehr" />
    <property name="osgi.export" value="com.fasterxml.jackson.databind,&#xa;com.fasterxml.jackson.databind.annotation,&#xa;com.fasterxml.jackson.databind.cfg,&#xa;com.fasterxml.jackson.databind.deser,&#xa;com.fasterxml.jackson.databind.deser.impl,&#xa;com.fasterxml.jackson.databind.deser.std,&#xa;com.fasterxml.jackson.databind.exc,&#xa;com.fasterxml.jackson.databind.ext,&#xa;com.fasterxml.jackson.databind.introspect,&#xa;com.fasterxml.jackson.databind.jsonschema,&#xa;com.fasterxml.jackson.databind.jsonFormatVisitors,&#xa;com.fasterxml.jackson.databind.jsontype,&#xa;com.fasterxml.jackson.databind.jsontype.impl,&#xa;com.fasterxml.jackson.databind.module,&#xa;com.fasterxml.jackson.databind.node,&#xa;com.fasterxml.jackson.databind.ser,&#xa;com.fasterxml.jackson.databind.ser.impl,&#xa;com.fasterxml.jackson.databind.ser.std,&#xa;com.fasterxml.jackson.databind.type,&#xa;com.fasterxml.jackson.databind.util" />
    <property name="maven.build.outputDir" value="target/classes" />
    <property name="packageVersion.template.input" value="/tmp/initialize-revisions.pl_29749_1558362086/9f/src/main/java/com/fasterxml/jackson/databind/cfg/PackageVersion.java.in" />
    <property name="maven.repo.local" value="/home/sepehr/.m2/repository" />
    <property name="osgi.requiredExecutionEnvironment" value="" />
    <property name="maven.build.finalName" value="jackson-databind-2.2.2-SNAPSHOT" />
    <property name="javac.src.version" value="1.6" />
    <property name="maven.build.testDir.0" value="src/test/java" />
    <property name="user.language" value="en" />
    <property name="sun.boot.library.path" value="/usr/lib/jvm/java-8-openjdk-amd64/jre/lib/amd64" />
    <property name="ant.project.default-target" value="package" />
    <property name="maven.reporting.outputDirectory" value="target/site" />
    <property name="ant.project.name" value="jackson-databind" />
    <property name="generatedSourcesDir" value="/tmp/initialize-revisions.pl_29749_1558362086/9f/target/generated-sources" />
    <property name="java.version" value="1.8.0_352" />
    <property name="user.timezone" value="" />
    <property name="sun.arch.data.model" value="64" />
    <property name="java.endorsed.dirs" value="/usr/lib/jvm/java-8-openjdk-amd64/jre/lib/endorsed" />
    <property name="sun.cpu.isalist" value="" />
    <property name="sun.jnu.encoding" value="UTF-8" />
    <property name="file.encoding.pkg" value="sun.io" />
    <property name="file.separator" value="/" />
    <property name="java.specification.name" value="Java Platform API Specification" />
    <property name="clover.initstring" value="/home/sepehr/masters/test_generation/all_projects_coverage/jacksonDatabind1f/.clover/clover4_4_1.db" />
    <property name="java.class.version" value="52.0" />
    <property name="javadoc.version" value="2.8.1" />
    <property name="user.country" value="US" />
    <property name="java.home" value="/usr/lib/jvm/java-8-openjdk-amd64/jre" />
    <property name="packageVersion.template.output" value="/tmp/initialize-revisions.pl_29749_1558362086/9f/target/generated-sources/com/fasterxml/jackson/databind/cfg/PackageVersion.java" />
    <property name="clover.dir" value="/home/sepehr/masters/test_generation/all_projects_coverage/jacksonDatabind1f/clover" />
    <property name="java.vm.info" value="mixed mode" />
    <property name="ant.file" value="/home/sepehr/masters/test_generation/all_projects_coverage/jacksonDatabind1f/build.xml" />
    <property name="os.version" value="5.15.0-56-generic" />
    <property name="maven.build.testOutputDir" value="target/test-classes" />
    <property name="project.reporting.outputEncoding" value="UTF-8" />
    <property name="replacer.version" value="1.5.2" />
    <property name="path.separator" value=":" />
    <property name="java.vm.version" value="25.352-b08" />
    <property name="maven.build.dir" value="target" />
    <property name="maven.test.reports" value="target/test-reports" />
    <property name="ant.library.dir" value="/usr/share/ant/lib" />
    <property name="surefire.version" value="2.12" />
    <property name="clover.jar" value="/home/sepehr/masters/test_generation/all_projects_coverage/jacksonDatabind1f/${clover.home}/clover.jar" />
    <property name="java.awt.printerjob" value="sun.print.PSPrinterJob" />
    <property name="sun.io.unicode.encoding" value="UnicodeLittle" />
    <property name="packageVersion.dir" value="com/fasterxml/jackson/databind/cfg" />
    <property name="java.specification.maintenance.version" value="4" />
    <property name="awt.toolkit" value="sun.awt.X11.XToolkit" />
    <property name="project.build.outputDirectory" value="target/classes" />
    <property name="user.home" value="/home/sepehr" />
    <property name="ant.file.jackson-databind" value="/home/sepehr/masters/test_generation/all_projects_coverage/jacksonDatabind1f/build.xml" />
    <property name="java.specification.vendor" value="Oracle Corporation" />
    <property name="clover.dest" value="/home/sepehr/masters/test_generation/all_projects_coverage/jacksonDatabind1f/clover/jackson-databind" />
    <property name="clover.span" value="1day" />
    <property name="java.vendor.url" value="http://java.oracle.com/" />
    <property name="java.library.path" value="/usr/java/packages/lib/amd64:/usr/lib/x86_64-linux-gnu/jni:/lib/x86_64-linux-gnu:/usr/lib/x86_64-linux-gnu:/usr/lib/jni:/lib:/usr/lib" />
    <property name="test.target" value="test" />
    <property name="maven.settings.offline" value="false" />
    <property name="java.vm.vendor" value="Private Build" />
    <property name="project.build.resourceEncoding" value="UTF-8" />
    <property name="maven.settings.interactiveMode" value="true" />
    <property name="java.runtime.name" value="OpenJDK Runtime Environment" />
    <property name="ant.version" value="Apache Ant(TM) version 1.10.7 compiled on October 24 2019" />
    <property name="java.class.path" value="/home/sepehr/.ant/lib/clover.jar:/home/sepehr/.m2/repository/com/fasterxml/jackson/core/jackson-annotations/2.2.1/jackson-annotations-2.2.1.jar:/home/sepehr/.m2/repository/com/fasterxml/jackson/core/jackson-core/2.2.1/jackson-core-2.2.1.jar:/home/sepehr/.m2/repository/junit/junit/4.10/junit-4.10.jar:/home/sepehr/.m2/repository/org/hamcrest/hamcrest-core/1.1/hamcrest-core-1.1.jar:/home/sepehr/.m2/repository/cglib/cglib/2.2.2/cglib-2.2.2.jar:/home/sepehr/.m2/repository/asm/asm/3.3.1/asm-3.3.1.jar:/home/sepehr/.m2/repository/org/codehaus/groovy/groovy/1.7.9/groovy-1.7.9.jar:/home/sepehr/.m2/repository/antlr/antlr/2.7.7/antlr-2.7.7.jar:/home/sepehr/.m2/repository/asm/asm-commons/3.2/asm-commons-3.2.jar:/home/sepehr/.m2/repository/asm/asm-util/3.2/asm-util-3.2.jar:/home/sepehr/.m2/repository/asm/asm-analysis/3.2/asm-analysis-3.2.jar:/home/sepehr/.m2/repository/asm/asm-tree/3.2/asm-tree-3.2.jar:/home/sepehr/.m2/repository/org/hibernate/hibernate-cglib-repack/2.1_3/hibernate-cglib-repack-2.1_3.jar:/home/sepehr/masters/test_generation/all_projects_coverage/jacksonDatabind1f/target/classes:/home/sepehr/masters/test_generation/all_projects_coverage/jacksonDatabind1f/target/test-classes:/home/sepehr/.ant/lib/evosuite-1.0.6.jar:/usr/share/java/ant-launcher-1.10.7.jar:/usr/share/ant/lib/ant.jar:/usr/share/ant/lib/ant-junit.jar:/usr/share/ant/lib/ant-junit4.jar" />
    <property name="sun.java.command" value="org.apache.tools.ant.taskdefs.optional.junit.JUnitTestRunner com.fasterxml.jackson.databind.ser.TestNullSerialization skipNonTests=false filtertrace=true haltOnError=false haltOnFailure=false formatter=org.apache.tools.ant.taskdefs.optional.junit.SummaryJUnitResultFormatter showoutput=false outputtoformatters=true logfailedtests=true threadid=0 logtestlistenerevents=false formatter=org.apache.tools.ant.taskdefs.optional.junit.XMLJUnitResultFormatter,/home/sepehr/masters/test_generation/all_projects_coverage/jacksonDatabind1f/target/test-reports/TEST-com.fasterxml.jackson.databind.ser.TestNullSerialization.xml formatter=org.apache.tools.ant.taskdefs.optional.junit.PlainJUnitResultFormatter crashfile=/home/sepehr/masters/test_generation/all_projects_coverage/jacksonDatabind1f/junitvmwatcher1218907391660698137.properties propsfile=/home/sepehr/masters/test_generation/all_projects_coverage/jacksonDatabind1f/junit6614680454384159830.properties" />
    <property name="project.name" value="jackson-databind" />
    <property name="project.build.directory" value="target" />
    <property name="java.vm.specification.name" value="Java Virtual Machine Specification" />
    <property name="clover.snapshot.file" value="/home/sepehr/masters/test_generation/all_projects_coverage/jacksonDatabind1f/.cloverhistory/jackson-databind/clover.snapshot" />
    <property name="ant.file.type" value="file" />
    <property name="java.vm.specification.version" value="1.8" />
    <property name="sun.os.patch.level" value="unknown" />
    <property name="packageVersion.package" value="com.fasterxml.jackson.databind.cfg" />
    <property name="sun.cpu.endian" value="little" />
    <property name="java.io.tmpdir" value="/tmp" />
    <property name="junit.present" value="true" />
    <property name="project.title" value="jackson-databind" />
    <property name="java.vendor.url.bug" value="http://bugreport.sun.com/bugreport/" />
    <property name="ant.file.type.jackson-databind-from-maven" value="file" />
    <property name="java.awt.graphicsenv" value="sun.awt.X11GraphicsEnvironment" />
    <property name="os.arch" value="amd64" />
    <property name="clover.jarpath" value="/home/sepehr/.ant/lib/clover.jar" />
    <property name="maven.build.testResourceDir.0" value="src/test/resources" />
    <property name="java.ext.dirs" value="/usr/lib/jvm/java-8-openjdk-amd64/jre/lib/ext:/usr/java/packages/lib/ext" />
    <property name="user.dir" value="/home/sepehr/masters/test_generation/all_projects_coverage/jacksonDatabind1f" />
    <property name="osgi.private" value="" />
    <property name="ant.file.type.jackson-databind" value="file" />
    <property name="line.separator" value="&#xa;" />
    <property name="java.vm.name" value="OpenJDK 64-Bit Server VM" />
    <property name="basedir" value="." />
    <property name="javadoc.maxmemory" value="1g" />
    <property name="ant.java.version" value="1.8" />
    <property name="osgi.import" value="com.fasterxml.jackson.annotation,&#xa;com.fasterxml.jackson.core,&#xa;com.fasterxml.jackson.core.base,&#xa;com.fasterxml.jackson.core.format,&#xa;com.fasterxml.jackson.core.json,&#xa;com.fasterxml.jackson.core.io,&#xa;com.fasterxml.jackson.core.util,&#xa;com.fasterxml.jackson.core.type,&#xa;org.xml.sax,org.w3c.dom, org.w3c.dom.bootstrap, org.w3c.dom.ls,&#xa;javax.xml.datatype, javax.xml.namespace, javax.xml.parsers" />
    <property name="ant.core.lib" value="/usr/share/ant/lib/ant.jar" />
    <property name="ant.file.jackson-databind-from-maven" value="/home/sepehr/masters/test_generation/all_projects_coverage/jacksonDatabind1f/maven-build.xml" />
    <property name="file.encoding" value="UTF-8" />
    <property name="build.compiler" value="com.atlassian.clover.ant.taskdefs.CloverCompilerAdapter" />
    <property name="clover.historydir" value="/home/sepehr/masters/test_generation/all_projects_coverage/jacksonDatabind1f/.cloverhistory" />
    <property name="javac.target.version" value="1.6" />
    <property name="java.specification.version" value="1.8" />
    <property name="ant.project.invoked-targets" value="with.clover,test,clover.report" />
    <property name="osgi.dynamicImport" value="" />
    <property name="clover.flushpolicy" value="directed" />
  </properties>
  <testcase classname="com.fasterxml.jackson.databind.ser.TestNullSerialization" name="testOverriddenDefaultNulls" time="0.011" />
  <testcase classname="com.fasterxml.jackson.databind.ser.TestNullSerialization" name="testSimple" time="0.002" />
  <testcase classname="com.fasterxml.jackson.databind.ser.TestNullSerialization" name="testCustomNulls" time="0.023" />
  <system-out><![CDATA[]]></system-out>
  <system-err><![CDATA[]]></system-err>
</testsuite>
