<?xml version="1.0" encoding="UTF-8" ?>
<testsuite tests="50" failures="0" name="com.google.gson.stream.JsonReaderTest" time="0.07" errors="0" skipped="0">
  <properties>
    <property name="java.runtime.name" value="OpenJDK Runtime Environment"/>
    <property name="sun.boot.library.path" value="/usr/lib/jvm/java-8-openjdk-amd64/jre/lib/amd64"/>
    <property name="java.vm.version" value="25.352-b08"/>
    <property name="java.vm.vendor" value="Private Build"/>
    <property name="maven.multiModuleProjectDirectory" value="/home/sepehr/masters/test_generation/all_projects_coverage/Gson1f/gson"/>
    <property name="java.vendor.url" value="http://java.oracle.com/"/>
    <property name="path.separator" value=":"/>
    <property name="guice.disable.misplaced.annotation.check" value="true"/>
    <property name="java.vm.name" value="OpenJDK 64-Bit Server VM"/>
    <property name="file.encoding.pkg" value="sun.io"/>
    <property name="user.country" value="US"/>
    <property name="sun.java.launcher" value="SUN_STANDARD"/>
    <property name="sun.os.patch.level" value="unknown"/>
    <property name="java.vm.specification.name" value="Java Virtual Machine Specification"/>
    <property name="user.dir" value="/home/sepehr/masters/test_generation/all_projects_coverage/Gson1f/gson"/>
    <property name="java.runtime.version" value="1.8.0_352-8u352-ga-1~20.04-b08"/>
    <property name="java.awt.graphicsenv" value="sun.awt.X11GraphicsEnvironment"/>
    <property name="java.endorsed.dirs" value="/usr/lib/jvm/java-8-openjdk-amd64/jre/lib/endorsed"/>
    <property name="os.arch" value="amd64"/>
    <property name="java.io.tmpdir" value="/tmp"/>
    <property name="line.separator" value="
"/>
    <property name="java.vm.specification.vendor" value="Oracle Corporation"/>
    <property name="os.name" value="Linux"/>
    <property name="classworlds.conf" value="/usr/share/maven/bin/m2.conf"/>
    <property name="sun.jnu.encoding" value="UTF-8"/>
    <property name="java.library.path" value="/usr/java/packages/lib/amd64:/usr/lib/x86_64-linux-gnu/jni:/lib/x86_64-linux-gnu:/usr/lib/x86_64-linux-gnu:/usr/lib/jni:/lib:/usr/lib"/>
    <property name="maven.conf" value="/usr/share/maven/conf"/>
    <property name="java.specification.name" value="Java Platform API Specification"/>
    <property name="java.class.version" value="52.0"/>
    <property name="sun.management.compiler" value="HotSpot 64-Bit Tiered Compilers"/>
    <property name="skipTests" value="false"/>
    <property name="os.version" value="5.15.0-56-generic"/>
    <property name="library.jansi.path" value="/usr/share/maven/lib/jansi-native"/>
    <property name="user.home" value="/home/sepehr"/>
    <property name="user.timezone" value="America/Edmonton"/>
    <property name="java.awt.printerjob" value="sun.print.PSPrinterJob"/>
    <property name="testFailureIgnore" value="true"/>
    <property name="java.specification.version" value="1.8"/>
    <property name="file.encoding" value="UTF-8"/>
    <property name="user.name" value="sepehr"/>
    <property name="java.class.path" value="/usr/share/maven/boot/plexus-classworlds-2.x.jar"/>
    <property name="java.vm.specification.version" value="1.8"/>
    <property name="sun.arch.data.model" value="64"/>
    <property name="java.home" value="/usr/lib/jvm/java-8-openjdk-amd64/jre"/>
    <property name="sun.java.command" value="org.codehaus.plexus.classworlds.launcher.Launcher clean clover:setup test clover:aggregate clover:clover -DskipTests=false -DtestFailureIgnore=true -fail-never"/>
    <property name="java.specification.vendor" value="Oracle Corporation"/>
    <property name="user.language" value="en"/>
    <property name="awt.toolkit" value="sun.awt.X11.XToolkit"/>
    <property name="java.vm.info" value="mixed mode"/>
    <property name="java.version" value="1.8.0_352"/>
    <property name="java.ext.dirs" value="/usr/lib/jvm/java-8-openjdk-amd64/jre/lib/ext:/usr/java/packages/lib/ext"/>
    <property name="securerandom.source" value="file:/dev/./urandom"/>
    <property name="sun.boot.class.path" value="/usr/lib/jvm/java-8-openjdk-amd64/jre/lib/resources.jar:/usr/lib/jvm/java-8-openjdk-amd64/jre/lib/rt.jar:/usr/lib/jvm/java-8-openjdk-amd64/jre/lib/sunrsasign.jar:/usr/lib/jvm/java-8-openjdk-amd64/jre/lib/jsse.jar:/usr/lib/jvm/java-8-openjdk-amd64/jre/lib/jce.jar:/usr/lib/jvm/java-8-openjdk-amd64/jre/lib/charsets.jar:/usr/lib/jvm/java-8-openjdk-amd64/jre/lib/jfr.jar:/usr/lib/jvm/java-8-openjdk-amd64/jre/classes"/>
    <property name="java.vendor" value="Private Build"/>
    <property name="java.specification.maintenance.version" value="4"/>
    <property name="maven.home" value="/usr/share/maven"/>
    <property name="file.separator" value="/"/>
    <property name="java.vendor.url.bug" value="http://bugreport.sun.com/bugreport/"/>
    <property name="sun.cpu.endian" value="little"/>
    <property name="sun.io.unicode.encoding" value="UnicodeLittle"/>
    <property name="sun.desktop" value="gnome"/>
    <property name="sun.cpu.isalist" value=""/>
  </properties>
  <testcase classname="com.google.gson.stream.JsonReaderTest" name="testHelloWorld" time="0.006"/>
  <testcase classname="com.google.gson.stream.JsonReaderTest" name="testReadObject" time="0.004"/>
  <testcase classname="com.google.gson.stream.JsonReaderTest" name="testSkipObject" time="0.001"/>
  <testcase classname="com.google.gson.stream.JsonReaderTest" name="testReadArray" time="0"/>
  <testcase classname="com.google.gson.stream.JsonReaderTest" name="testReadEmptyArray" time="0"/>
  <testcase classname="com.google.gson.stream.JsonReaderTest" name="testReadEmptyObject" time="0.001"/>
  <testcase classname="com.google.gson.stream.JsonReaderTest" name="testNulls" time="0"/>
  <testcase classname="com.google.gson.stream.JsonReaderTest" name="testEmptyString" time="0"/>
  <testcase classname="com.google.gson.stream.JsonReaderTest" name="testNoTopLevelObject" time="0.002"/>
  <testcase classname="com.google.gson.stream.JsonReaderTest" name="testCharacterUnescaping" time="0.001"/>
  <testcase classname="com.google.gson.stream.JsonReaderTest" name="testIntegersWithFractionalPartSpecified" time="0.002"/>
  <testcase classname="com.google.gson.stream.JsonReaderTest" name="testDoubles" time="0.003"/>
  <testcase classname="com.google.gson.stream.JsonReaderTest" name="testStrictNonFiniteDoubles" time="0.002"/>
  <testcase classname="com.google.gson.stream.JsonReaderTest" name="testLenientNonFiniteDoubles" time="0.001"/>
  <testcase classname="com.google.gson.stream.JsonReaderTest" name="testLongs" time="0"/>
  <testcase classname="com.google.gson.stream.JsonReaderTest" name="testNumberWithOctalPrefix" time="0.002"/>
  <testcase classname="com.google.gson.stream.JsonReaderTest" name="testBooleans" time="0"/>
  <testcase classname="com.google.gson.stream.JsonReaderTest" name="testMixedCaseLiterals" time="0.001"/>
  <testcase classname="com.google.gson.stream.JsonReaderTest" name="testMissingValue" time="0"/>
  <testcase classname="com.google.gson.stream.JsonReaderTest" name="testPrematureEndOfInput" time="0.002"/>
  <testcase classname="com.google.gson.stream.JsonReaderTest" name="testPrematurelyClosed" time="0.002"/>
  <testcase classname="com.google.gson.stream.JsonReaderTest" name="testNextFailuresDoNotAdvance" time="0.004"/>
  <testcase classname="com.google.gson.stream.JsonReaderTest" name="testStringNullIsNotNull" time="0"/>
  <testcase classname="com.google.gson.stream.JsonReaderTest" name="testNullLiteralIsNotAString" time="0.001"/>
  <testcase classname="com.google.gson.stream.JsonReaderTest" name="testStrictNameValueSeparator" time="0.001"/>
  <testcase classname="com.google.gson.stream.JsonReaderTest" name="testLenientNameValueSeparator" time="0.002"/>
  <testcase classname="com.google.gson.stream.JsonReaderTest" name="testStrictComments" time="0.001"/>
  <testcase classname="com.google.gson.stream.JsonReaderTest" name="testLenientComments" time="0.001"/>
  <testcase classname="com.google.gson.stream.JsonReaderTest" name="testStrictUnquotedNames" time="0.001"/>
  <testcase classname="com.google.gson.stream.JsonReaderTest" name="testLenientUnquotedNames" time="0.001"/>
  <testcase classname="com.google.gson.stream.JsonReaderTest" name="testStrictSingleQuotedNames" time="0"/>
  <testcase classname="com.google.gson.stream.JsonReaderTest" name="testLenientSingleQuotedNames" time="0.002"/>
  <testcase classname="com.google.gson.stream.JsonReaderTest" name="testStrictUnquotedStrings" time="0.002"/>
  <testcase classname="com.google.gson.stream.JsonReaderTest" name="testLenientUnquotedStrings" time="0"/>
  <testcase classname="com.google.gson.stream.JsonReaderTest" name="testStrictSingleQuotedStrings" time="0.001"/>
  <testcase classname="com.google.gson.stream.JsonReaderTest" name="testLenientSingleQuotedStrings" time="0"/>
  <testcase classname="com.google.gson.stream.JsonReaderTest" name="testStrictSemicolonDelimitedArray" time="0.001"/>
  <testcase classname="com.google.gson.stream.JsonReaderTest" name="testLenientSemicolonDelimitedArray" time="0.001"/>
  <testcase classname="com.google.gson.stream.JsonReaderTest" name="testStrictSemicolonDelimitedNameValuePair" time="0"/>
  <testcase classname="com.google.gson.stream.JsonReaderTest" name="testLenientSemicolonDelimitedNameValuePair" time="0"/>
  <testcase classname="com.google.gson.stream.JsonReaderTest" name="testStrictUnnecessaryArraySeparators" time="0.001"/>
  <testcase classname="com.google.gson.stream.JsonReaderTest" name="testLenientUnnecessaryArraySeparators" time="0.003"/>
  <testcase classname="com.google.gson.stream.JsonReaderTest" name="testStrictMultipleTopLevelValues" time="0.004"/>
  <testcase classname="com.google.gson.stream.JsonReaderTest" name="testLenientMultipleTopLevelValues" time="0.001"/>
  <testcase classname="com.google.gson.stream.JsonReaderTest" name="testStrictTopLevelValueType" time="0.007"/>
  <testcase classname="com.google.gson.stream.JsonReaderTest" name="testLenientTopLevelValueType" time="0.001"/>
  <testcase classname="com.google.gson.stream.JsonReaderTest" name="testStrictNonExecutePrefix" time="0.001"/>
  <testcase classname="com.google.gson.stream.JsonReaderTest" name="testLenientNonExecutePrefix" time="0.002"/>
  <testcase classname="com.google.gson.stream.JsonReaderTest" name="testLenientNonExecutePrefixWithLeadingWhitespace" time="0"/>
  <testcase classname="com.google.gson.stream.JsonReaderTest" name="testLenientPartialNonExecutePrefix" time="0.001"/>
</testsuite>