<?xml version="1.0" encoding="UTF-8" ?>
<testsuite tests="67" failures="0" name="com.google.gson.functional.PrimitiveTest" time="0.06" errors="0" skipped="0">
  <properties>
    <property name="java.runtime.name" value="OpenJDK Runtime Environment"/>
    <property name="sun.boot.library.path" value="/usr/lib/jvm/java-8-openjdk-amd64/jre/lib/amd64"/>
    <property name="java.vm.version" value="25.352-b08"/>
    <property name="java.vm.vendor" value="Private Build"/>
    <property name="maven.multiModuleProjectDirectory" value="/home/sepehr/masters/test_generation/all_projects_coverage/Gson1f/gson"/>
    <property name="java.vendor.url" value="http://java.oracle.com/"/>
    <property name="path.separator" value=":"/>
    <property name="guice.disable.misplaced.annotation.check" value="true"/>
    <property name="java.vm.name" value="OpenJDK 64-Bit Server VM"/>
    <property name="file.encoding.pkg" value="sun.io"/>
    <property name="user.country" value="US"/>
    <property name="sun.java.launcher" value="SUN_STANDARD"/>
    <property name="sun.os.patch.level" value="unknown"/>
    <property name="java.vm.specification.name" value="Java Virtual Machine Specification"/>
    <property name="user.dir" value="/home/sepehr/masters/test_generation/all_projects_coverage/Gson1f/gson"/>
    <property name="java.runtime.version" value="1.8.0_352-8u352-ga-1~20.04-b08"/>
    <property name="java.awt.graphicsenv" value="sun.awt.X11GraphicsEnvironment"/>
    <property name="java.endorsed.dirs" value="/usr/lib/jvm/java-8-openjdk-amd64/jre/lib/endorsed"/>
    <property name="os.arch" value="amd64"/>
    <property name="java.io.tmpdir" value="/tmp"/>
    <property name="line.separator" value="
"/>
    <property name="java.vm.specification.vendor" value="Oracle Corporation"/>
    <property name="os.name" value="Linux"/>
    <property name="classworlds.conf" value="/usr/share/maven/bin/m2.conf"/>
    <property name="sun.jnu.encoding" value="UTF-8"/>
    <property name="java.library.path" value="/usr/java/packages/lib/amd64:/usr/lib/x86_64-linux-gnu/jni:/lib/x86_64-linux-gnu:/usr/lib/x86_64-linux-gnu:/usr/lib/jni:/lib:/usr/lib"/>
    <property name="maven.conf" value="/usr/share/maven/conf"/>
    <property name="java.specification.name" value="Java Platform API Specification"/>
    <property name="java.class.version" value="52.0"/>
    <property name="sun.management.compiler" value="HotSpot 64-Bit Tiered Compilers"/>
    <property name="skipTests" value="false"/>
    <property name="os.version" value="5.15.0-56-generic"/>
    <property name="library.jansi.path" value="/usr/share/maven/lib/jansi-native"/>
    <property name="user.home" value="/home/sepehr"/>
    <property name="user.timezone" value="America/Edmonton"/>
    <property name="java.awt.printerjob" value="sun.print.PSPrinterJob"/>
    <property name="testFailureIgnore" value="true"/>
    <property name="java.specification.version" value="1.8"/>
    <property name="file.encoding" value="UTF-8"/>
    <property name="user.name" value="sepehr"/>
    <property name="java.class.path" value="/usr/share/maven/boot/plexus-classworlds-2.x.jar"/>
    <property name="java.vm.specification.version" value="1.8"/>
    <property name="sun.arch.data.model" value="64"/>
    <property name="java.home" value="/usr/lib/jvm/java-8-openjdk-amd64/jre"/>
    <property name="sun.java.command" value="org.codehaus.plexus.classworlds.launcher.Launcher clean clover:setup test clover:aggregate clover:clover -DskipTests=false -DtestFailureIgnore=true -fail-never"/>
    <property name="java.specification.vendor" value="Oracle Corporation"/>
    <property name="user.language" value="en"/>
    <property name="awt.toolkit" value="sun.awt.X11.XToolkit"/>
    <property name="java.vm.info" value="mixed mode"/>
    <property name="java.version" value="1.8.0_352"/>
    <property name="java.ext.dirs" value="/usr/lib/jvm/java-8-openjdk-amd64/jre/lib/ext:/usr/java/packages/lib/ext"/>
    <property name="securerandom.source" value="file:/dev/./urandom"/>
    <property name="sun.boot.class.path" value="/usr/lib/jvm/java-8-openjdk-amd64/jre/lib/resources.jar:/usr/lib/jvm/java-8-openjdk-amd64/jre/lib/rt.jar:/usr/lib/jvm/java-8-openjdk-amd64/jre/lib/sunrsasign.jar:/usr/lib/jvm/java-8-openjdk-amd64/jre/lib/jsse.jar:/usr/lib/jvm/java-8-openjdk-amd64/jre/lib/jce.jar:/usr/lib/jvm/java-8-openjdk-amd64/jre/lib/charsets.jar:/usr/lib/jvm/java-8-openjdk-amd64/jre/lib/jfr.jar:/usr/lib/jvm/java-8-openjdk-amd64/jre/classes"/>
    <property name="java.vendor" value="Private Build"/>
    <property name="java.specification.maintenance.version" value="4"/>
    <property name="maven.home" value="/usr/share/maven"/>
    <property name="file.separator" value="/"/>
    <property name="java.vendor.url.bug" value="http://bugreport.sun.com/bugreport/"/>
    <property name="sun.cpu.endian" value="little"/>
    <property name="sun.io.unicode.encoding" value="UnicodeLittle"/>
    <property name="sun.desktop" value="gnome"/>
    <property name="sun.cpu.isalist" value=""/>
  </properties>
  <testcase classname="com.google.gson.functional.PrimitiveTest" name="testDoubleNaNSerializationNotSupportedByDefault" time="0.001"/>
  <testcase classname="com.google.gson.functional.PrimitiveTest" name="testDoubleNaNSerialization" time="0.002"/>
  <testcase classname="com.google.gson.functional.PrimitiveTest" name="testDoubleNaNDeserialization" time="0.001"/>
  <testcase classname="com.google.gson.functional.PrimitiveTest" name="testFloatNaNSerializationNotSupportedByDefault" time="0"/>
  <testcase classname="com.google.gson.functional.PrimitiveTest" name="testFloatNaNSerialization" time="0.001"/>
  <testcase classname="com.google.gson.functional.PrimitiveTest" name="testFloatNaNDeserialization" time="0.001"/>
  <testcase classname="com.google.gson.functional.PrimitiveTest" name="testBigDecimalNaNDeserializationNotSupported" time="0"/>
  <testcase classname="com.google.gson.functional.PrimitiveTest" name="testDoubleInfinitySerializationNotSupportedByDefault" time="0.001"/>
  <testcase classname="com.google.gson.functional.PrimitiveTest" name="testDoubleInfinitySerialization" time="0"/>
  <testcase classname="com.google.gson.functional.PrimitiveTest" name="testDoubleInfinityDeserialization" time="0.001"/>
  <testcase classname="com.google.gson.functional.PrimitiveTest" name="testFloatInfinitySerializationNotSupportedByDefault" time="0.001"/>
  <testcase classname="com.google.gson.functional.PrimitiveTest" name="testFloatInfinitySerialization" time="0.002"/>
  <testcase classname="com.google.gson.functional.PrimitiveTest" name="testFloatInfinityDeserialization" time="0"/>
  <testcase classname="com.google.gson.functional.PrimitiveTest" name="testBigDecimalInfinityDeserializationNotSupported" time="0"/>
  <testcase classname="com.google.gson.functional.PrimitiveTest" name="testNegativeInfinitySerializationNotSupportedByDefault" time="0"/>
  <testcase classname="com.google.gson.functional.PrimitiveTest" name="testNegativeInfinitySerialization" time="0.001"/>
  <testcase classname="com.google.gson.functional.PrimitiveTest" name="testNegativeInfinityDeserialization" time="0.001"/>
  <testcase classname="com.google.gson.functional.PrimitiveTest" name="testNegativeInfinityFloatSerializationNotSupportedByDefault" time="0.02"/>
  <testcase classname="com.google.gson.functional.PrimitiveTest" name="testNegativeInfinityFloatSerialization" time="0.001"/>
  <testcase classname="com.google.gson.functional.PrimitiveTest" name="testNegativeInfinityFloatDeserialization" time="0.001"/>
  <testcase classname="com.google.gson.functional.PrimitiveTest" name="testBigDecimalNegativeInfinityDeserializationNotSupported" time="0"/>
  <testcase classname="com.google.gson.functional.PrimitiveTest" name="testLongAsStringSerialization" time="0"/>
  <testcase classname="com.google.gson.functional.PrimitiveTest" name="testLongAsStringDeserialization" time="0.001"/>
  <testcase classname="com.google.gson.functional.PrimitiveTest" name="testHtmlCharacterSerialization" time="0.001"/>
  <testcase classname="com.google.gson.functional.PrimitiveTest" name="testDeserializePrimitiveWrapperAsObjectField" time="0.001"/>
  <testcase classname="com.google.gson.functional.PrimitiveTest" name="testPrimitiveClassLiteral" time="0.001"/>
  <testcase classname="com.google.gson.functional.PrimitiveTest" name="testPrimitiveIntegerAutoboxedSerialization" time="0"/>
  <testcase classname="com.google.gson.functional.PrimitiveTest" name="testPrimitiveIntegerAutoboxedDeserialization" time="0.001"/>
  <testcase classname="com.google.gson.functional.PrimitiveTest" name="testPrimitiveIntegerAutoboxedInASingleElementArraySerialization" time="0.001"/>
  <testcase classname="com.google.gson.functional.PrimitiveTest" name="testPrimitiveIntegerAutoboxedInASingleElementArrayDeserialization" time="0"/>
  <testcase classname="com.google.gson.functional.PrimitiveTest" name="testReallyLongValuesSerialization" time="0"/>
  <testcase classname="com.google.gson.functional.PrimitiveTest" name="testReallyLongValuesDeserialization" time="0"/>
  <testcase classname="com.google.gson.functional.PrimitiveTest" name="testPrimitiveLongAutoboxedSerialization" time="0.001"/>
  <testcase classname="com.google.gson.functional.PrimitiveTest" name="testPrimitiveLongAutoboxedDeserialization" time="0"/>
  <testcase classname="com.google.gson.functional.PrimitiveTest" name="testPrimitiveLongAutoboxedInASingleElementArraySerialization" time="0.001"/>
  <testcase classname="com.google.gson.functional.PrimitiveTest" name="testPrimitiveLongAutoboxedInASingleElementArrayDeserialization" time="0"/>
  <testcase classname="com.google.gson.functional.PrimitiveTest" name="testPrimitiveBooleanAutoboxedSerialization" time="0.001"/>
  <testcase classname="com.google.gson.functional.PrimitiveTest" name="testPrimitiveBooleanAutoboxedDeserialization" time="0"/>
  <testcase classname="com.google.gson.functional.PrimitiveTest" name="testPrimitiveBooleanAutoboxedInASingleElementArraySerialization" time="0.001"/>
  <testcase classname="com.google.gson.functional.PrimitiveTest" name="testPrimitiveBooleanAutoboxedInASingleElementArrayDeserialization" time="0.001"/>
  <testcase classname="com.google.gson.functional.PrimitiveTest" name="testNumberSerialization" time="0"/>
  <testcase classname="com.google.gson.functional.PrimitiveTest" name="testNumberDeserialization" time="0.001"/>
  <testcase classname="com.google.gson.functional.PrimitiveTest" name="testPrimitiveDoubleAutoboxedSerialization" time="0"/>
  <testcase classname="com.google.gson.functional.PrimitiveTest" name="testPrimitiveDoubleAutoboxedDeserialization" time="0.001"/>
  <testcase classname="com.google.gson.functional.PrimitiveTest" name="testPrimitiveDoubleAutoboxedInASingleElementArraySerialization" time="0.001"/>
  <testcase classname="com.google.gson.functional.PrimitiveTest" name="testDoubleAsStringRepresentationDeserialization" time="0"/>
  <testcase classname="com.google.gson.functional.PrimitiveTest" name="testDoubleNoFractAsStringRepresentationDeserialization" time="0.001"/>
  <testcase classname="com.google.gson.functional.PrimitiveTest" name="testLargeDoubleDeserialization" time="0"/>
  <testcase classname="com.google.gson.functional.PrimitiveTest" name="testPrimitiveDoubleAutoboxedInASingleElementArrayDeserialization" time="0.001"/>
  <testcase classname="com.google.gson.functional.PrimitiveTest" name="testBigDecimalSerialization" time="0.001"/>
  <testcase classname="com.google.gson.functional.PrimitiveTest" name="testBigDecimalDeserialization" time="0"/>
  <testcase classname="com.google.gson.functional.PrimitiveTest" name="testBigDecimalInASingleElementArraySerialization" time="0.001"/>
  <testcase classname="com.google.gson.functional.PrimitiveTest" name="testBigDecimalInASingleElementArrayDeserialization" time="0"/>
  <testcase classname="com.google.gson.functional.PrimitiveTest" name="testSmallValueForBigDecimalSerialization" time="0.001"/>
  <testcase classname="com.google.gson.functional.PrimitiveTest" name="testSmallValueForBigDecimalDeserialization" time="0.001"/>
  <testcase classname="com.google.gson.functional.PrimitiveTest" name="testBigDecimalPreservePrecisionSerialization" time="0"/>
  <testcase classname="com.google.gson.functional.PrimitiveTest" name="testBigDecimalPreservePrecisionDeserialization" time="0"/>
  <testcase classname="com.google.gson.functional.PrimitiveTest" name="testBigDecimalAsStringRepresentationDeserialization" time="0.001"/>
  <testcase classname="com.google.gson.functional.PrimitiveTest" name="testBigDecimalNoFractAsStringRepresentationDeserialization" time="0"/>
  <testcase classname="com.google.gson.functional.PrimitiveTest" name="testBigIntegerSerialization" time="0.001"/>
  <testcase classname="com.google.gson.functional.PrimitiveTest" name="testBigIntegerDeserialization" time="0"/>
  <testcase classname="com.google.gson.functional.PrimitiveTest" name="testBigIntegerInASingleElementArraySerialization" time="0"/>
  <testcase classname="com.google.gson.functional.PrimitiveTest" name="testBigIntegerInASingleElementArrayDeserialization" time="0.001"/>
  <testcase classname="com.google.gson.functional.PrimitiveTest" name="testSmallValueForBigIntegerSerialization" time="0"/>
  <testcase classname="com.google.gson.functional.PrimitiveTest" name="testSmallValueForBigIntegerDeserialization" time="0.001"/>
  <testcase classname="com.google.gson.functional.PrimitiveTest" name="testBadValueForBigIntegerDeserialization" time="0"/>
  <testcase classname="com.google.gson.functional.PrimitiveTest" name="testOverridingDefaultPrimitiveSerialization" time="0.001"/>
</testsuite>